This file contains any messages produced by compilers while
running configure, to aid debugging if configure makes a mistake.

It was created by WiredTiger configure 3.0.0, which was
generated by GNU Autoconf 2.69.  Invocation command line was

  $ ./configure 

## --------- ##
## Platform. ##
## --------- ##

hostname = localhost.localdomain
uname -m = x86_64
uname -r = 3.10.0-1160.el7.x86_64
uname -s = Linux
uname -v = #1 SMP Mon Oct 19 16:18:59 UTC 2020

/usr/bin/uname -p = x86_64
/bin/uname -X     = unknown

/bin/arch              = x86_64
/usr/bin/arch -k       = unknown
/usr/convex/getsysinfo = unknown
/usr/bin/hostinfo      = unknown
/bin/machine           = unknown
/usr/bin/oslevel       = unknown
/bin/universe          = unknown

PATH: /usr/local/gcc-8.2.0/bin
PATH: /usr/local/sbin
PATH: /usr/local/bin
PATH: /usr/sbin
PATH: /usr/bin
PATH: /root/bin


## ----------- ##
## Core tests. ##
## ----------- ##

configure:2788: checking for a BSD-compatible install
configure:2856: result: /usr/bin/install -c
configure:2867: checking whether build environment is sane
configure:2922: result: yes
configure:3073: checking for a thread-safe mkdir -p
configure:3112: result: /usr/bin/mkdir -p
configure:3119: checking for gawk
configure:3135: found /usr/bin/gawk
configure:3146: result: gawk
configure:3157: checking whether make sets $(MAKE)
configure:3179: result: yes
configure:3208: checking whether make supports nested variables
configure:3225: result: yes
configure:3320: checking whether make supports nested variables
configure:3337: result: yes
configure:3407: checking for cc
configure:3423: found /usr/bin/cc
configure:3434: result: cc
configure:3465: checking for C compiler version
configure:3474: cc --version >&5
cc (GCC) 8.2.0
Copyright (C) 2018 Free Software Foundation, Inc.
This is free software; see the source for copying conditions.  There is NO
warranty; not even for MERCHANTABILITY or FITNESS FOR A PARTICULAR PURPOSE.

configure:3485: $? = 0
configure:3474: cc -v >&5
Using built-in specs.
COLLECT_GCC=cc
COLLECT_LTO_WRAPPER=/usr/local/gcc-8.2.0/libexec/gcc/x86_64-pc-linux-gnu/8.2.0/lto-wrapper
Target: x86_64-pc-linux-gnu
Configured with: ../configure --prefix=/usr/local/gcc-8.2.0 --with-gmp=/usr/local/gmp-6.1.0 --with-mpfr=/usr/local/mpfr-3.1.4 --with-mpc=/usr/local/mpc-1.0.3 --with-isl-include=/usr/local/isl-0.18/ --enable-checking=release --enable-languages=c,c++ --disable-multilib
Thread model: posix
gcc version 8.2.0 (GCC) 
configure:3485: $? = 0
configure:3474: cc -V >&5
cc: error: unrecognized command line option '-V'
cc: fatal error: no input files
compilation terminated.
configure:3485: $? = 1
configure:3474: cc -qversion >&5
cc: error: unrecognized command line option '-qversion'; did you mean '--version'?
cc: fatal error: no input files
compilation terminated.
configure:3485: $? = 1
configure:3505: checking whether the C compiler works
configure:3527: cc -O3 -g   conftest.c  >&5
configure:3531: $? = 0
configure:3579: result: yes
configure:3582: checking for C compiler default output file name
configure:3584: result: a.out
configure:3590: checking for suffix of executables
configure:3597: cc -o conftest -O3 -g   conftest.c  >&5
configure:3601: $? = 0
configure:3623: result: 
configure:3645: checking whether we are cross compiling
configure:3653: cc -o conftest -O3 -g   conftest.c  >&5
configure:3657: $? = 0
configure:3664: ./conftest
configure:3668: $? = 0
configure:3683: result: no
configure:3688: checking for suffix of object files
configure:3710: cc -c -O3 -g  conftest.c >&5
configure:3714: $? = 0
configure:3735: result: o
configure:3739: checking whether we are using the GNU C compiler
configure:3758: cc -c -O3 -g  conftest.c >&5
configure:3758: $? = 0
configure:3767: result: yes
configure:3776: checking whether cc accepts -g
configure:3796: cc -c -g  conftest.c >&5
configure:3796: $? = 0
configure:3837: result: yes
configure:3854: checking for cc option to accept ISO C89
configure:3917: cc  -c -O3 -g  conftest.c >&5
configure:3917: $? = 0
configure:3930: result: none needed
configure:3961: checking for style of include used by make
configure:3989: result: GNU
configure:4015: checking dependency style of cc
configure:4126: result: gcc3
configure:4199: checking for c++
configure:4215: found /usr/local/gcc-8.2.0/bin/c++
configure:4226: result: c++
configure:4253: checking for C++ compiler version
configure:4262: c++ --version >&5
c++ (GCC) 8.2.0
Copyright (C) 2018 Free Software Foundation, Inc.
This is free software; see the source for copying conditions.  There is NO
warranty; not even for MERCHANTABILITY or FITNESS FOR A PARTICULAR PURPOSE.

configure:4273: $? = 0
configure:4262: c++ -v >&5
Using built-in specs.
COLLECT_GCC=c++
COLLECT_LTO_WRAPPER=/usr/local/gcc-8.2.0/libexec/gcc/x86_64-pc-linux-gnu/8.2.0/lto-wrapper
Target: x86_64-pc-linux-gnu
Configured with: ../configure --prefix=/usr/local/gcc-8.2.0 --with-gmp=/usr/local/gmp-6.1.0 --with-mpfr=/usr/local/mpfr-3.1.4 --with-mpc=/usr/local/mpc-1.0.3 --with-isl-include=/usr/local/isl-0.18/ --enable-checking=release --enable-languages=c,c++ --disable-multilib
Thread model: posix
gcc version 8.2.0 (GCC) 
configure:4273: $? = 0
configure:4262: c++ -V >&5
c++: error: unrecognized command line option '-V'
c++: fatal error: no input files
compilation terminated.
configure:4273: $? = 1
configure:4262: c++ -qversion >&5
c++: error: unrecognized command line option '-qversion'; did you mean '--version'?
c++: fatal error: no input files
compilation terminated.
configure:4273: $? = 1
configure:4277: checking whether we are using the GNU C++ compiler
configure:4296: c++ -c -O3 -g  conftest.cpp >&5
configure:4296: $? = 0
configure:4305: result: yes
configure:4314: checking whether c++ accepts -g
configure:4334: c++ -c -g  conftest.cpp >&5
configure:4334: $? = 0
configure:4375: result: yes
configure:4400: checking dependency style of c++
configure:4511: result: gcc3
configure:4535: checking dependency style of cc
configure:4644: result: gcc3
configure:4663: checking whether the C++ compiler works
configure:4685: c++ -o conftest -O3 -g   conftest.cpp  >&5
configure:4685: $? = 0
configure:4699: result: yes
configure:4740: checking build system type
configure:4754: result: x86_64-unknown-linux-gnu
configure:4774: checking host system type
configure:4787: result: x86_64-unknown-linux-gnu
configure:4828: checking how to print strings
configure:4855: result: printf
configure:4876: checking for a sed that does not truncate output
configure:4940: result: /usr/bin/sed
configure:4958: checking for grep that handles long lines and -e
configure:5016: result: /usr/bin/grep
configure:5021: checking for egrep
configure:5083: result: /usr/bin/grep -E
configure:5088: checking for fgrep
configure:5150: result: /usr/bin/grep -F
configure:5185: checking for ld used by cc
configure:5252: result: /usr/bin/ld
configure:5259: checking if the linker (/usr/bin/ld) is GNU ld
configure:5274: result: yes
configure:5286: checking for BSD- or MS-compatible name lister (nm)
configure:5335: result: /usr/bin/nm -B
configure:5465: checking the name lister (/usr/bin/nm -B) interface
configure:5472: cc -c -O3 -g  conftest.c >&5
configure:5475: /usr/bin/nm -B "conftest.o"
configure:5478: output
0000000000000000 B some_variable
configure:5485: result: BSD nm
configure:5488: checking whether ln -s works
configure:5492: result: yes
configure:5500: checking the maximum length of command line arguments
configure:5630: result: 1572864
configure:5647: checking whether the shell understands some XSI constructs
configure:5657: result: yes
configure:5661: checking whether the shell understands "+="
configure:5667: result: yes
configure:5702: checking how to convert x86_64-unknown-linux-gnu file names to x86_64-unknown-linux-gnu format
configure:5742: result: func_convert_file_noop
configure:5749: checking how to convert x86_64-unknown-linux-gnu file names to toolchain format
configure:5769: result: func_convert_file_noop
configure:5776: checking for /usr/bin/ld option to reload object files
configure:5783: result: -r
configure:5857: checking for objdump
configure:5873: found /usr/bin/objdump
configure:5884: result: objdump
configure:5916: checking how to recognize dependent libraries
configure:6118: result: pass_all
configure:6203: checking for dlltool
configure:6233: result: no
configure:6263: checking how to associate runtime and link libraries
configure:6290: result: printf %s\n
configure:6351: checking for ar
configure:6367: found /usr/bin/ar
configure:6378: result: ar
configure:6415: checking for archiver @FILE support
configure:6432: cc -c -O3 -g  conftest.c >&5
configure:6432: $? = 0
configure:6435: ar cru libconftest.a @conftest.lst >&5
configure:6438: $? = 0
configure:6443: ar cru libconftest.a @conftest.lst >&5
ar: conftest.o: No such file or directory
configure:6446: $? = 1
configure:6458: result: @
configure:6516: checking for strip
configure:6532: found /usr/bin/strip
configure:6543: result: strip
configure:6615: checking for ranlib
configure:6631: found /usr/bin/ranlib
configure:6642: result: ranlib
configure:6744: checking command to parse /usr/bin/nm -B output from cc object
configure:6864: cc -c -O3 -g  conftest.c >&5
configure:6867: $? = 0
configure:6871: /usr/bin/nm -B conftest.o \| sed -n -e 's/^.*[ ]\([ABCDGIRSTW][ABCDGIRSTW]*\)[ ][ ]*\([_A-Za-z][_A-Za-z0-9]*\)$/\1 \2 \2/p' | sed '/ __gnu_lto/d' \> conftest.nm
configure:6874: $? = 0
configure:6940: cc -o conftest -O3 -g   conftest.c conftstm.o >&5
configure:6943: $? = 0
configure:6981: result: ok
configure:7018: checking for sysroot
configure:7048: result: no
configure:7125: cc -c -O3 -g  conftest.c >&5
configure:7128: $? = 0
configure:7304: checking for mt
configure:7334: result: no
configure:7354: checking if : is a manifest tool
configure:7360: : '-?'
configure:7368: result: no
configure:8010: checking how to run the C preprocessor
configure:8041: cc -E  conftest.c
configure:8041: $? = 0
configure:8055: cc -E  conftest.c
conftest.c:11:10: fatal error: ac_nonexistent.h: No such file or directory
 #include <ac_nonexistent.h>
          ^~~~~~~~~~~~~~~~~~
compilation terminated.
configure:8055: $? = 1
configure: failed program was:
| /* confdefs.h */
| #define PACKAGE_NAME "WiredTiger"
| #define PACKAGE_TARNAME "wiredtiger"
| #define PACKAGE_VERSION "3.0.0"
| #define PACKAGE_STRING "WiredTiger 3.0.0"
| #define PACKAGE_BUGREPORT "support@wiredtiger.com"
| #define PACKAGE_URL ""
| #define PACKAGE "wiredtiger"
| #define VERSION "3.0.0"
| /* end confdefs.h.  */
| #include <ac_nonexistent.h>
configure:8080: result: cc -E
configure:8100: cc -E  conftest.c
configure:8100: $? = 0
configure:8114: cc -E  conftest.c
conftest.c:11:10: fatal error: ac_nonexistent.h: No such file or directory
 #include <ac_nonexistent.h>
          ^~~~~~~~~~~~~~~~~~
compilation terminated.
configure:8114: $? = 1
configure: failed program was:
| /* confdefs.h */
| #define PACKAGE_NAME "WiredTiger"
| #define PACKAGE_TARNAME "wiredtiger"
| #define PACKAGE_VERSION "3.0.0"
| #define PACKAGE_STRING "WiredTiger 3.0.0"
| #define PACKAGE_BUGREPORT "support@wiredtiger.com"
| #define PACKAGE_URL ""
| #define PACKAGE "wiredtiger"
| #define VERSION "3.0.0"
| /* end confdefs.h.  */
| #include <ac_nonexistent.h>
configure:8143: checking for ANSI C header files
configure:8163: cc -c -O3 -g  conftest.c >&5
configure:8163: $? = 0
configure:8236: cc -o conftest -O3 -g   conftest.c  >&5
configure:8236: $? = 0
configure:8236: ./conftest
configure:8236: $? = 0
configure:8247: result: yes
configure:8260: checking for sys/types.h
configure:8260: cc -c -O3 -g  conftest.c >&5
configure:8260: $? = 0
configure:8260: result: yes
configure:8260: checking for sys/stat.h
configure:8260: cc -c -O3 -g  conftest.c >&5
configure:8260: $? = 0
configure:8260: result: yes
configure:8260: checking for stdlib.h
configure:8260: cc -c -O3 -g  conftest.c >&5
configure:8260: $? = 0
configure:8260: result: yes
configure:8260: checking for string.h
configure:8260: cc -c -O3 -g  conftest.c >&5
configure:8260: $? = 0
configure:8260: result: yes
configure:8260: checking for memory.h
configure:8260: cc -c -O3 -g  conftest.c >&5
configure:8260: $? = 0
configure:8260: result: yes
configure:8260: checking for strings.h
configure:8260: cc -c -O3 -g  conftest.c >&5
configure:8260: $? = 0
configure:8260: result: yes
configure:8260: checking for inttypes.h
configure:8260: cc -c -O3 -g  conftest.c >&5
configure:8260: $? = 0
configure:8260: result: yes
configure:8260: checking for stdint.h
configure:8260: cc -c -O3 -g  conftest.c >&5
configure:8260: $? = 0
configure:8260: result: yes
configure:8260: checking for unistd.h
configure:8260: cc -c -O3 -g  conftest.c >&5
configure:8260: $? = 0
configure:8260: result: yes
configure:8274: checking for dlfcn.h
configure:8274: cc -c -O3 -g  conftest.c >&5
configure:8274: $? = 0
configure:8274: result: yes
configure:8489: checking for objdir
configure:8504: result: .libs
configure:8775: checking if cc supports -fno-rtti -fno-exceptions
configure:8793: cc -c -O3 -g  -fno-rtti -fno-exceptions conftest.c >&5
cc1: warning: command line option '-fno-rtti' is valid for C++/ObjC++ but not for C
configure:8797: $? = 0
configure:8810: result: no
configure:9137: checking for cc option to produce PIC
configure:9144: result: -fPIC -DPIC
configure:9152: checking if cc PIC flag -fPIC -DPIC works
configure:9170: cc -c -O3 -g  -fPIC -DPIC -DPIC conftest.c >&5
configure:9174: $? = 0
configure:9187: result: yes
configure:9216: checking if cc static flag -static works
configure:9244: result: yes
configure:9259: checking if cc supports -c -o file.o
configure:9280: cc -c -O3 -g  -o out/conftest2.o conftest.c >&5
configure:9284: $? = 0
configure:9306: result: yes
configure:9314: checking if cc supports -c -o file.o
configure:9361: result: yes
configure:9394: checking whether the cc linker (/usr/bin/ld -m elf_x86_64) supports shared libraries
configure:10547: result: yes
configure:10584: checking whether -lc should be explicitly linked in
configure:10592: cc -c -O3 -g  conftest.c >&5
configure:10595: $? = 0
configure:10610: cc -shared  -fPIC -DPIC conftest.o  -v -Wl,-soname -Wl,conftest -o conftest 2\>\&1 \| /usr/bin/grep  -lc  \>/dev/null 2\>\&1
configure:10613: $? = 0
configure:10627: result: no
configure:10787: checking dynamic linker characteristics
configure:11298: cc -o conftest -O3 -g   -Wl,-rpath -Wl,/foo conftest.c  >&5
configure:11298: $? = 0
configure:11524: result: GNU/Linux ld.so
configure:11631: checking how to hardcode library paths into programs
configure:11656: result: immediate
configure:12196: checking whether stripping libraries is possible
configure:12201: result: yes
configure:12236: checking if libtool supports shared libraries
configure:12238: result: yes
configure:12241: checking whether to build shared libraries
configure:12262: result: yes
configure:12265: checking whether to build static libraries
configure:12269: result: yes
configure:12292: checking how to run the C++ preprocessor
configure:12319: c++ -E  conftest.cpp
configure:12319: $? = 0
configure:12333: c++ -E  conftest.cpp
conftest.cpp:23:10: fatal error: ac_nonexistent.h: No such file or directory
 #include <ac_nonexistent.h>
          ^~~~~~~~~~~~~~~~~~
compilation terminated.
configure:12333: $? = 1
configure: failed program was:
| /* confdefs.h */
| #define PACKAGE_NAME "WiredTiger"
| #define PACKAGE_TARNAME "wiredtiger"
| #define PACKAGE_VERSION "3.0.0"
| #define PACKAGE_STRING "WiredTiger 3.0.0"
| #define PACKAGE_BUGREPORT "support@wiredtiger.com"
| #define PACKAGE_URL ""
| #define PACKAGE "wiredtiger"
| #define VERSION "3.0.0"
| #define STDC_HEADERS 1
| #define HAVE_SYS_TYPES_H 1
| #define HAVE_SYS_STAT_H 1
| #define HAVE_STDLIB_H 1
| #define HAVE_STRING_H 1
| #define HAVE_MEMORY_H 1
| #define HAVE_STRINGS_H 1
| #define HAVE_INTTYPES_H 1
| #define HAVE_STDINT_H 1
| #define HAVE_UNISTD_H 1
| #define HAVE_DLFCN_H 1
| #define LT_OBJDIR ".libs/"
| /* end confdefs.h.  */
| #include <ac_nonexistent.h>
configure:12358: result: c++ -E
configure:12378: c++ -E  conftest.cpp
configure:12378: $? = 0
configure:12392: c++ -E  conftest.cpp
conftest.cpp:23:10: fatal error: ac_nonexistent.h: No such file or directory
 #include <ac_nonexistent.h>
          ^~~~~~~~~~~~~~~~~~
compilation terminated.
configure:12392: $? = 1
configure: failed program was:
| /* confdefs.h */
| #define PACKAGE_NAME "WiredTiger"
| #define PACKAGE_TARNAME "wiredtiger"
| #define PACKAGE_VERSION "3.0.0"
| #define PACKAGE_STRING "WiredTiger 3.0.0"
| #define PACKAGE_BUGREPORT "support@wiredtiger.com"
| #define PACKAGE_URL ""
| #define PACKAGE "wiredtiger"
| #define VERSION "3.0.0"
| #define STDC_HEADERS 1
| #define HAVE_SYS_TYPES_H 1
| #define HAVE_SYS_STAT_H 1
| #define HAVE_STDLIB_H 1
| #define HAVE_STRING_H 1
| #define HAVE_MEMORY_H 1
| #define HAVE_STRINGS_H 1
| #define HAVE_INTTYPES_H 1
| #define HAVE_STDINT_H 1
| #define HAVE_UNISTD_H 1
| #define HAVE_DLFCN_H 1
| #define LT_OBJDIR ".libs/"
| /* end confdefs.h.  */
| #include <ac_nonexistent.h>
configure:12561: checking for ld used by c++
configure:12628: result: /usr/bin/ld -m elf_x86_64
configure:12635: checking if the linker (/usr/bin/ld -m elf_x86_64) is GNU ld
configure:12650: result: yes
configure:12705: checking whether the c++ linker (/usr/bin/ld -m elf_x86_64) supports shared libraries
configure:13710: result: yes
configure:13746: c++ -c -O3 -g  conftest.cpp >&5
configure:13749: $? = 0
configure:14269: checking for c++ option to produce PIC
configure:14276: result: -fPIC -DPIC
configure:14284: checking if c++ PIC flag -fPIC -DPIC works
configure:14302: c++ -c -O3 -g  -fPIC -DPIC -DPIC conftest.cpp >&5
configure:14306: $? = 0
configure:14319: result: yes
configure:14342: checking if c++ static flag -static works
configure:14370: result: yes
configure:14382: checking if c++ supports -c -o file.o
configure:14403: c++ -c -O3 -g  -o out/conftest2.o conftest.cpp >&5
configure:14407: $? = 0
configure:14429: result: yes
configure:14434: checking if c++ supports -c -o file.o
configure:14481: result: yes
configure:14511: checking whether the c++ linker (/usr/bin/ld -m elf_x86_64) supports shared libraries
configure:14547: result: yes
configure:14688: checking dynamic linker characteristics
configure:15359: result: GNU/Linux ld.so
configure:15412: checking how to hardcode library paths into programs
configure:15437: result: immediate
configure:15600: checking whether C compiler accepts -std=c11
configure:15619: cc -c -O3 -g  -std=c11  conftest.c >&5
configure:15619: $? = 0
configure:15627: result: yes
configure:15667: checking if --enable-attach option specified
configure:15682: result: no
configure:15689: checking if --with-builtins option specified
configure:15751: result: 
configure:15755: checking if --enable-crc32-hardware option specified
configure:15770: result: yes
configure:15774: checking if --enable-diagnostic option specified
configure:15789: result: no
configure:15792: checking if --enable-java option specified
configure:15808: result: no
configure:15819: checking if --enable-leveldb option specified
configure:15856: result: no
configure:15891: checking if --enable-python option specified
configure:15907: result: no
configure:15918: checking if --with-python-prefix option specified
configure:15926: result: 
configure:15929: checking if --enable-snappy option specified
configure:15950: result: no
configure:16018: checking if --enable-lz4 option specified
configure:16039: result: no
configure:16107: checking if --enable-tcmalloc option specified
configure:16120: result: no
configure:16189: checking if --with-spinlock option specified
configure:16210: result: pthread
configure:16213: checking if --enable-strict option specified
configure:16226: result: no
configure:16229: checking if --with-timestamp-size option specified
configure:16239: result: 8
configure:16248: checking if --enable-verbose option specified
configure:16263: result: no
configure:16266: checking if --enable-zlib option specified
configure:16287: result: no
configure:16355: checking if --enable-zstd option specified
configure:16376: result: no
configure:17795: checking for FILE *
configure:17795: cc -c -O3 -g  conftest.c >&5
configure:17795: $? = 0
configure:17795: cc -c -O3 -g  conftest.c >&5
conftest.c: In function 'main':
conftest.c:37:21: error: expected expression before ')' token
 if (sizeof ((FILE *)))
                     ^
configure:17795: $? = 1
configure: failed program was:
| /* confdefs.h */
| #define PACKAGE_NAME "WiredTiger"
| #define PACKAGE_TARNAME "wiredtiger"
| #define PACKAGE_VERSION "3.0.0"
| #define PACKAGE_STRING "WiredTiger 3.0.0"
| #define PACKAGE_BUGREPORT "support@wiredtiger.com"
| #define PACKAGE_URL ""
| #define PACKAGE "wiredtiger"
| #define VERSION "3.0.0"
| #define STDC_HEADERS 1
| #define HAVE_SYS_TYPES_H 1
| #define HAVE_SYS_STAT_H 1
| #define HAVE_STDLIB_H 1
| #define HAVE_STRING_H 1
| #define HAVE_MEMORY_H 1
| #define HAVE_STRINGS_H 1
| #define HAVE_INTTYPES_H 1
| #define HAVE_STDINT_H 1
| #define HAVE_UNISTD_H 1
| #define HAVE_DLFCN_H 1
| #define LT_OBJDIR ".libs/"
| #define HAVE_CRC32_HARDWARE 1
| #define SPINLOCK_TYPE SPINLOCK_PTHREAD_MUTEX
| #define WT_TIMESTAMP_SIZE 8
| /* end confdefs.h.  */
| 
| #include <sys/types.h>
| #include <inttypes.h>
| #include <stdarg.h>
| #include <stdbool.h>
| #include <stdint.h>
| #include <stdio.h>
| 
| int
| main ()
| {
| if (sizeof ((FILE *)))
| 	    return 0;
|   ;
|   return 0;
| }
configure:17795: result: yes
configure:17804: checking for pid_t
configure:17804: cc -c -O3 -g  conftest.c >&5
configure:17804: $? = 0
configure:17804: cc -c -O3 -g  conftest.c >&5
conftest.c: In function 'main':
conftest.c:37:20: error: expected expression before ')' token
 if (sizeof ((pid_t)))
                    ^
configure:17804: $? = 1
configure: failed program was:
| /* confdefs.h */
| #define PACKAGE_NAME "WiredTiger"
| #define PACKAGE_TARNAME "wiredtiger"
| #define PACKAGE_VERSION "3.0.0"
| #define PACKAGE_STRING "WiredTiger 3.0.0"
| #define PACKAGE_BUGREPORT "support@wiredtiger.com"
| #define PACKAGE_URL ""
| #define PACKAGE "wiredtiger"
| #define VERSION "3.0.0"
| #define STDC_HEADERS 1
| #define HAVE_SYS_TYPES_H 1
| #define HAVE_SYS_STAT_H 1
| #define HAVE_STDLIB_H 1
| #define HAVE_STRING_H 1
| #define HAVE_MEMORY_H 1
| #define HAVE_STRINGS_H 1
| #define HAVE_INTTYPES_H 1
| #define HAVE_STDINT_H 1
| #define HAVE_UNISTD_H 1
| #define HAVE_DLFCN_H 1
| #define LT_OBJDIR ".libs/"
| #define HAVE_CRC32_HARDWARE 1
| #define SPINLOCK_TYPE SPINLOCK_PTHREAD_MUTEX
| #define WT_TIMESTAMP_SIZE 8
| /* end confdefs.h.  */
| 
| #include <sys/types.h>
| #include <inttypes.h>
| #include <stdarg.h>
| #include <stdbool.h>
| #include <stdint.h>
| #include <stdio.h>
| 
| int
| main ()
| {
| if (sizeof ((pid_t)))
| 	    return 0;
|   ;
|   return 0;
| }
configure:17804: result: yes
configure:17813: checking for size_t
configure:17813: cc -c -O3 -g  conftest.c >&5
configure:17813: $? = 0
configure:17813: cc -c -O3 -g  conftest.c >&5
conftest.c: In function 'main':
conftest.c:37:21: error: expected expression before ')' token
 if (sizeof ((size_t)))
                     ^
configure:17813: $? = 1
configure: failed program was:
| /* confdefs.h */
| #define PACKAGE_NAME "WiredTiger"
| #define PACKAGE_TARNAME "wiredtiger"
| #define PACKAGE_VERSION "3.0.0"
| #define PACKAGE_STRING "WiredTiger 3.0.0"
| #define PACKAGE_BUGREPORT "support@wiredtiger.com"
| #define PACKAGE_URL ""
| #define PACKAGE "wiredtiger"
| #define VERSION "3.0.0"
| #define STDC_HEADERS 1
| #define HAVE_SYS_TYPES_H 1
| #define HAVE_SYS_STAT_H 1
| #define HAVE_STDLIB_H 1
| #define HAVE_STRING_H 1
| #define HAVE_MEMORY_H 1
| #define HAVE_STRINGS_H 1
| #define HAVE_INTTYPES_H 1
| #define HAVE_STDINT_H 1
| #define HAVE_UNISTD_H 1
| #define HAVE_DLFCN_H 1
| #define LT_OBJDIR ".libs/"
| #define HAVE_CRC32_HARDWARE 1
| #define SPINLOCK_TYPE SPINLOCK_PTHREAD_MUTEX
| #define WT_TIMESTAMP_SIZE 8
| /* end confdefs.h.  */
| 
| #include <sys/types.h>
| #include <inttypes.h>
| #include <stdarg.h>
| #include <stdbool.h>
| #include <stdint.h>
| #include <stdio.h>
| 
| int
| main ()
| {
| if (sizeof ((size_t)))
| 	    return 0;
|   ;
|   return 0;
| }
configure:17813: result: yes
configure:17822: checking for ssize_t
configure:17822: cc -c -O3 -g  conftest.c >&5
configure:17822: $? = 0
configure:17822: cc -c -O3 -g  conftest.c >&5
conftest.c: In function 'main':
conftest.c:37:22: error: expected expression before ')' token
 if (sizeof ((ssize_t)))
                      ^
configure:17822: $? = 1
configure: failed program was:
| /* confdefs.h */
| #define PACKAGE_NAME "WiredTiger"
| #define PACKAGE_TARNAME "wiredtiger"
| #define PACKAGE_VERSION "3.0.0"
| #define PACKAGE_STRING "WiredTiger 3.0.0"
| #define PACKAGE_BUGREPORT "support@wiredtiger.com"
| #define PACKAGE_URL ""
| #define PACKAGE "wiredtiger"
| #define VERSION "3.0.0"
| #define STDC_HEADERS 1
| #define HAVE_SYS_TYPES_H 1
| #define HAVE_SYS_STAT_H 1
| #define HAVE_STDLIB_H 1
| #define HAVE_STRING_H 1
| #define HAVE_MEMORY_H 1
| #define HAVE_STRINGS_H 1
| #define HAVE_INTTYPES_H 1
| #define HAVE_STDINT_H 1
| #define HAVE_UNISTD_H 1
| #define HAVE_DLFCN_H 1
| #define LT_OBJDIR ".libs/"
| #define HAVE_CRC32_HARDWARE 1
| #define SPINLOCK_TYPE SPINLOCK_PTHREAD_MUTEX
| #define WT_TIMESTAMP_SIZE 8
| /* end confdefs.h.  */
| 
| #include <sys/types.h>
| #include <inttypes.h>
| #include <stdarg.h>
| #include <stdbool.h>
| #include <stdint.h>
| #include <stdio.h>
| 
| int
| main ()
| {
| if (sizeof ((ssize_t)))
| 	    return 0;
|   ;
|   return 0;
| }
configure:17822: result: yes
configure:17831: checking for time_t
configure:17831: cc -c -O3 -g  conftest.c >&5
configure:17831: $? = 0
configure:17831: cc -c -O3 -g  conftest.c >&5
conftest.c: In function 'main':
conftest.c:37:21: error: expected expression before ')' token
 if (sizeof ((time_t)))
                     ^
configure:17831: $? = 1
configure: failed program was:
| /* confdefs.h */
| #define PACKAGE_NAME "WiredTiger"
| #define PACKAGE_TARNAME "wiredtiger"
| #define PACKAGE_VERSION "3.0.0"
| #define PACKAGE_STRING "WiredTiger 3.0.0"
| #define PACKAGE_BUGREPORT "support@wiredtiger.com"
| #define PACKAGE_URL ""
| #define PACKAGE "wiredtiger"
| #define VERSION "3.0.0"
| #define STDC_HEADERS 1
| #define HAVE_SYS_TYPES_H 1
| #define HAVE_SYS_STAT_H 1
| #define HAVE_STDLIB_H 1
| #define HAVE_STRING_H 1
| #define HAVE_MEMORY_H 1
| #define HAVE_STRINGS_H 1
| #define HAVE_INTTYPES_H 1
| #define HAVE_STDINT_H 1
| #define HAVE_UNISTD_H 1
| #define HAVE_DLFCN_H 1
| #define LT_OBJDIR ".libs/"
| #define HAVE_CRC32_HARDWARE 1
| #define SPINLOCK_TYPE SPINLOCK_PTHREAD_MUTEX
| #define WT_TIMESTAMP_SIZE 8
| /* end confdefs.h.  */
| 
| #include <sys/types.h>
| #include <inttypes.h>
| #include <stdarg.h>
| #include <stdbool.h>
| #include <stdint.h>
| #include <stdio.h>
| 
| int
| main ()
| {
| if (sizeof ((time_t)))
| 	    return 0;
|   ;
|   return 0;
| }
configure:17831: result: yes
configure:17843: checking for off_t
configure:17843: cc -c -O3 -g  conftest.c >&5
configure:17843: $? = 0
configure:17843: cc -c -O3 -g  conftest.c >&5
conftest.c: In function 'main':
conftest.c:37:20: error: expected expression before ')' token
 if (sizeof ((off_t)))
                    ^
configure:17843: $? = 1
configure: failed program was:
| /* confdefs.h */
| #define PACKAGE_NAME "WiredTiger"
| #define PACKAGE_TARNAME "wiredtiger"
| #define PACKAGE_VERSION "3.0.0"
| #define PACKAGE_STRING "WiredTiger 3.0.0"
| #define PACKAGE_BUGREPORT "support@wiredtiger.com"
| #define PACKAGE_URL ""
| #define PACKAGE "wiredtiger"
| #define VERSION "3.0.0"
| #define STDC_HEADERS 1
| #define HAVE_SYS_TYPES_H 1
| #define HAVE_SYS_STAT_H 1
| #define HAVE_STDLIB_H 1
| #define HAVE_STRING_H 1
| #define HAVE_MEMORY_H 1
| #define HAVE_STRINGS_H 1
| #define HAVE_INTTYPES_H 1
| #define HAVE_STDINT_H 1
| #define HAVE_UNISTD_H 1
| #define HAVE_DLFCN_H 1
| #define LT_OBJDIR ".libs/"
| #define HAVE_CRC32_HARDWARE 1
| #define SPINLOCK_TYPE SPINLOCK_PTHREAD_MUTEX
| #define WT_TIMESTAMP_SIZE 8
| /* end confdefs.h.  */
| 
| #include <sys/types.h>
| #include <inttypes.h>
| #include <stdarg.h>
| #include <stdbool.h>
| #include <stdint.h>
| #include <stdio.h>
| 
| int
| main ()
| {
| if (sizeof ((off_t)))
| 	    return 0;
|   ;
|   return 0;
| }
configure:17843: result: yes
configure:17855: checking for uintmax_t
configure:17855: cc -c -O3 -g  conftest.c >&5
configure:17855: $? = 0
configure:17855: cc -c -O3 -g  conftest.c >&5
conftest.c: In function 'main':
conftest.c:62:24: error: expected expression before ')' token
 if (sizeof ((uintmax_t)))
                        ^
configure:17855: $? = 1
configure: failed program was:
| /* confdefs.h */
| #define PACKAGE_NAME "WiredTiger"
| #define PACKAGE_TARNAME "wiredtiger"
| #define PACKAGE_VERSION "3.0.0"
| #define PACKAGE_STRING "WiredTiger 3.0.0"
| #define PACKAGE_BUGREPORT "support@wiredtiger.com"
| #define PACKAGE_URL ""
| #define PACKAGE "wiredtiger"
| #define VERSION "3.0.0"
| #define STDC_HEADERS 1
| #define HAVE_SYS_TYPES_H 1
| #define HAVE_SYS_STAT_H 1
| #define HAVE_STDLIB_H 1
| #define HAVE_STRING_H 1
| #define HAVE_MEMORY_H 1
| #define HAVE_STRINGS_H 1
| #define HAVE_INTTYPES_H 1
| #define HAVE_STDINT_H 1
| #define HAVE_UNISTD_H 1
| #define HAVE_DLFCN_H 1
| #define LT_OBJDIR ".libs/"
| #define HAVE_CRC32_HARDWARE 1
| #define SPINLOCK_TYPE SPINLOCK_PTHREAD_MUTEX
| #define WT_TIMESTAMP_SIZE 8
| /* end confdefs.h.  */
| #include <stdio.h>
| #ifdef HAVE_SYS_TYPES_H
| # include <sys/types.h>
| #endif
| #ifdef HAVE_SYS_STAT_H
| # include <sys/stat.h>
| #endif
| #ifdef STDC_HEADERS
| # include <stdlib.h>
| # include <stddef.h>
| #else
| # ifdef HAVE_STDLIB_H
| #  include <stdlib.h>
| # endif
| #endif
| #ifdef HAVE_STRING_H
| # if !defined STDC_HEADERS && defined HAVE_MEMORY_H
| #  include <memory.h>
| # endif
| # include <string.h>
| #endif
| #ifdef HAVE_STRINGS_H
| # include <strings.h>
| #endif
| #ifdef HAVE_INTTYPES_H
| # include <inttypes.h>
| #endif
| #ifdef HAVE_STDINT_H
| # include <stdint.h>
| #endif
| #ifdef HAVE_UNISTD_H
| # include <unistd.h>
| #endif
| int
| main ()
| {
| if (sizeof ((uintmax_t)))
| 	    return 0;
|   ;
|   return 0;
| }
configure:17855: result: yes
configure:17871: checking for uintptr_t
configure:17871: cc -c -O3 -g  conftest.c >&5
configure:17871: $? = 0
configure:17871: cc -c -O3 -g  conftest.c >&5
conftest.c: In function 'main':
conftest.c:37:24: error: expected expression before ')' token
 if (sizeof ((uintptr_t)))
                        ^
configure:17871: $? = 1
configure: failed program was:
| /* confdefs.h */
| #define PACKAGE_NAME "WiredTiger"
| #define PACKAGE_TARNAME "wiredtiger"
| #define PACKAGE_VERSION "3.0.0"
| #define PACKAGE_STRING "WiredTiger 3.0.0"
| #define PACKAGE_BUGREPORT "support@wiredtiger.com"
| #define PACKAGE_URL ""
| #define PACKAGE "wiredtiger"
| #define VERSION "3.0.0"
| #define STDC_HEADERS 1
| #define HAVE_SYS_TYPES_H 1
| #define HAVE_SYS_STAT_H 1
| #define HAVE_STDLIB_H 1
| #define HAVE_STRING_H 1
| #define HAVE_MEMORY_H 1
| #define HAVE_STRINGS_H 1
| #define HAVE_INTTYPES_H 1
| #define HAVE_STDINT_H 1
| #define HAVE_UNISTD_H 1
| #define HAVE_DLFCN_H 1
| #define LT_OBJDIR ".libs/"
| #define HAVE_CRC32_HARDWARE 1
| #define SPINLOCK_TYPE SPINLOCK_PTHREAD_MUTEX
| #define WT_TIMESTAMP_SIZE 8
| /* end confdefs.h.  */
| 
| #include <sys/types.h>
| #include <inttypes.h>
| #include <stdarg.h>
| #include <stdbool.h>
| #include <stdint.h>
| #include <stdio.h>
| 
| int
| main ()
| {
| if (sizeof ((uintptr_t)))
| 	    return 0;
|   ;
|   return 0;
| }
configure:17871: result: yes
configure:17885: checking x86intrin.h usability
configure:17885: cc -c -O3 -g  conftest.c >&5
configure:17885: $? = 0
configure:17885: result: yes
configure:17885: checking x86intrin.h presence
configure:17885: cc -E  conftest.c
configure:17885: $? = 0
configure:17885: result: yes
configure:17885: checking for x86intrin.h
configure:17885: result: yes
configure:17895: checking for pthread_create in -lpthread
configure:17920: cc -o conftest -O3 -g   conftest.c -lpthread   >&5
configure:17920: $? = 0
configure:17929: result: yes
configure:17940: checking for dlopen in -ldl
configure:17965: cc -o conftest -O3 -g   conftest.c -ldl  -lpthread  >&5
configure:17965: $? = 0
configure:17974: result: yes
configure:17985: checking for sched_yield in -lrt
configure:18010: cc -o conftest -O3 -g   conftest.c -lrt  -ldl -lpthread  >&5
configure:18010: $? = 0
configure:18019: result: yes
configure:18036: checking for clock_gettime
configure:18036: cc -o conftest -O3 -g   conftest.c -lrt -ldl -lpthread  >&5
configure:18036: $? = 0
configure:18036: result: yes
configure:18036: checking for fallocate
configure:18036: cc -o conftest -O3 -g   conftest.c -lrt -ldl -lpthread  >&5
configure:18036: $? = 0
configure:18036: result: yes
configure:18036: checking for ftruncate
configure:18036: cc -o conftest -O3 -g   conftest.c -lrt -ldl -lpthread  >&5
configure:18036: $? = 0
configure:18036: result: yes
configure:18036: checking for gettimeofday
configure:18036: cc -o conftest -O3 -g   conftest.c -lrt -ldl -lpthread  >&5
configure:18036: $? = 0
configure:18036: result: yes
configure:18036: checking for posix_fadvise
configure:18036: cc -o conftest -O3 -g   conftest.c -lrt -ldl -lpthread  >&5
configure:18036: $? = 0
configure:18036: result: yes
configure:18036: checking for posix_fallocate
configure:18036: cc -o conftest -O3 -g   conftest.c -lrt -ldl -lpthread  >&5
configure:18036: $? = 0
configure:18036: result: yes
configure:18036: checking for posix_madvise
configure:18036: cc -o conftest -O3 -g   conftest.c -lrt -ldl -lpthread  >&5
configure:18036: $? = 0
configure:18036: result: yes
configure:18036: checking for strtouq
configure:18036: cc -o conftest -O3 -g   conftest.c -lrt -ldl -lpthread  >&5
configure:18036: $? = 0
configure:18036: result: yes
configure:18036: checking for sync_file_range
configure:18036: cc -o conftest -O3 -g   conftest.c -lrt -ldl -lpthread  >&5
configure:18036: $? = 0
configure:18036: result: yes
configure:18053: checking for fdatasync
configure:18053: cc -o conftest -O3 -g   conftest.c -lrt -ldl -lpthread  >&5
configure:18053: $? = 0
configure:18053: result: yes
configure:18066: checking for working posix_memalign
configure:18090: cc -o conftest -O3 -g   conftest.c -lrt -ldl -lpthread  >&5
configure:18090: $? = 0
configure:18090: ./conftest
configure:18090: $? = 0
configure:18100: result: yes
configure:18110: checking for condition waits with monotonic clock support
configure:18147: cc -o conftest -O3 -g   conftest.c -lrt -ldl -lpthread  >&5
configure:18147: $? = 0
configure:18147: ./conftest
configure:18147: $? = 0
configure:18157: result: 
configure:18159: result: yes
configure:18174: checking for special C compiler options needed for large files
configure:18219: result: no
configure:18225: checking for _FILE_OFFSET_BITS value needed for large files
configure:18250: cc -c -O3 -g  conftest.c >&5
configure:18250: $? = 0
configure:18282: result: no
configure:18368: checking whether byte ordering is bigendian
configure:18383: cc -c -O3 -g  conftest.c >&5
conftest.c:43:9: error: unknown type name 'not'
         not a universal capable compiler
         ^~~
conftest.c:43:15: error: expected '=', ',', ';', 'asm' or '__attribute__' before 'universal'
         not a universal capable compiler
               ^~~~~~~~~
conftest.c:43:15: error: unknown type name 'universal'
configure:18383: $? = 1
configure: failed program was:
| /* confdefs.h */
| #define PACKAGE_NAME "WiredTiger"
| #define PACKAGE_TARNAME "wiredtiger"
| #define PACKAGE_VERSION "3.0.0"
| #define PACKAGE_STRING "WiredTiger 3.0.0"
| #define PACKAGE_BUGREPORT "support@wiredtiger.com"
| #define PACKAGE_URL ""
| #define PACKAGE "wiredtiger"
| #define VERSION "3.0.0"
| #define STDC_HEADERS 1
| #define HAVE_SYS_TYPES_H 1
| #define HAVE_SYS_STAT_H 1
| #define HAVE_STDLIB_H 1
| #define HAVE_STRING_H 1
| #define HAVE_MEMORY_H 1
| #define HAVE_STRINGS_H 1
| #define HAVE_INTTYPES_H 1
| #define HAVE_STDINT_H 1
| #define HAVE_UNISTD_H 1
| #define HAVE_DLFCN_H 1
| #define LT_OBJDIR ".libs/"
| #define HAVE_CRC32_HARDWARE 1
| #define SPINLOCK_TYPE SPINLOCK_PTHREAD_MUTEX
| #define WT_TIMESTAMP_SIZE 8
| #define HAVE_X86INTRIN_H 1
| #define HAVE_LIBPTHREAD 1
| #define HAVE_LIBDL 1
| #define HAVE_LIBRT 1
| #define HAVE_CLOCK_GETTIME 1
| #define HAVE_FALLOCATE 1
| #define HAVE_FTRUNCATE 1
| #define HAVE_GETTIMEOFDAY 1
| #define HAVE_POSIX_FADVISE 1
| #define HAVE_POSIX_FALLOCATE 1
| #define HAVE_POSIX_MADVISE 1
| #define HAVE_STRTOUQ 1
| #define HAVE_SYNC_FILE_RANGE 1
| #define HAVE_FDATASYNC 1
| #define HAVE_POSIX_MEMALIGN 1
| #define HAVE_PTHREAD_COND_MONOTONIC 1
| /* end confdefs.h.  */
| #ifndef __APPLE_CC__
| 	       not a universal capable compiler
| 	     #endif
| 	     typedef int dummy;
| 
configure:18428: cc -c -O3 -g  conftest.c >&5
configure:18428: $? = 0
configure:18446: cc -c -O3 -g  conftest.c >&5
conftest.c: In function 'main':
conftest.c:49:4: error: unknown type name 'not'; did you mean 'ino_t'?
    not big endian
    ^~~
    ino_t
conftest.c:49:12: error: expected '=', ',', ';', 'asm' or '__attribute__' before 'endian'
    not big endian
            ^~~~~~
configure:18446: $? = 1
configure: failed program was:
| /* confdefs.h */
| #define PACKAGE_NAME "WiredTiger"
| #define PACKAGE_TARNAME "wiredtiger"
| #define PACKAGE_VERSION "3.0.0"
| #define PACKAGE_STRING "WiredTiger 3.0.0"
| #define PACKAGE_BUGREPORT "support@wiredtiger.com"
| #define PACKAGE_URL ""
| #define PACKAGE "wiredtiger"
| #define VERSION "3.0.0"
| #define STDC_HEADERS 1
| #define HAVE_SYS_TYPES_H 1
| #define HAVE_SYS_STAT_H 1
| #define HAVE_STDLIB_H 1
| #define HAVE_STRING_H 1
| #define HAVE_MEMORY_H 1
| #define HAVE_STRINGS_H 1
| #define HAVE_INTTYPES_H 1
| #define HAVE_STDINT_H 1
| #define HAVE_UNISTD_H 1
| #define HAVE_DLFCN_H 1
| #define LT_OBJDIR ".libs/"
| #define HAVE_CRC32_HARDWARE 1
| #define SPINLOCK_TYPE SPINLOCK_PTHREAD_MUTEX
| #define WT_TIMESTAMP_SIZE 8
| #define HAVE_X86INTRIN_H 1
| #define HAVE_LIBPTHREAD 1
| #define HAVE_LIBDL 1
| #define HAVE_LIBRT 1
| #define HAVE_CLOCK_GETTIME 1
| #define HAVE_FALLOCATE 1
| #define HAVE_FTRUNCATE 1
| #define HAVE_GETTIMEOFDAY 1
| #define HAVE_POSIX_FADVISE 1
| #define HAVE_POSIX_FALLOCATE 1
| #define HAVE_POSIX_MADVISE 1
| #define HAVE_STRTOUQ 1
| #define HAVE_SYNC_FILE_RANGE 1
| #define HAVE_FDATASYNC 1
| #define HAVE_POSIX_MEMALIGN 1
| #define HAVE_PTHREAD_COND_MONOTONIC 1
| /* end confdefs.h.  */
| #include <sys/types.h>
| 		#include <sys/param.h>
| 
| int
| main ()
| {
| #if BYTE_ORDER != BIG_ENDIAN
| 		 not big endian
| 		#endif
| 
|   ;
|   return 0;
| }
configure:18574: result: no
configure:18593: checking for a 64-bit build
configure:18595: cc -o conftest -O3 -g   conftest.c -lrt -ldl -lpthread  >&5
configure:18595: $? = 0
configure:18595: ./conftest
configure:18595: $? = 0
configure:18602: result: yes
configure:18621: checking if --with-berkeleydb=DIR option specified
configure:18631: result: NO_BERKELEY_DB_LIBRARY
configure:18645: checking if --with-helium=DIR option specified
configure:18655: result: NO_HELIUM_LIBRARY
configure:18700: checking for doxygen
configure:18716: found /usr/bin/doxygen
configure:18728: result: doxygen
configure:18938: checking that generated files are newer than configure
configure:18944: result: done
configure:19072: creating ./config.status

## ---------------------- ##
## Running config.status. ##
## ---------------------- ##

This file was extended by WiredTiger config.status 3.0.0, which was
generated by GNU Autoconf 2.69.  Invocation command line was

  CONFIG_FILES    = 
  CONFIG_HEADERS  = 
  CONFIG_LINKS    = 
  CONFIG_COMMANDS = 
  $ ./config.status 

on localhost.localdomain

config.status:1303: creating ext/collators/reverse/Makefile
config.status:1303: creating ext/collators/revint/Makefile
config.status:1303: creating ext/compressors/lz4/Makefile
config.status:1303: creating ext/compressors/nop/Makefile
config.status:1303: creating ext/compressors/snappy/Makefile
config.status:1303: creating ext/compressors/zlib/Makefile
config.status:1303: creating ext/compressors/zstd/Makefile
config.status:1303: creating ext/datasources/helium/Makefile
config.status:1303: creating ext/encryptors/nop/Makefile
config.status:1303: creating ext/encryptors/rotn/Makefile
config.status:1303: creating ext/extractors/csv/Makefile
config.status:1303: creating ext/test/kvs_bdb/Makefile
config.status:1303: creating ext/test/fail_fs/Makefile
config.status:1303: creating api/leveldb/Makefile
config.status:1303: creating lang/java/Makefile
config.status:1303: creating lang/python/Makefile
config.status:1303: creating test/utility/Makefile
config.status:1303: creating examples/c/Makefile
config.status:1303: creating examples/java/Makefile
config.status:1303: creating test/bloom/Makefile
config.status:1303: creating test/checkpoint/Makefile
config.status:1303: creating test/csuite/Makefile
config.status:1303: creating test/cursor_order/Makefile
config.status:1303: creating test/fops/Makefile
config.status:1303: creating test/format/Makefile
config.status:1303: creating test/huge/Makefile
config.status:1303: creating test/manydbs/Makefile
config.status:1303: creating test/packing/Makefile
config.status:1303: creating test/readonly/Makefile
config.status:1303: creating test/salvage/Makefile
config.status:1303: creating test/syscall/Makefile
config.status:1303: creating test/thread/Makefile
config.status:1303: creating bench/workgen/Makefile
config.status:1303: creating bench/wtperf/Makefile
config.status:1303: creating Makefile
config.status:1303: creating wiredtiger.h
config.status:1303: creating wiredtiger_ext.h
config.status:1303: creating wiredtiger.pc
config.status:1303: creating wiredtiger_config.h
config.status:1532: executing depfiles commands
config.status:1532: executing libtool commands

## ---------------- ##
## Cache variables. ##
## ---------------- ##

ac_cv_build=x86_64-unknown-linux-gnu
ac_cv_c_bigendian=no
ac_cv_c_compiler_gnu=yes
ac_cv_cxx_compiler_gnu=yes
ac_cv_env_CCASFLAGS_set=
ac_cv_env_CCASFLAGS_value=
ac_cv_env_CCAS_set=
ac_cv_env_CCAS_value=
ac_cv_env_CCC_set=
ac_cv_env_CCC_value=
ac_cv_env_CC_set=
ac_cv_env_CC_value=
ac_cv_env_CFLAGS_set=
ac_cv_env_CFLAGS_value=
ac_cv_env_CPPFLAGS_set=
ac_cv_env_CPPFLAGS_value=
ac_cv_env_CPP_set=
ac_cv_env_CPP_value=
ac_cv_env_CXXCPP_set=
ac_cv_env_CXXCPP_value=
ac_cv_env_CXXFLAGS_set=
ac_cv_env_CXXFLAGS_value=
ac_cv_env_CXX_set=
ac_cv_env_CXX_value=
ac_cv_env_LDFLAGS_set=
ac_cv_env_LDFLAGS_value=
ac_cv_env_LIBS_set=
ac_cv_env_LIBS_value=
ac_cv_env_PYTHON_set=
ac_cv_env_PYTHON_value=
ac_cv_env_build_alias_set=
ac_cv_env_build_alias_value=
ac_cv_env_host_alias_set=
ac_cv_env_host_alias_value=
ac_cv_env_target_alias_set=
ac_cv_env_target_alias_value=
ac_cv_func_clock_gettime=yes
ac_cv_func_fallocate=yes
ac_cv_func_fdatasync=yes
ac_cv_func_ftruncate=yes
ac_cv_func_gettimeofday=yes
ac_cv_func_posix_fadvise=yes
ac_cv_func_posix_fallocate=yes
ac_cv_func_posix_madvise=yes
ac_cv_func_strtouq=yes
ac_cv_func_sync_file_range=yes
ac_cv_header_dlfcn_h=yes
ac_cv_header_inttypes_h=yes
ac_cv_header_memory_h=yes
ac_cv_header_stdc=yes
ac_cv_header_stdint_h=yes
ac_cv_header_stdlib_h=yes
ac_cv_header_string_h=yes
ac_cv_header_strings_h=yes
ac_cv_header_sys_stat_h=yes
ac_cv_header_sys_types_h=yes
ac_cv_header_unistd_h=yes
ac_cv_header_x86intrin_h=yes
ac_cv_host=x86_64-unknown-linux-gnu
ac_cv_lib_dl_dlopen=yes
ac_cv_lib_pthread_pthread_create=yes
ac_cv_lib_rt_sched_yield=yes
ac_cv_objext=o
ac_cv_path_EGREP='/usr/bin/grep -E'
ac_cv_path_FGREP='/usr/bin/grep -F'
ac_cv_path_GREP=/usr/bin/grep
ac_cv_path_SED=/usr/bin/sed
ac_cv_path_install='/usr/bin/install -c'
ac_cv_path_mkdir=/usr/bin/mkdir
ac_cv_prog_AWK=gawk
ac_cv_prog_CPP='cc -E'
ac_cv_prog_CXXCPP='c++ -E'
ac_cv_prog_DOXYGEN=doxygen
ac_cv_prog_ac_ct_AR=ar
ac_cv_prog_ac_ct_CC=cc
ac_cv_prog_ac_ct_CXX=c++
ac_cv_prog_ac_ct_OBJDUMP=objdump
ac_cv_prog_ac_ct_RANLIB=ranlib
ac_cv_prog_ac_ct_STRIP=strip
ac_cv_prog_cc_c89=
ac_cv_prog_cc_g=yes
ac_cv_prog_cxx_g=yes
ac_cv_prog_make_make_set=yes
ac_cv_sizeof_void_p=8
ac_cv_sys_file_offset_bits=no
ac_cv_sys_largefile_CC=no
ac_cv_type_FILE_p=yes
ac_cv_type_off_t=yes
ac_cv_type_pid_t=yes
ac_cv_type_size_t=yes
ac_cv_type_ssize_t=yes
ac_cv_type_time_t=yes
ac_cv_type_uintmax_t=yes
ac_cv_type_uintptr_t=yes
am_cv_CCAS_dependencies_compiler_type=gcc3
am_cv_CC_dependencies_compiler_type=gcc3
am_cv_CXX_dependencies_compiler_type=gcc3
am_cv_make_support_nested_variables=yes
ax_cv_check_cflags___std_c11=yes
ax_cv_func_posix_memalign_works=yes
lt_cv_ar_at_file=@
lt_cv_archive_cmds_need_lc=no
lt_cv_deplibs_check_method=pass_all
lt_cv_file_magic_cmd='$MAGIC_CMD'
lt_cv_file_magic_test_file=
lt_cv_ld_reload_flag=-r
lt_cv_nm_interface='BSD nm'
lt_cv_objdir=.libs
lt_cv_path_LD=/usr/bin/ld
lt_cv_path_LDCXX='/usr/bin/ld -m elf_x86_64'
lt_cv_path_NM='/usr/bin/nm -B'
lt_cv_path_mainfest_tool=no
lt_cv_prog_compiler_c_o=yes
lt_cv_prog_compiler_c_o_CXX=yes
lt_cv_prog_compiler_pic='-fPIC -DPIC'
lt_cv_prog_compiler_pic_CXX='-fPIC -DPIC'
lt_cv_prog_compiler_pic_works=yes
lt_cv_prog_compiler_pic_works_CXX=yes
lt_cv_prog_compiler_rtti_exceptions=no
lt_cv_prog_compiler_static_works=yes
lt_cv_prog_compiler_static_works_CXX=yes
lt_cv_prog_gnu_ld=yes
lt_cv_prog_gnu_ldcxx=yes
lt_cv_sharedlib_from_linklib_cmd='printf %s\n'
lt_cv_shlibpath_overrides_runpath=no
lt_cv_sys_global_symbol_pipe='sed -n -e '\''s/^.*[	 ]\([ABCDGIRSTW][ABCDGIRSTW]*\)[	 ][	 ]*\([_A-Za-z][_A-Za-z0-9]*\)$/\1 \2 \2/p'\'' | sed '\''/ __gnu_lto/d'\'''
lt_cv_sys_global_symbol_to_c_name_address='sed -n -e '\''s/^: \([^ ]*\)[ ]*$/  {\"\1\", (void *) 0},/p'\'' -e '\''s/^[ABCDGIRSTW]* \([^ ]*\) \([^ ]*\)$/  {"\2", (void *) \&\2},/p'\'''
lt_cv_sys_global_symbol_to_c_name_address_lib_prefix='sed -n -e '\''s/^: \([^ ]*\)[ ]*$/  {\"\1\", (void *) 0},/p'\'' -e '\''s/^[ABCDGIRSTW]* \([^ ]*\) \(lib[^ ]*\)$/  {"\2", (void *) \&\2},/p'\'' -e '\''s/^[ABCDGIRSTW]* \([^ ]*\) \([^ ]*\)$/  {"lib\2", (void *) \&\2},/p'\'''
lt_cv_sys_global_symbol_to_cdecl='sed -n -e '\''s/^T .* \(.*\)$/extern int \1();/p'\'' -e '\''s/^[ABCDGIRSTW]* .* \(.*\)$/extern char \1;/p'\'''
lt_cv_sys_max_cmd_len=1572864
lt_cv_to_host_file_cmd=func_convert_file_noop
lt_cv_to_tool_file_cmd=func_convert_file_noop
wt_cv_arm64=no
wt_cv_docs_exist=no
wt_cv_enable_attach=no
wt_cv_enable_basholeveldb=no
wt_cv_enable_crc32_hardware=yes
wt_cv_enable_diagnostic=no
wt_cv_enable_hyperleveldb=no
wt_cv_enable_java=no
wt_cv_enable_leveldb=no
wt_cv_enable_lz4=no
wt_cv_enable_python=no
wt_cv_enable_rocksdb=no
wt_cv_enable_snappy=no
wt_cv_enable_strict=no
wt_cv_enable_tcmalloc=no
wt_cv_enable_verbose=no
wt_cv_enable_zlib=no
wt_cv_enable_zstd=no
wt_cv_powerpc=no
wt_cv_prog_cxx_works=yes
wt_cv_solaris=no
wt_cv_x86=yes
wt_cv_zseries=no

## ----------------- ##
## Output variables. ##
## ----------------- ##

#include <inttypes.h>
#include <stdarg.h>
#include <stdbool.h>
#include <stdint.h>
#include <stdio.h>'
#include <sys/types.h>
ACLOCAL='${SHELL} /root/reading-and-annotate-wiredtiger-3.0.0/wiredtiger/build_posix/gnu-support/missing aclocal-1.13'
AMDEPBACKSLASH='\'
AMDEP_FALSE='#'
AMDEP_TRUE=''
AMTAR='$${TAR-tar}'
AM_BACKSLASH='\'
AM_CFLAGS=' -std=c11 -D_GNU_SOURCE'
AM_DEFAULT_V='$(AM_DEFAULT_VERBOSITY)'
AM_DEFAULT_VERBOSITY='1'
AM_LIBTOOLFLAGS=''
AM_V='$(V)'
AR='ar'
ARM64_HOST_FALSE=''
ARM64_HOST_TRUE='#'
AUTOCONF='${SHELL} /root/reading-and-annotate-wiredtiger-3.0.0/wiredtiger/build_posix/gnu-support/missing autoconf'
AUTOHEADER='${SHELL} /root/reading-and-annotate-wiredtiger-3.0.0/wiredtiger/build_posix/gnu-support/missing autoheader'
AUTOMAKE='${SHELL} /root/reading-and-annotate-wiredtiger-3.0.0/wiredtiger/build_posix/gnu-support/missing automake-1.13'
AWK='gawk'
BERKELEY_DB_PATH='NO_BERKELEY_DB_LIBRARY'
CC='cc'
CCAS='cc'
CCASDEPMODE='depmode=gcc3'
CCASFLAGS='-O3 -g'
CCDEPMODE='depmode=gcc3'
CFLAGS='-O3 -g'
CPP='cc -E'
CPPFLAGS=''
CXX='c++'
CXXCPP='c++ -E'
CXXDEPMODE='depmode=gcc3'
CXXFLAGS='-O3 -g'
CYGPATH_W='echo'
DEFS='-DHAVE_CONFIG_H'
DEPDIR='.deps'
DLLTOOL='false'
DOXYGEN='doxygen'
DSYMUTIL=''
DUMPBIN=''
ECHO_C=''
ECHO_N='-n'
ECHO_T=''
EGREP='/usr/bin/grep -E'
EXEEXT=''
FGREP='/usr/bin/grep -F'
FILE_t_decl=''
GREP='/usr/bin/grep'
HAVE_BASHOLEVELDB_FALSE=''
HAVE_BASHOLEVELDB_TRUE='#'
HAVE_BERKELEY_DB_FALSE=''
HAVE_BERKELEY_DB_TRUE='#'
HAVE_BUILTIN_EXTENSION_LZ4_FALSE=''
HAVE_BUILTIN_EXTENSION_LZ4_TRUE='#'
HAVE_BUILTIN_EXTENSION_SNAPPY_FALSE=''
HAVE_BUILTIN_EXTENSION_SNAPPY_TRUE='#'
HAVE_BUILTIN_EXTENSION_ZLIB_FALSE=''
HAVE_BUILTIN_EXTENSION_ZLIB_TRUE='#'
HAVE_BUILTIN_EXTENSION_ZSTD_FALSE=''
HAVE_BUILTIN_EXTENSION_ZSTD_TRUE='#'
HAVE_CXX_FALSE='#'
HAVE_CXX_TRUE=''
HAVE_HELIUM_FALSE=''
HAVE_HELIUM_TRUE='#'
HAVE_HYPERLEVELDB_FALSE=''
HAVE_HYPERLEVELDB_TRUE='#'
HAVE_ROCKSDB_FALSE=''
HAVE_ROCKSDB_TRUE='#'
HELIUM_PATH='NO_HELIUM_LIBRARY'
INSTALL_DATA='${INSTALL} -m 644'
INSTALL_PROGRAM='${INSTALL}'
INSTALL_SCRIPT='${INSTALL}'
INSTALL_STRIP_PROGRAM='$(install_sh) -c -s'
JAR=''
JAVA=''
JAVAC=''
JAVA_FALSE=''
JAVA_JUNIT=''
JAVA_TRUE='#'
JNI_CPPFLAGS=''
JUNIT=''
LD='/usr/bin/ld -m elf_x86_64'
LDFLAGS=''
LEVELDB_FALSE=''
LEVELDB_TRUE='#'
LIBOBJS=''
LIBS='-lrt -ldl -lpthread '
LIBTOOL='$(SHELL) $(top_builddir)/libtool'
LIBTOOL_DEPS='build_posix/gnu-support/ltmain.sh'
LIPO=''
LN_S='ln -s'
LTLIBOBJS=''
LZ4_FALSE=''
LZ4_TRUE='#'
MAKEINFO='${SHELL} /root/reading-and-annotate-wiredtiger-3.0.0/wiredtiger/build_posix/gnu-support/missing makeinfo'
MAN1_PAGES='./docs/man/man1/wt.1'
MAN3_PAGES='./docs/man/man3/wiredtiger.3'
MANIFEST_TOOL=':'
MKDIR_P='/usr/bin/mkdir -p'
NM='/usr/bin/nm -B'
NMEDIT=''
OBJDUMP='objdump'
OBJEXT='o'
OTOOL64=''
OTOOL=''
PACKAGE='wiredtiger'
PACKAGE_BUGREPORT='support@wiredtiger.com'
PACKAGE_NAME='WiredTiger'
PACKAGE_STRING='WiredTiger 3.0.0'
PACKAGE_TARNAME='wiredtiger'
PACKAGE_URL=''
PACKAGE_VERSION='3.0.0'
PATH_SEPARATOR=':'
POSIX_HOST_FALSE='#'
POSIX_HOST_TRUE=''
POWERPC_HOST_FALSE=''
POWERPC_HOST_TRUE='#'
PYTHON=''
PYTHON_EXEC_PREFIX=''
PYTHON_FALSE=''
PYTHON_INSTALL_ARG=''
PYTHON_PLATFORM=''
PYTHON_PREFIX=''
PYTHON_TRUE='#'
PYTHON_VERSION=''
RANLIB='ranlib'
SED='/usr/bin/sed'
SET_MAKE=''
SHELL='/bin/sh'
SNAPPY_FALSE=''
SNAPPY_TRUE='#'
STRIP='strip'
SWIG=''
SWIG_LIB=''
TCMalloc_FALSE=''
TCMalloc_TRUE='#'
TESTS_JUNIT=''
UUDECODE=''
VERSION='3.0.0'
VERSION_MAJOR='3'
VERSION_MINOR='0'
VERSION_NOPATCH='3.0'
VERSION_PATCH='0'
VERSION_STRING='"WiredTiger 3.0.0: (January  8, 2018)"'
WINDOWS_HOST_FALSE=''
WINDOWS_HOST_TRUE='#'
X86_HOST_FALSE='#'
X86_HOST_TRUE=''
ZLIB_FALSE=''
ZLIB_TRUE='#'
ZSERIES_HOST_FALSE=''
ZSERIES_HOST_TRUE='#'
ZSTD_FALSE=''
ZSTD_TRUE='#'
_ACJNI_JAVAC=''
ac_ct_AR='ar'
ac_ct_CC='cc'
ac_ct_CXX='c++'
ac_ct_DUMPBIN=''
am__EXEEXT_FALSE=''
am__EXEEXT_TRUE='#'
am__fastdepCCAS_FALSE='#'
am__fastdepCCAS_TRUE=''
am__fastdepCC_FALSE='#'
am__fastdepCC_TRUE=''
am__fastdepCXX_FALSE='#'
am__fastdepCXX_TRUE=''
am__include='include'
am__isrc=''
am__leading_dot='.'
am__nodep='_no'
am__quote=''
am__tar='$${TAR-tar} chof - "$$tardir"'
am__untar='$${TAR-tar} xf -'
bindir='${exec_prefix}/bin'
build='x86_64-unknown-linux-gnu'
build_alias=''
build_cpu='x86_64'
build_os='linux-gnu'
build_vendor='unknown'
datadir='${datarootdir}'
datarootdir='${prefix}/share'
docdir='${datarootdir}/doc/${PACKAGE_TARNAME}'
dvidir='${docdir}'
exec_prefix='${prefix}'
host='x86_64-unknown-linux-gnu'
host_alias=''
host_cpu='x86_64'
host_os='linux-gnu'
host_vendor='unknown'
htmldir='${docdir}'
includedir='${prefix}/include'
infodir='${datarootdir}/info'
install_sh='${SHELL} /root/reading-and-annotate-wiredtiger-3.0.0/wiredtiger/build_posix/gnu-support/install-sh'
libdir='${exec_prefix}/lib'
libexecdir='${exec_prefix}/libexec'
localedir='${datarootdir}/locale'
localstatedir='${prefix}/var'
mandir='${datarootdir}/man'
mkdir_p='$(MKDIR_P)'
off_t_decl='typedef off_t wt_off_t;'
oldincludedir='/usr/include'
pdfdir='${docdir}'
pid_t_decl=''
pkgpyexecdir=''
pkgpythondir=''
prefix='/usr/local'
program_transform_name='s,x,x,'
psdir='${docdir}'
pyexecdir=''
pythondir=''
sbindir='${exec_prefix}/sbin'
sharedstatedir='${prefix}/com'
size_t_decl=''
ssize_t_decl=''
sysconfdir='${prefix}/etc'
target_alias=''
time_t_decl=''
uintmax_t_decl=''
uintptr_t_decl=''
wiredtiger_includes_decl='

## ----------- ##
## confdefs.h. ##
## ----------- ##

/* confdefs.h */
#define PACKAGE_NAME "WiredTiger"
#define PACKAGE_TARNAME "wiredtiger"
#define PACKAGE_VERSION "3.0.0"
#define PACKAGE_STRING "WiredTiger 3.0.0"
#define PACKAGE_BUGREPORT "support@wiredtiger.com"
#define PACKAGE_URL ""
#define PACKAGE "wiredtiger"
#define VERSION "3.0.0"
#define STDC_HEADERS 1
#define HAVE_SYS_TYPES_H 1
#define HAVE_SYS_STAT_H 1
#define HAVE_STDLIB_H 1
#define HAVE_STRING_H 1
#define HAVE_MEMORY_H 1
#define HAVE_STRINGS_H 1
#define HAVE_INTTYPES_H 1
#define HAVE_STDINT_H 1
#define HAVE_UNISTD_H 1
#define HAVE_DLFCN_H 1
#define LT_OBJDIR ".libs/"
#define HAVE_CRC32_HARDWARE 1
#define SPINLOCK_TYPE SPINLOCK_PTHREAD_MUTEX
#define WT_TIMESTAMP_SIZE 8
#define HAVE_X86INTRIN_H 1
#define HAVE_LIBPTHREAD 1
#define HAVE_LIBDL 1
#define HAVE_LIBRT 1
#define HAVE_CLOCK_GETTIME 1
#define HAVE_FALLOCATE 1
#define HAVE_FTRUNCATE 1
#define HAVE_GETTIMEOFDAY 1
#define HAVE_POSIX_FADVISE 1
#define HAVE_POSIX_FALLOCATE 1
#define HAVE_POSIX_MADVISE 1
#define HAVE_STRTOUQ 1
#define HAVE_SYNC_FILE_RANGE 1
#define HAVE_FDATASYNC 1
#define HAVE_POSIX_MEMALIGN 1
#define HAVE_PTHREAD_COND_MONOTONIC 1
#define WT_BUFFER_ALIGNMENT_DEFAULT 4096

configure: exit 0
