/root/reading-and-annotate-wiredtiger-3.0.0/wiredtiger/src/docs/basic-api.dox:1154: warning: block marked with [access example connection] for \snippet should appear twice in file ex_access.c, found it 4 times

/root/reading-and-annotate-wiredtiger-3.0.0/wiredtiger/src/docs/basic-api.dox:2271: warning: block marked with [access example table create] for \snippet should appear twice in file ex_access.c, found it 4 times

/root/reading-and-annotate-wiredtiger-3.0.0/wiredtiger/src/docs/basic-api.dox:2282: warning: block marked with [access example cursor open] for \snippet should appear twice in file ex_access.c, found it 4 times

/root/reading-and-annotate-wiredtiger-3.0.0/wiredtiger/src/docs/basic-api.dox:429: warning: block marked with [access example cursor insert] for \snippet should appear twice in file ex_access.c, found it 5 times

/root/reading-and-annotate-wiredtiger-3.0.0/wiredtiger/src/docs/basic-api.dox:434: warning: block marked with [access example cursor list] for \snippet should appear twice in file ex_access.c, found it 4 times

/root/reading-and-annotate-wiredtiger-3.0.0/wiredtiger/src/docs/basic-api.dox:369: warning: block marked with [access example close] for \snippet should appear twice in file ex_access.c, found it 6 times

/root/reading-and-annotate-wiredtiger-3.0.0/wiredtiger/lang/java/src/com/wiredtiger/db/AsyncCallback.java:36: warning: return type of member com.wiredtiger.db.AsyncCallback.notify is not documented
/root/reading-and-annotate-wiredtiger-3.0.0/wiredtiger/lang/java/src/com/wiredtiger/db/PackFormatInputStream.java:42: warning: Member format (variable) of class com::wiredtiger::db::PackFormatInputStream is not documented.
/root/reading-and-annotate-wiredtiger-3.0.0/wiredtiger/lang/java/src/com/wiredtiger/db/PackFormatInputStream.java:43: warning: Member isRaw (variable) of class com::wiredtiger::db::PackFormatInputStream is not documented.
/root/reading-and-annotate-wiredtiger-3.0.0/wiredtiger/lang/java/src/com/wiredtiger/db/PackFormatInputStream.java:44: warning: Member formatOff (variable) of class com::wiredtiger::db::PackFormatInputStream is not documented.
/root/reading-and-annotate-wiredtiger-3.0.0/wiredtiger/lang/java/src/com/wiredtiger/db/PackFormatInputStream.java:45: warning: Member formatRepeatCount (variable) of class com::wiredtiger::db::PackFormatInputStream is not documented.
/root/reading-and-annotate-wiredtiger-3.0.0/wiredtiger/lang/java/src/com/wiredtiger/db/PackFormatInputStream.java:48: warning: The following parameters of com.wiredtiger.db.PackFormatInputStream.PackFormatInputStream(String format, boolean isRaw) are not documented:
  parameter 'isRaw'
/root/reading-and-annotate-wiredtiger-3.0.0/wiredtiger/lang/java/src/com/wiredtiger/db/PackFormatInputStream.java:67: warning: return type of member com.wiredtiger.db.PackFormatInputStream.available is not documented
/root/reading-and-annotate-wiredtiger-3.0.0/wiredtiger/lang/java/src/com/wiredtiger/db/PackFormatInputStream.java:115: warning: missing ( in exception list on member checkType
/root/reading-and-annotate-wiredtiger-3.0.0/wiredtiger/lang/java/src/com/wiredtiger/db/PackFormatInputStream.java:176: warning: return type of member com.wiredtiger.db.PackFormatInputStream.getLengthFromFormat is not documented
/root/reading-and-annotate-wiredtiger-3.0.0/wiredtiger/lang/java/src/com/wiredtiger/db/PackFormatInputStream.java:87: warning: missing ( in exception list on member getType
/root/reading-and-annotate-wiredtiger-3.0.0/wiredtiger/lang/java/src/com/wiredtiger/db/PackFormatInputStream.java:84: warning: return type of member com.wiredtiger.db.PackFormatInputStream.getType is not documented
/root/reading-and-annotate-wiredtiger-3.0.0/wiredtiger/lang/java/src/com/wiredtiger/db/PackFormatInputStream.java:190: warning: return type of member com.wiredtiger.db.PackFormatInputStream.hasLength is not documented
/root/reading-and-annotate-wiredtiger-3.0.0/wiredtiger/lang/java/src/com/wiredtiger/db/PackFormatInputStream.java:60: warning: return type of member com.wiredtiger.db.PackFormatInputStream.toString is not documented
/root/reading-and-annotate-wiredtiger-3.0.0/wiredtiger/lang/java/src/com/wiredtiger/db/PackInputStream.java:42: warning: Member format (variable) of class com::wiredtiger::db::PackInputStream is not documented.
/root/reading-and-annotate-wiredtiger-3.0.0/wiredtiger/lang/java/src/com/wiredtiger/db/PackInputStream.java:43: warning: Member value (variable) of class com::wiredtiger::db::PackInputStream is not documented.
/root/reading-and-annotate-wiredtiger-3.0.0/wiredtiger/lang/java/src/com/wiredtiger/db/PackInputStream.java:44: warning: Member valueOff (variable) of class com::wiredtiger::db::PackInputStream is not documented.
/root/reading-and-annotate-wiredtiger-3.0.0/wiredtiger/lang/java/src/com/wiredtiger/db/PackInputStream.java:45: warning: Member valueLen (variable) of class com::wiredtiger::db::PackInputStream is not documented.
/root/reading-and-annotate-wiredtiger-3.0.0/wiredtiger/lang/java/src/com/wiredtiger/db/PackInputStream.java:46: warning: Member isRaw (variable) of class com::wiredtiger::db::PackInputStream is not documented.
/root/reading-and-annotate-wiredtiger-3.0.0/wiredtiger/lang/java/src/com/wiredtiger/db/PackInputStream.java:107: warning: missing ( in exception list on member getByte
/root/reading-and-annotate-wiredtiger-3.0.0/wiredtiger/lang/java/src/com/wiredtiger/db/PackInputStream.java:105: warning: return type of member com.wiredtiger.db.PackInputStream.getByte is not documented
/root/reading-and-annotate-wiredtiger-3.0.0/wiredtiger/lang/java/src/com/wiredtiger/db/PackInputStream.java:121: warning: missing ( in exception list on member getByteArray
/root/reading-and-annotate-wiredtiger-3.0.0/wiredtiger/lang/java/src/com/wiredtiger/db/PackInputStream.java:134: warning: missing ( in exception list on member getByteArray
/root/reading-and-annotate-wiredtiger-3.0.0/wiredtiger/lang/java/src/com/wiredtiger/db/PackInputStream.java:146: warning: missing ( in exception list on member getByteArray
/root/reading-and-annotate-wiredtiger-3.0.0/wiredtiger/lang/java/src/com/wiredtiger/db/PackInputStream.java:143: warning: return type of member com.wiredtiger.db.PackInputStream.getByteArray is not documented
/root/reading-and-annotate-wiredtiger-3.0.0/wiredtiger/lang/java/src/com/wiredtiger/db/PackInputStream.java:91: warning: return type of member com.wiredtiger.db.PackInputStream.getFormat is not documented
/root/reading-and-annotate-wiredtiger-3.0.0/wiredtiger/lang/java/src/com/wiredtiger/db/PackInputStream.java:203: warning: missing ( in exception list on member getInt
/root/reading-and-annotate-wiredtiger-3.0.0/wiredtiger/lang/java/src/com/wiredtiger/db/PackInputStream.java:201: warning: return type of member com.wiredtiger.db.PackInputStream.getInt is not documented
/root/reading-and-annotate-wiredtiger-3.0.0/wiredtiger/lang/java/src/com/wiredtiger/db/PackInputStream.java:218: warning: missing ( in exception list on member getLong
/root/reading-and-annotate-wiredtiger-3.0.0/wiredtiger/lang/java/src/com/wiredtiger/db/PackInputStream.java:216: warning: return type of member com.wiredtiger.db.PackInputStream.getLong is not documented
/root/reading-and-annotate-wiredtiger-3.0.0/wiredtiger/lang/java/src/com/wiredtiger/db/PackInputStream.java:232: warning: missing ( in exception list on member getRecord
/root/reading-and-annotate-wiredtiger-3.0.0/wiredtiger/lang/java/src/com/wiredtiger/db/PackInputStream.java:230: warning: return type of member com.wiredtiger.db.PackInputStream.getRecord is not documented
/root/reading-and-annotate-wiredtiger-3.0.0/wiredtiger/lang/java/src/com/wiredtiger/db/PackInputStream.java:242: warning: missing ( in exception list on member getShort
/root/reading-and-annotate-wiredtiger-3.0.0/wiredtiger/lang/java/src/com/wiredtiger/db/PackInputStream.java:240: warning: return type of member com.wiredtiger.db.PackInputStream.getShort is not documented
/root/reading-and-annotate-wiredtiger-3.0.0/wiredtiger/lang/java/src/com/wiredtiger/db/PackInputStream.java:256: warning: missing ( in exception list on member getString
/root/reading-and-annotate-wiredtiger-3.0.0/wiredtiger/lang/java/src/com/wiredtiger/db/PackInputStream.java:254: warning: return type of member com.wiredtiger.db.PackInputStream.getString is not documented
/root/reading-and-annotate-wiredtiger-3.0.0/wiredtiger/lang/java/src/com/wiredtiger/db/PackInputStream.java:98: warning: return type of member com.wiredtiger.db.PackInputStream.getValue is not documented
/root/reading-and-annotate-wiredtiger-3.0.0/wiredtiger/lang/java/src/com/wiredtiger/db/PackOutputStream.java:42: warning: Member format (variable) of class com::wiredtiger::db::PackOutputStream is not documented.
/root/reading-and-annotate-wiredtiger-3.0.0/wiredtiger/lang/java/src/com/wiredtiger/db/PackOutputStream.java:43: warning: Member packed (variable) of class com::wiredtiger::db::PackOutputStream is not documented.
/root/reading-and-annotate-wiredtiger-3.0.0/wiredtiger/lang/java/src/com/wiredtiger/db/PackOutputStream.java:44: warning: Member intBuf (variable) of class com::wiredtiger::db::PackOutputStream is not documented.
/root/reading-and-annotate-wiredtiger-3.0.0/wiredtiger/lang/java/src/com/wiredtiger/db/PackOutputStream.java:45: warning: Member isRaw (variable) of class com::wiredtiger::db::PackOutputStream is not documented.
/root/reading-and-annotate-wiredtiger-3.0.0/wiredtiger/lang/java/src/com/wiredtiger/db/PackOutputStream.java:98: warning: missing ( in exception list on member addByte
/root/reading-and-annotate-wiredtiger-3.0.0/wiredtiger/lang/java/src/com/wiredtiger/db/PackOutputStream.java:111: warning: missing ( in exception list on member addByteArray
/root/reading-and-annotate-wiredtiger-3.0.0/wiredtiger/lang/java/src/com/wiredtiger/db/PackOutputStream.java:123: warning: missing ( in exception list on member addByteArray
/root/reading-and-annotate-wiredtiger-3.0.0/wiredtiger/lang/java/src/com/wiredtiger/db/PackOutputStream.java:159: warning: missing ( in exception list on member addInt
/root/reading-and-annotate-wiredtiger-3.0.0/wiredtiger/lang/java/src/com/wiredtiger/db/PackOutputStream.java:170: warning: missing ( in exception list on member addLong
/root/reading-and-annotate-wiredtiger-3.0.0/wiredtiger/lang/java/src/com/wiredtiger/db/PackOutputStream.java:181: warning: missing ( in exception list on member addRecord
/root/reading-and-annotate-wiredtiger-3.0.0/wiredtiger/lang/java/src/com/wiredtiger/db/PackOutputStream.java:192: warning: missing ( in exception list on member addShort
/root/reading-and-annotate-wiredtiger-3.0.0/wiredtiger/lang/java/src/com/wiredtiger/db/PackOutputStream.java:203: warning: missing ( in exception list on member addString
/root/reading-and-annotate-wiredtiger-3.0.0/wiredtiger/lang/java/src/com/wiredtiger/db/PackOutputStream.java:72: warning: return type of member com.wiredtiger.db.PackOutputStream.getFormat is not documented
/root/reading-and-annotate-wiredtiger-3.0.0/wiredtiger/lang/java/src/com/wiredtiger/db/PackOutputStream.java:79: warning: return type of member com.wiredtiger.db.PackOutputStream.getValue is not documented
/root/reading-and-annotate-wiredtiger-3.0.0/wiredtiger/lang/java/src/com/wiredtiger/db/WiredTigerException.java:35: warning: parameters of member com.wiredtiger.db.WiredTigerException.WiredTigerException are not (all) documented
/root/reading-and-annotate-wiredtiger-3.0.0/wiredtiger/lang/java/src/com/wiredtiger/db/WiredTigerPackingException.java:36: warning: parameters of member com.wiredtiger.db.WiredTigerPackingException.WiredTigerPackingException are not (all) documented
/root/reading-and-annotate-wiredtiger-3.0.0/wiredtiger/lang/java/src/com/wiredtiger/db/WiredTigerPanicException.java:37: warning: parameters of member com.wiredtiger.db.WiredTigerPanicException.WiredTigerPanicException are not (all) documented
/root/reading-and-annotate-wiredtiger-3.0.0/wiredtiger/lang/java/src/com/wiredtiger/db/WiredTigerRollbackException.java:36: warning: parameters of member com.wiredtiger.db.WiredTigerRollbackException.WiredTigerRollbackException are not (all) documented
