The system is: Linux - 3.10.0-1160.el7.x86_64 - x86_64
Compiling the C compiler identification source file "CMakeCCompilerId.c" succeeded.
Compiler: /usr/bin/cc 
Build flags: 
Id flags:  

The output was:
0


Compilation of the C compiler identification source "CMakeCCompilerId.c" produced "a.out"

The C compiler identification is GNU, found in "/root/reading-and-annotate-wiredtiger-3.0.0/wiredtiger-11.1.0/wiredtiger-11.1.0/build/CMakeFiles/3.21.3/CompilerIdC/a.out"

Compiling the CXX compiler identification source file "CMakeCXXCompilerId.cpp" succeeded.
Compiler: /usr/bin/c++ 
Build flags: 
Id flags:  

The output was:
0


Compilation of the CXX compiler identification source "CMakeCXXCompilerId.cpp" produced "a.out"

The CXX compiler identification is GNU, found in "/root/reading-and-annotate-wiredtiger-3.0.0/wiredtiger-11.1.0/wiredtiger-11.1.0/build/CMakeFiles/3.21.3/CompilerIdCXX/a.out"

Checking whether the ASM compiler is GNU using "--version" matched "(GNU assembler)|(GCC)|(Free Software Foundation)":
cc (GCC) 12.2.0
Copyright (C) 2022 Free Software Foundation, Inc.
This is free software; see the source for copying conditions.  There is NO
warranty; not even for MERCHANTABILITY or FITNESS FOR A PARTICULAR PURPOSE.

Detecting C compiler ABI info compiled with the following output:
Change Dir: /root/reading-and-annotate-wiredtiger-3.0.0/wiredtiger-11.1.0/wiredtiger-11.1.0/build/CMakeFiles/CMakeTmp

Run Build Command(s):/usr/bin/gmake -f Makefile cmTC_52e5d/fast && /usr/bin/gmake  -f CMakeFiles/cmTC_52e5d.dir/build.make CMakeFiles/cmTC_52e5d.dir/build
gmake[1]: Entering directory `/root/reading-and-annotate-wiredtiger-3.0.0/wiredtiger-11.1.0/wiredtiger-11.1.0/build/CMakeFiles/CMakeTmp'
Building C object CMakeFiles/cmTC_52e5d.dir/CMakeCCompilerABI.c.o
/usr/bin/cc   -v -o CMakeFiles/cmTC_52e5d.dir/CMakeCCompilerABI.c.o -c /usr/local/share/cmake-3.21/Modules/CMakeCCompilerABI.c
Using built-in specs.
COLLECT_GCC=/usr/bin/cc
Target: x86_64-pc-linux-gnu
Configured with: ./configure --disable-multilib --prefix=/usr/local/gcc-12.2.0 --with-gmp-include=/usr/local/gmp-6.2.1/include --with-gmp-lib=/usr/local/gmp-6.2.1/lib --with-mpfr-include=/usr/local/mpfr-4.1.0/include --with-mpfr-lib=/usr/local/mpfr-4.1.0/lib --with-mpc-include=/usr/local/mpc-1.2.1/include --with-mpc-lib=/usr/local/mpc-1.2.1/lib --enable-checking=release --enable-languages=c,c++ --disable-multilib
Thread model: posix
Supported LTO compression algorithms: zlib
gcc version 12.2.0 (GCC) 
COLLECT_GCC_OPTIONS='-v' '-o' 'CMakeFiles/cmTC_52e5d.dir/CMakeCCompilerABI.c.o' '-c' '-mtune=generic' '-march=x86-64' '-dumpdir' 'CMakeFiles/cmTC_52e5d.dir/'
 /usr/local/gcc-12.2.0/libexec/gcc/x86_64-pc-linux-gnu/12.2.0/cc1 -quiet -v /usr/local/share/cmake-3.21/Modules/CMakeCCompilerABI.c -quiet -dumpdir CMakeFiles/cmTC_52e5d.dir/ -dumpbase CMakeCCompilerABI.c.c -dumpbase-ext .c -mtune=generic -march=x86-64 -version -o /tmp/ccAS6HfH.s
GNU C17 (GCC) version 12.2.0 (x86_64-pc-linux-gnu)
	compiled by GNU C version 12.2.0, GMP version 6.2.1, MPFR version 4.1.0, MPC version 1.2.1, isl version none
warning: GMP header version 6.2.1 differs from library version 6.0.0.
GGC heuristics: --param ggc-min-expand=100 --param ggc-min-heapsize=131072
ignoring nonexistent directory "/usr/local/gcc-12.2.0/lib/gcc/x86_64-pc-linux-gnu/12.2.0/../../../../x86_64-pc-linux-gnu/include"
#include "..." search starts here:
#include <...> search starts here:
 /usr/local/gcc-12.2.0/lib/gcc/x86_64-pc-linux-gnu/12.2.0/include
 /usr/local/include
 /usr/local/gcc-12.2.0/include
 /usr/local/gcc-12.2.0/lib/gcc/x86_64-pc-linux-gnu/12.2.0/include-fixed
 /usr/include
End of search list.
GNU C17 (GCC) version 12.2.0 (x86_64-pc-linux-gnu)
	compiled by GNU C version 12.2.0, GMP version 6.2.1, MPFR version 4.1.0, MPC version 1.2.1, isl version none
warning: GMP header version 6.2.1 differs from library version 6.0.0.
GGC heuristics: --param ggc-min-expand=100 --param ggc-min-heapsize=131072
Compiler executable checksum: 220e91774b063bbdf17bfa4cb7c43804
COLLECT_GCC_OPTIONS='-v' '-o' 'CMakeFiles/cmTC_52e5d.dir/CMakeCCompilerABI.c.o' '-c' '-mtune=generic' '-march=x86-64' '-dumpdir' 'CMakeFiles/cmTC_52e5d.dir/'
 as -v --64 -o CMakeFiles/cmTC_52e5d.dir/CMakeCCompilerABI.c.o /tmp/ccAS6HfH.s
GNU assembler version 2.27 (x86_64-redhat-linux) using BFD version version 2.27-44.base.el7
COMPILER_PATH=/usr/local/gcc-12.2.0/libexec/gcc/x86_64-pc-linux-gnu/12.2.0/:/usr/local/gcc-12.2.0/libexec/gcc/x86_64-pc-linux-gnu/12.2.0/:/usr/local/gcc-12.2.0/libexec/gcc/x86_64-pc-linux-gnu/:/usr/local/gcc-12.2.0/lib/gcc/x86_64-pc-linux-gnu/12.2.0/:/usr/local/gcc-12.2.0/lib/gcc/x86_64-pc-linux-gnu/
LIBRARY_PATH=/usr/local/gcc-12.2.0/lib/gcc/x86_64-pc-linux-gnu/12.2.0/:/usr/local/gcc-12.2.0/lib/gcc/x86_64-pc-linux-gnu/12.2.0/../../../../lib64/:/lib/../lib64/:/usr/lib/../lib64/:/usr/local/gcc-12.2.0/lib/gcc/x86_64-pc-linux-gnu/12.2.0/../../../:/lib/:/usr/lib/
COLLECT_GCC_OPTIONS='-v' '-o' 'CMakeFiles/cmTC_52e5d.dir/CMakeCCompilerABI.c.o' '-c' '-mtune=generic' '-march=x86-64' '-dumpdir' 'CMakeFiles/cmTC_52e5d.dir/CMakeCCompilerABI.c.'
Linking C executable cmTC_52e5d
/usr/local/bin/cmake -E cmake_link_script CMakeFiles/cmTC_52e5d.dir/link.txt --verbose=1
/usr/bin/cc  -v CMakeFiles/cmTC_52e5d.dir/CMakeCCompilerABI.c.o -o cmTC_52e5d 
Using built-in specs.
COLLECT_GCC=/usr/bin/cc
COLLECT_LTO_WRAPPER=/usr/local/gcc-12.2.0/libexec/gcc/x86_64-pc-linux-gnu/12.2.0/lto-wrapper
Target: x86_64-pc-linux-gnu
Configured with: ./configure --disable-multilib --prefix=/usr/local/gcc-12.2.0 --with-gmp-include=/usr/local/gmp-6.2.1/include --with-gmp-lib=/usr/local/gmp-6.2.1/lib --with-mpfr-include=/usr/local/mpfr-4.1.0/include --with-mpfr-lib=/usr/local/mpfr-4.1.0/lib --with-mpc-include=/usr/local/mpc-1.2.1/include --with-mpc-lib=/usr/local/mpc-1.2.1/lib --enable-checking=release --enable-languages=c,c++ --disable-multilib
Thread model: posix
Supported LTO compression algorithms: zlib
gcc version 12.2.0 (GCC) 
COMPILER_PATH=/usr/local/gcc-12.2.0/libexec/gcc/x86_64-pc-linux-gnu/12.2.0/:/usr/local/gcc-12.2.0/libexec/gcc/x86_64-pc-linux-gnu/12.2.0/:/usr/local/gcc-12.2.0/libexec/gcc/x86_64-pc-linux-gnu/:/usr/local/gcc-12.2.0/lib/gcc/x86_64-pc-linux-gnu/12.2.0/:/usr/local/gcc-12.2.0/lib/gcc/x86_64-pc-linux-gnu/
LIBRARY_PATH=/usr/local/gcc-12.2.0/lib/gcc/x86_64-pc-linux-gnu/12.2.0/:/usr/local/gcc-12.2.0/lib/gcc/x86_64-pc-linux-gnu/12.2.0/../../../../lib64/:/lib/../lib64/:/usr/lib/../lib64/:/usr/local/gcc-12.2.0/lib/gcc/x86_64-pc-linux-gnu/12.2.0/../../../:/lib/:/usr/lib/
COLLECT_GCC_OPTIONS='-v' '-o' 'cmTC_52e5d' '-mtune=generic' '-march=x86-64' '-dumpdir' 'cmTC_52e5d.'
 /usr/local/gcc-12.2.0/libexec/gcc/x86_64-pc-linux-gnu/12.2.0/collect2 -plugin /usr/local/gcc-12.2.0/libexec/gcc/x86_64-pc-linux-gnu/12.2.0/liblto_plugin.so -plugin-opt=/usr/local/gcc-12.2.0/libexec/gcc/x86_64-pc-linux-gnu/12.2.0/lto-wrapper -plugin-opt=-fresolution=/tmp/ccIRERsI.res -plugin-opt=-pass-through=-lgcc -plugin-opt=-pass-through=-lgcc_s -plugin-opt=-pass-through=-lc -plugin-opt=-pass-through=-lgcc -plugin-opt=-pass-through=-lgcc_s --eh-frame-hdr -m elf_x86_64 -dynamic-linker /lib64/ld-linux-x86-64.so.2 -o cmTC_52e5d /lib/../lib64/crt1.o /lib/../lib64/crti.o /usr/local/gcc-12.2.0/lib/gcc/x86_64-pc-linux-gnu/12.2.0/crtbegin.o -L/usr/local/gcc-12.2.0/lib/gcc/x86_64-pc-linux-gnu/12.2.0 -L/usr/local/gcc-12.2.0/lib/gcc/x86_64-pc-linux-gnu/12.2.0/../../../../lib64 -L/lib/../lib64 -L/usr/lib/../lib64 -L/usr/local/gcc-12.2.0/lib/gcc/x86_64-pc-linux-gnu/12.2.0/../../.. CMakeFiles/cmTC_52e5d.dir/CMakeCCompilerABI.c.o -lgcc --as-needed -lgcc_s --no-as-needed -lc -lgcc --as-needed -lgcc_s --no-as-needed /usr/local/gcc-12.2.0/lib/gcc/x86_64-pc-linux-gnu/12.2.0/crtend.o /lib/../lib64/crtn.o
COLLECT_GCC_OPTIONS='-v' '-o' 'cmTC_52e5d' '-mtune=generic' '-march=x86-64' '-dumpdir' 'cmTC_52e5d.'
gmake[1]: Leaving directory `/root/reading-and-annotate-wiredtiger-3.0.0/wiredtiger-11.1.0/wiredtiger-11.1.0/build/CMakeFiles/CMakeTmp'



Parsed C implicit include dir info from above output: rv=done
  found start of include info
  found start of implicit include info
    add: [/usr/local/gcc-12.2.0/lib/gcc/x86_64-pc-linux-gnu/12.2.0/include]
    add: [/usr/local/include]
    add: [/usr/local/gcc-12.2.0/include]
    add: [/usr/local/gcc-12.2.0/lib/gcc/x86_64-pc-linux-gnu/12.2.0/include-fixed]
    add: [/usr/include]
  end of search list found
  collapse include dir [/usr/local/gcc-12.2.0/lib/gcc/x86_64-pc-linux-gnu/12.2.0/include] ==> [/usr/local/gcc-12.2.0/lib/gcc/x86_64-pc-linux-gnu/12.2.0/include]
  collapse include dir [/usr/local/include] ==> [/usr/local/include]
  collapse include dir [/usr/local/gcc-12.2.0/include] ==> [/usr/local/gcc-12.2.0/include]
  collapse include dir [/usr/local/gcc-12.2.0/lib/gcc/x86_64-pc-linux-gnu/12.2.0/include-fixed] ==> [/usr/local/gcc-12.2.0/lib/gcc/x86_64-pc-linux-gnu/12.2.0/include-fixed]
  collapse include dir [/usr/include] ==> [/usr/include]
  implicit include dirs: [/usr/local/gcc-12.2.0/lib/gcc/x86_64-pc-linux-gnu/12.2.0/include;/usr/local/include;/usr/local/gcc-12.2.0/include;/usr/local/gcc-12.2.0/lib/gcc/x86_64-pc-linux-gnu/12.2.0/include-fixed;/usr/include]


Parsed C implicit link information from above output:
  link line regex: [^( *|.*[/\])(ld|CMAKE_LINK_STARTFILE-NOTFOUND|([^/\]+-)?ld|collect2)[^/\]*( |$)]
  ignore line: [Change Dir: /root/reading-and-annotate-wiredtiger-3.0.0/wiredtiger-11.1.0/wiredtiger-11.1.0/build/CMakeFiles/CMakeTmp]
  ignore line: []
  ignore line: [Run Build Command(s):/usr/bin/gmake -f Makefile cmTC_52e5d/fast && /usr/bin/gmake  -f CMakeFiles/cmTC_52e5d.dir/build.make CMakeFiles/cmTC_52e5d.dir/build]
  ignore line: [gmake[1]: Entering directory `/root/reading-and-annotate-wiredtiger-3.0.0/wiredtiger-11.1.0/wiredtiger-11.1.0/build/CMakeFiles/CMakeTmp']
  ignore line: [Building C object CMakeFiles/cmTC_52e5d.dir/CMakeCCompilerABI.c.o]
  ignore line: [/usr/bin/cc   -v -o CMakeFiles/cmTC_52e5d.dir/CMakeCCompilerABI.c.o -c /usr/local/share/cmake-3.21/Modules/CMakeCCompilerABI.c]
  ignore line: [Using built-in specs.]
  ignore line: [COLLECT_GCC=/usr/bin/cc]
  ignore line: [Target: x86_64-pc-linux-gnu]
  ignore line: [Configured with: ./configure --disable-multilib --prefix=/usr/local/gcc-12.2.0 --with-gmp-include=/usr/local/gmp-6.2.1/include --with-gmp-lib=/usr/local/gmp-6.2.1/lib --with-mpfr-include=/usr/local/mpfr-4.1.0/include --with-mpfr-lib=/usr/local/mpfr-4.1.0/lib --with-mpc-include=/usr/local/mpc-1.2.1/include --with-mpc-lib=/usr/local/mpc-1.2.1/lib --enable-checking=release --enable-languages=c c++ --disable-multilib]
  ignore line: [Thread model: posix]
  ignore line: [Supported LTO compression algorithms: zlib]
  ignore line: [gcc version 12.2.0 (GCC) ]
  ignore line: [COLLECT_GCC_OPTIONS='-v' '-o' 'CMakeFiles/cmTC_52e5d.dir/CMakeCCompilerABI.c.o' '-c' '-mtune=generic' '-march=x86-64' '-dumpdir' 'CMakeFiles/cmTC_52e5d.dir/']
  ignore line: [ /usr/local/gcc-12.2.0/libexec/gcc/x86_64-pc-linux-gnu/12.2.0/cc1 -quiet -v /usr/local/share/cmake-3.21/Modules/CMakeCCompilerABI.c -quiet -dumpdir CMakeFiles/cmTC_52e5d.dir/ -dumpbase CMakeCCompilerABI.c.c -dumpbase-ext .c -mtune=generic -march=x86-64 -version -o /tmp/ccAS6HfH.s]
  ignore line: [GNU C17 (GCC) version 12.2.0 (x86_64-pc-linux-gnu)]
  ignore line: [	compiled by GNU C version 12.2.0  GMP version 6.2.1  MPFR version 4.1.0  MPC version 1.2.1  isl version none]
  ignore line: [warning: GMP header version 6.2.1 differs from library version 6.0.0.]
  ignore line: [GGC heuristics: --param ggc-min-expand=100 --param ggc-min-heapsize=131072]
  ignore line: [ignoring nonexistent directory "/usr/local/gcc-12.2.0/lib/gcc/x86_64-pc-linux-gnu/12.2.0/../../../../x86_64-pc-linux-gnu/include"]
  ignore line: [#include "..." search starts here:]
  ignore line: [#include <...> search starts here:]
  ignore line: [ /usr/local/gcc-12.2.0/lib/gcc/x86_64-pc-linux-gnu/12.2.0/include]
  ignore line: [ /usr/local/include]
  ignore line: [ /usr/local/gcc-12.2.0/include]
  ignore line: [ /usr/local/gcc-12.2.0/lib/gcc/x86_64-pc-linux-gnu/12.2.0/include-fixed]
  ignore line: [ /usr/include]
  ignore line: [End of search list.]
  ignore line: [GNU C17 (GCC) version 12.2.0 (x86_64-pc-linux-gnu)]
  ignore line: [	compiled by GNU C version 12.2.0  GMP version 6.2.1  MPFR version 4.1.0  MPC version 1.2.1  isl version none]
  ignore line: [warning: GMP header version 6.2.1 differs from library version 6.0.0.]
  ignore line: [GGC heuristics: --param ggc-min-expand=100 --param ggc-min-heapsize=131072]
  ignore line: [Compiler executable checksum: 220e91774b063bbdf17bfa4cb7c43804]
  ignore line: [COLLECT_GCC_OPTIONS='-v' '-o' 'CMakeFiles/cmTC_52e5d.dir/CMakeCCompilerABI.c.o' '-c' '-mtune=generic' '-march=x86-64' '-dumpdir' 'CMakeFiles/cmTC_52e5d.dir/']
  ignore line: [ as -v --64 -o CMakeFiles/cmTC_52e5d.dir/CMakeCCompilerABI.c.o /tmp/ccAS6HfH.s]
  ignore line: [GNU assembler version 2.27 (x86_64-redhat-linux) using BFD version version 2.27-44.base.el7]
  ignore line: [COMPILER_PATH=/usr/local/gcc-12.2.0/libexec/gcc/x86_64-pc-linux-gnu/12.2.0/:/usr/local/gcc-12.2.0/libexec/gcc/x86_64-pc-linux-gnu/12.2.0/:/usr/local/gcc-12.2.0/libexec/gcc/x86_64-pc-linux-gnu/:/usr/local/gcc-12.2.0/lib/gcc/x86_64-pc-linux-gnu/12.2.0/:/usr/local/gcc-12.2.0/lib/gcc/x86_64-pc-linux-gnu/]
  ignore line: [LIBRARY_PATH=/usr/local/gcc-12.2.0/lib/gcc/x86_64-pc-linux-gnu/12.2.0/:/usr/local/gcc-12.2.0/lib/gcc/x86_64-pc-linux-gnu/12.2.0/../../../../lib64/:/lib/../lib64/:/usr/lib/../lib64/:/usr/local/gcc-12.2.0/lib/gcc/x86_64-pc-linux-gnu/12.2.0/../../../:/lib/:/usr/lib/]
  ignore line: [COLLECT_GCC_OPTIONS='-v' '-o' 'CMakeFiles/cmTC_52e5d.dir/CMakeCCompilerABI.c.o' '-c' '-mtune=generic' '-march=x86-64' '-dumpdir' 'CMakeFiles/cmTC_52e5d.dir/CMakeCCompilerABI.c.']
  ignore line: [Linking C executable cmTC_52e5d]
  ignore line: [/usr/local/bin/cmake -E cmake_link_script CMakeFiles/cmTC_52e5d.dir/link.txt --verbose=1]
  ignore line: [/usr/bin/cc  -v CMakeFiles/cmTC_52e5d.dir/CMakeCCompilerABI.c.o -o cmTC_52e5d ]
  ignore line: [Using built-in specs.]
  ignore line: [COLLECT_GCC=/usr/bin/cc]
  ignore line: [COLLECT_LTO_WRAPPER=/usr/local/gcc-12.2.0/libexec/gcc/x86_64-pc-linux-gnu/12.2.0/lto-wrapper]
  ignore line: [Target: x86_64-pc-linux-gnu]
  ignore line: [Configured with: ./configure --disable-multilib --prefix=/usr/local/gcc-12.2.0 --with-gmp-include=/usr/local/gmp-6.2.1/include --with-gmp-lib=/usr/local/gmp-6.2.1/lib --with-mpfr-include=/usr/local/mpfr-4.1.0/include --with-mpfr-lib=/usr/local/mpfr-4.1.0/lib --with-mpc-include=/usr/local/mpc-1.2.1/include --with-mpc-lib=/usr/local/mpc-1.2.1/lib --enable-checking=release --enable-languages=c c++ --disable-multilib]
  ignore line: [Thread model: posix]
  ignore line: [Supported LTO compression algorithms: zlib]
  ignore line: [gcc version 12.2.0 (GCC) ]
  ignore line: [COMPILER_PATH=/usr/local/gcc-12.2.0/libexec/gcc/x86_64-pc-linux-gnu/12.2.0/:/usr/local/gcc-12.2.0/libexec/gcc/x86_64-pc-linux-gnu/12.2.0/:/usr/local/gcc-12.2.0/libexec/gcc/x86_64-pc-linux-gnu/:/usr/local/gcc-12.2.0/lib/gcc/x86_64-pc-linux-gnu/12.2.0/:/usr/local/gcc-12.2.0/lib/gcc/x86_64-pc-linux-gnu/]
  ignore line: [LIBRARY_PATH=/usr/local/gcc-12.2.0/lib/gcc/x86_64-pc-linux-gnu/12.2.0/:/usr/local/gcc-12.2.0/lib/gcc/x86_64-pc-linux-gnu/12.2.0/../../../../lib64/:/lib/../lib64/:/usr/lib/../lib64/:/usr/local/gcc-12.2.0/lib/gcc/x86_64-pc-linux-gnu/12.2.0/../../../:/lib/:/usr/lib/]
  ignore line: [COLLECT_GCC_OPTIONS='-v' '-o' 'cmTC_52e5d' '-mtune=generic' '-march=x86-64' '-dumpdir' 'cmTC_52e5d.']
  link line: [ /usr/local/gcc-12.2.0/libexec/gcc/x86_64-pc-linux-gnu/12.2.0/collect2 -plugin /usr/local/gcc-12.2.0/libexec/gcc/x86_64-pc-linux-gnu/12.2.0/liblto_plugin.so -plugin-opt=/usr/local/gcc-12.2.0/libexec/gcc/x86_64-pc-linux-gnu/12.2.0/lto-wrapper -plugin-opt=-fresolution=/tmp/ccIRERsI.res -plugin-opt=-pass-through=-lgcc -plugin-opt=-pass-through=-lgcc_s -plugin-opt=-pass-through=-lc -plugin-opt=-pass-through=-lgcc -plugin-opt=-pass-through=-lgcc_s --eh-frame-hdr -m elf_x86_64 -dynamic-linker /lib64/ld-linux-x86-64.so.2 -o cmTC_52e5d /lib/../lib64/crt1.o /lib/../lib64/crti.o /usr/local/gcc-12.2.0/lib/gcc/x86_64-pc-linux-gnu/12.2.0/crtbegin.o -L/usr/local/gcc-12.2.0/lib/gcc/x86_64-pc-linux-gnu/12.2.0 -L/usr/local/gcc-12.2.0/lib/gcc/x86_64-pc-linux-gnu/12.2.0/../../../../lib64 -L/lib/../lib64 -L/usr/lib/../lib64 -L/usr/local/gcc-12.2.0/lib/gcc/x86_64-pc-linux-gnu/12.2.0/../../.. CMakeFiles/cmTC_52e5d.dir/CMakeCCompilerABI.c.o -lgcc --as-needed -lgcc_s --no-as-needed -lc -lgcc --as-needed -lgcc_s --no-as-needed /usr/local/gcc-12.2.0/lib/gcc/x86_64-pc-linux-gnu/12.2.0/crtend.o /lib/../lib64/crtn.o]
    arg [/usr/local/gcc-12.2.0/libexec/gcc/x86_64-pc-linux-gnu/12.2.0/collect2] ==> ignore
    arg [-plugin] ==> ignore
    arg [/usr/local/gcc-12.2.0/libexec/gcc/x86_64-pc-linux-gnu/12.2.0/liblto_plugin.so] ==> ignore
    arg [-plugin-opt=/usr/local/gcc-12.2.0/libexec/gcc/x86_64-pc-linux-gnu/12.2.0/lto-wrapper] ==> ignore
    arg [-plugin-opt=-fresolution=/tmp/ccIRERsI.res] ==> ignore
    arg [-plugin-opt=-pass-through=-lgcc] ==> ignore
    arg [-plugin-opt=-pass-through=-lgcc_s] ==> ignore
    arg [-plugin-opt=-pass-through=-lc] ==> ignore
    arg [-plugin-opt=-pass-through=-lgcc] ==> ignore
    arg [-plugin-opt=-pass-through=-lgcc_s] ==> ignore
    arg [--eh-frame-hdr] ==> ignore
    arg [-m] ==> ignore
    arg [elf_x86_64] ==> ignore
    arg [-dynamic-linker] ==> ignore
    arg [/lib64/ld-linux-x86-64.so.2] ==> ignore
    arg [-o] ==> ignore
    arg [cmTC_52e5d] ==> ignore
    arg [/lib/../lib64/crt1.o] ==> obj [/lib/../lib64/crt1.o]
    arg [/lib/../lib64/crti.o] ==> obj [/lib/../lib64/crti.o]
    arg [/usr/local/gcc-12.2.0/lib/gcc/x86_64-pc-linux-gnu/12.2.0/crtbegin.o] ==> obj [/usr/local/gcc-12.2.0/lib/gcc/x86_64-pc-linux-gnu/12.2.0/crtbegin.o]
    arg [-L/usr/local/gcc-12.2.0/lib/gcc/x86_64-pc-linux-gnu/12.2.0] ==> dir [/usr/local/gcc-12.2.0/lib/gcc/x86_64-pc-linux-gnu/12.2.0]
    arg [-L/usr/local/gcc-12.2.0/lib/gcc/x86_64-pc-linux-gnu/12.2.0/../../../../lib64] ==> dir [/usr/local/gcc-12.2.0/lib/gcc/x86_64-pc-linux-gnu/12.2.0/../../../../lib64]
    arg [-L/lib/../lib64] ==> dir [/lib/../lib64]
    arg [-L/usr/lib/../lib64] ==> dir [/usr/lib/../lib64]
    arg [-L/usr/local/gcc-12.2.0/lib/gcc/x86_64-pc-linux-gnu/12.2.0/../../..] ==> dir [/usr/local/gcc-12.2.0/lib/gcc/x86_64-pc-linux-gnu/12.2.0/../../..]
    arg [CMakeFiles/cmTC_52e5d.dir/CMakeCCompilerABI.c.o] ==> ignore
    arg [-lgcc] ==> lib [gcc]
    arg [--as-needed] ==> ignore
    arg [-lgcc_s] ==> lib [gcc_s]
    arg [--no-as-needed] ==> ignore
    arg [-lc] ==> lib [c]
    arg [-lgcc] ==> lib [gcc]
    arg [--as-needed] ==> ignore
    arg [-lgcc_s] ==> lib [gcc_s]
    arg [--no-as-needed] ==> ignore
    arg [/usr/local/gcc-12.2.0/lib/gcc/x86_64-pc-linux-gnu/12.2.0/crtend.o] ==> obj [/usr/local/gcc-12.2.0/lib/gcc/x86_64-pc-linux-gnu/12.2.0/crtend.o]
    arg [/lib/../lib64/crtn.o] ==> obj [/lib/../lib64/crtn.o]
  collapse obj [/lib/../lib64/crt1.o] ==> [/lib64/crt1.o]
  collapse obj [/lib/../lib64/crti.o] ==> [/lib64/crti.o]
  collapse obj [/lib/../lib64/crtn.o] ==> [/lib64/crtn.o]
  collapse library dir [/usr/local/gcc-12.2.0/lib/gcc/x86_64-pc-linux-gnu/12.2.0] ==> [/usr/local/gcc-12.2.0/lib/gcc/x86_64-pc-linux-gnu/12.2.0]
  collapse library dir [/usr/local/gcc-12.2.0/lib/gcc/x86_64-pc-linux-gnu/12.2.0/../../../../lib64] ==> [/usr/local/gcc-12.2.0/lib64]
  collapse library dir [/lib/../lib64] ==> [/lib64]
  collapse library dir [/usr/lib/../lib64] ==> [/usr/lib64]
  collapse library dir [/usr/local/gcc-12.2.0/lib/gcc/x86_64-pc-linux-gnu/12.2.0/../../..] ==> [/usr/local/gcc-12.2.0/lib]
  implicit libs: [gcc;gcc_s;c;gcc;gcc_s]
  implicit objs: [/lib64/crt1.o;/lib64/crti.o;/usr/local/gcc-12.2.0/lib/gcc/x86_64-pc-linux-gnu/12.2.0/crtbegin.o;/usr/local/gcc-12.2.0/lib/gcc/x86_64-pc-linux-gnu/12.2.0/crtend.o;/lib64/crtn.o]
  implicit dirs: [/usr/local/gcc-12.2.0/lib/gcc/x86_64-pc-linux-gnu/12.2.0;/usr/local/gcc-12.2.0/lib64;/lib64;/usr/lib64;/usr/local/gcc-12.2.0/lib]
  implicit fwks: []


Detecting CXX compiler ABI info compiled with the following output:
Change Dir: /root/reading-and-annotate-wiredtiger-3.0.0/wiredtiger-11.1.0/wiredtiger-11.1.0/build/CMakeFiles/CMakeTmp

Run Build Command(s):/usr/bin/gmake -f Makefile cmTC_6ff79/fast && /usr/bin/gmake  -f CMakeFiles/cmTC_6ff79.dir/build.make CMakeFiles/cmTC_6ff79.dir/build
gmake[1]: Entering directory `/root/reading-and-annotate-wiredtiger-3.0.0/wiredtiger-11.1.0/wiredtiger-11.1.0/build/CMakeFiles/CMakeTmp'
Building CXX object CMakeFiles/cmTC_6ff79.dir/CMakeCXXCompilerABI.cpp.o
/usr/bin/c++   -v -o CMakeFiles/cmTC_6ff79.dir/CMakeCXXCompilerABI.cpp.o -c /usr/local/share/cmake-3.21/Modules/CMakeCXXCompilerABI.cpp
Using built-in specs.
COLLECT_GCC=/usr/bin/c++
Target: x86_64-pc-linux-gnu
Configured with: ./configure --disable-multilib --prefix=/usr/local/gcc-12.2.0 --with-gmp-include=/usr/local/gmp-6.2.1/include --with-gmp-lib=/usr/local/gmp-6.2.1/lib --with-mpfr-include=/usr/local/mpfr-4.1.0/include --with-mpfr-lib=/usr/local/mpfr-4.1.0/lib --with-mpc-include=/usr/local/mpc-1.2.1/include --with-mpc-lib=/usr/local/mpc-1.2.1/lib --enable-checking=release --enable-languages=c,c++ --disable-multilib
Thread model: posix
Supported LTO compression algorithms: zlib
gcc version 12.2.0 (GCC) 
COLLECT_GCC_OPTIONS='-v' '-o' 'CMakeFiles/cmTC_6ff79.dir/CMakeCXXCompilerABI.cpp.o' '-c' '-shared-libgcc' '-mtune=generic' '-march=x86-64' '-dumpdir' 'CMakeFiles/cmTC_6ff79.dir/'
 /usr/local/gcc-12.2.0/libexec/gcc/x86_64-pc-linux-gnu/12.2.0/cc1plus -quiet -v -D_GNU_SOURCE /usr/local/share/cmake-3.21/Modules/CMakeCXXCompilerABI.cpp -quiet -dumpdir CMakeFiles/cmTC_6ff79.dir/ -dumpbase CMakeCXXCompilerABI.cpp.cpp -dumpbase-ext .cpp -mtune=generic -march=x86-64 -version -o /tmp/ccF10BXN.s
GNU C++17 (GCC) version 12.2.0 (x86_64-pc-linux-gnu)
	compiled by GNU C version 12.2.0, GMP version 6.2.1, MPFR version 4.1.0, MPC version 1.2.1, isl version none
warning: GMP header version 6.2.1 differs from library version 6.0.0.
GGC heuristics: --param ggc-min-expand=100 --param ggc-min-heapsize=131072
ignoring nonexistent directory "/usr/local/gcc-12.2.0/lib/gcc/x86_64-pc-linux-gnu/12.2.0/../../../../x86_64-pc-linux-gnu/include"
#include "..." search starts here:
#include <...> search starts here:
 /usr/local/gcc-12.2.0/lib/gcc/x86_64-pc-linux-gnu/12.2.0/../../../../include/c++/12.2.0
 /usr/local/gcc-12.2.0/lib/gcc/x86_64-pc-linux-gnu/12.2.0/../../../../include/c++/12.2.0/x86_64-pc-linux-gnu
 /usr/local/gcc-12.2.0/lib/gcc/x86_64-pc-linux-gnu/12.2.0/../../../../include/c++/12.2.0/backward
 /usr/local/gcc-12.2.0/lib/gcc/x86_64-pc-linux-gnu/12.2.0/include
 /usr/local/include
 /usr/local/gcc-12.2.0/include
 /usr/local/gcc-12.2.0/lib/gcc/x86_64-pc-linux-gnu/12.2.0/include-fixed
 /usr/include
End of search list.
GNU C++17 (GCC) version 12.2.0 (x86_64-pc-linux-gnu)
	compiled by GNU C version 12.2.0, GMP version 6.2.1, MPFR version 4.1.0, MPC version 1.2.1, isl version none
warning: GMP header version 6.2.1 differs from library version 6.0.0.
GGC heuristics: --param ggc-min-expand=100 --param ggc-min-heapsize=131072
Compiler executable checksum: 7f0a0960f0ffd42189c0e6aa8878559d
COLLECT_GCC_OPTIONS='-v' '-o' 'CMakeFiles/cmTC_6ff79.dir/CMakeCXXCompilerABI.cpp.o' '-c' '-shared-libgcc' '-mtune=generic' '-march=x86-64' '-dumpdir' 'CMakeFiles/cmTC_6ff79.dir/'
 as -v --64 -o CMakeFiles/cmTC_6ff79.dir/CMakeCXXCompilerABI.cpp.o /tmp/ccF10BXN.s
GNU assembler version 2.27 (x86_64-redhat-linux) using BFD version version 2.27-44.base.el7
COMPILER_PATH=/usr/local/gcc-12.2.0/libexec/gcc/x86_64-pc-linux-gnu/12.2.0/:/usr/local/gcc-12.2.0/libexec/gcc/x86_64-pc-linux-gnu/12.2.0/:/usr/local/gcc-12.2.0/libexec/gcc/x86_64-pc-linux-gnu/:/usr/local/gcc-12.2.0/lib/gcc/x86_64-pc-linux-gnu/12.2.0/:/usr/local/gcc-12.2.0/lib/gcc/x86_64-pc-linux-gnu/
LIBRARY_PATH=/usr/local/gcc-12.2.0/lib/gcc/x86_64-pc-linux-gnu/12.2.0/:/usr/local/gcc-12.2.0/lib/gcc/x86_64-pc-linux-gnu/12.2.0/../../../../lib64/:/lib/../lib64/:/usr/lib/../lib64/:/usr/local/gcc-12.2.0/lib/gcc/x86_64-pc-linux-gnu/12.2.0/../../../:/lib/:/usr/lib/
COLLECT_GCC_OPTIONS='-v' '-o' 'CMakeFiles/cmTC_6ff79.dir/CMakeCXXCompilerABI.cpp.o' '-c' '-shared-libgcc' '-mtune=generic' '-march=x86-64' '-dumpdir' 'CMakeFiles/cmTC_6ff79.dir/CMakeCXXCompilerABI.cpp.'
Linking CXX executable cmTC_6ff79
/usr/local/bin/cmake -E cmake_link_script CMakeFiles/cmTC_6ff79.dir/link.txt --verbose=1
/usr/bin/c++  -v CMakeFiles/cmTC_6ff79.dir/CMakeCXXCompilerABI.cpp.o -o cmTC_6ff79 
Using built-in specs.
COLLECT_GCC=/usr/bin/c++
COLLECT_LTO_WRAPPER=/usr/local/gcc-12.2.0/libexec/gcc/x86_64-pc-linux-gnu/12.2.0/lto-wrapper
Target: x86_64-pc-linux-gnu
Configured with: ./configure --disable-multilib --prefix=/usr/local/gcc-12.2.0 --with-gmp-include=/usr/local/gmp-6.2.1/include --with-gmp-lib=/usr/local/gmp-6.2.1/lib --with-mpfr-include=/usr/local/mpfr-4.1.0/include --with-mpfr-lib=/usr/local/mpfr-4.1.0/lib --with-mpc-include=/usr/local/mpc-1.2.1/include --with-mpc-lib=/usr/local/mpc-1.2.1/lib --enable-checking=release --enable-languages=c,c++ --disable-multilib
Thread model: posix
Supported LTO compression algorithms: zlib
gcc version 12.2.0 (GCC) 
COMPILER_PATH=/usr/local/gcc-12.2.0/libexec/gcc/x86_64-pc-linux-gnu/12.2.0/:/usr/local/gcc-12.2.0/libexec/gcc/x86_64-pc-linux-gnu/12.2.0/:/usr/local/gcc-12.2.0/libexec/gcc/x86_64-pc-linux-gnu/:/usr/local/gcc-12.2.0/lib/gcc/x86_64-pc-linux-gnu/12.2.0/:/usr/local/gcc-12.2.0/lib/gcc/x86_64-pc-linux-gnu/
LIBRARY_PATH=/usr/local/gcc-12.2.0/lib/gcc/x86_64-pc-linux-gnu/12.2.0/:/usr/local/gcc-12.2.0/lib/gcc/x86_64-pc-linux-gnu/12.2.0/../../../../lib64/:/lib/../lib64/:/usr/lib/../lib64/:/usr/local/gcc-12.2.0/lib/gcc/x86_64-pc-linux-gnu/12.2.0/../../../:/lib/:/usr/lib/
COLLECT_GCC_OPTIONS='-v' '-o' 'cmTC_6ff79' '-shared-libgcc' '-mtune=generic' '-march=x86-64' '-dumpdir' 'cmTC_6ff79.'
 /usr/local/gcc-12.2.0/libexec/gcc/x86_64-pc-linux-gnu/12.2.0/collect2 -plugin /usr/local/gcc-12.2.0/libexec/gcc/x86_64-pc-linux-gnu/12.2.0/liblto_plugin.so -plugin-opt=/usr/local/gcc-12.2.0/libexec/gcc/x86_64-pc-linux-gnu/12.2.0/lto-wrapper -plugin-opt=-fresolution=/tmp/ccZZcVUP.res -plugin-opt=-pass-through=-lgcc_s -plugin-opt=-pass-through=-lgcc -plugin-opt=-pass-through=-lc -plugin-opt=-pass-through=-lgcc_s -plugin-opt=-pass-through=-lgcc --eh-frame-hdr -m elf_x86_64 -dynamic-linker /lib64/ld-linux-x86-64.so.2 -o cmTC_6ff79 /lib/../lib64/crt1.o /lib/../lib64/crti.o /usr/local/gcc-12.2.0/lib/gcc/x86_64-pc-linux-gnu/12.2.0/crtbegin.o -L/usr/local/gcc-12.2.0/lib/gcc/x86_64-pc-linux-gnu/12.2.0 -L/usr/local/gcc-12.2.0/lib/gcc/x86_64-pc-linux-gnu/12.2.0/../../../../lib64 -L/lib/../lib64 -L/usr/lib/../lib64 -L/usr/local/gcc-12.2.0/lib/gcc/x86_64-pc-linux-gnu/12.2.0/../../.. CMakeFiles/cmTC_6ff79.dir/CMakeCXXCompilerABI.cpp.o -lstdc++ -lm -lgcc_s -lgcc -lc -lgcc_s -lgcc /usr/local/gcc-12.2.0/lib/gcc/x86_64-pc-linux-gnu/12.2.0/crtend.o /lib/../lib64/crtn.o
COLLECT_GCC_OPTIONS='-v' '-o' 'cmTC_6ff79' '-shared-libgcc' '-mtune=generic' '-march=x86-64' '-dumpdir' 'cmTC_6ff79.'
gmake[1]: Leaving directory `/root/reading-and-annotate-wiredtiger-3.0.0/wiredtiger-11.1.0/wiredtiger-11.1.0/build/CMakeFiles/CMakeTmp'



Parsed CXX implicit include dir info from above output: rv=done
  found start of include info
  found start of implicit include info
    add: [/usr/local/gcc-12.2.0/lib/gcc/x86_64-pc-linux-gnu/12.2.0/../../../../include/c++/12.2.0]
    add: [/usr/local/gcc-12.2.0/lib/gcc/x86_64-pc-linux-gnu/12.2.0/../../../../include/c++/12.2.0/x86_64-pc-linux-gnu]
    add: [/usr/local/gcc-12.2.0/lib/gcc/x86_64-pc-linux-gnu/12.2.0/../../../../include/c++/12.2.0/backward]
    add: [/usr/local/gcc-12.2.0/lib/gcc/x86_64-pc-linux-gnu/12.2.0/include]
    add: [/usr/local/include]
    add: [/usr/local/gcc-12.2.0/include]
    add: [/usr/local/gcc-12.2.0/lib/gcc/x86_64-pc-linux-gnu/12.2.0/include-fixed]
    add: [/usr/include]
  end of search list found
  collapse include dir [/usr/local/gcc-12.2.0/lib/gcc/x86_64-pc-linux-gnu/12.2.0/../../../../include/c++/12.2.0] ==> [/usr/local/gcc-12.2.0/include/c++/12.2.0]
  collapse include dir [/usr/local/gcc-12.2.0/lib/gcc/x86_64-pc-linux-gnu/12.2.0/../../../../include/c++/12.2.0/x86_64-pc-linux-gnu] ==> [/usr/local/gcc-12.2.0/include/c++/12.2.0/x86_64-pc-linux-gnu]
  collapse include dir [/usr/local/gcc-12.2.0/lib/gcc/x86_64-pc-linux-gnu/12.2.0/../../../../include/c++/12.2.0/backward] ==> [/usr/local/gcc-12.2.0/include/c++/12.2.0/backward]
  collapse include dir [/usr/local/gcc-12.2.0/lib/gcc/x86_64-pc-linux-gnu/12.2.0/include] ==> [/usr/local/gcc-12.2.0/lib/gcc/x86_64-pc-linux-gnu/12.2.0/include]
  collapse include dir [/usr/local/include] ==> [/usr/local/include]
  collapse include dir [/usr/local/gcc-12.2.0/include] ==> [/usr/local/gcc-12.2.0/include]
  collapse include dir [/usr/local/gcc-12.2.0/lib/gcc/x86_64-pc-linux-gnu/12.2.0/include-fixed] ==> [/usr/local/gcc-12.2.0/lib/gcc/x86_64-pc-linux-gnu/12.2.0/include-fixed]
  collapse include dir [/usr/include] ==> [/usr/include]
  implicit include dirs: [/usr/local/gcc-12.2.0/include/c++/12.2.0;/usr/local/gcc-12.2.0/include/c++/12.2.0/x86_64-pc-linux-gnu;/usr/local/gcc-12.2.0/include/c++/12.2.0/backward;/usr/local/gcc-12.2.0/lib/gcc/x86_64-pc-linux-gnu/12.2.0/include;/usr/local/include;/usr/local/gcc-12.2.0/include;/usr/local/gcc-12.2.0/lib/gcc/x86_64-pc-linux-gnu/12.2.0/include-fixed;/usr/include]


Parsed CXX implicit link information from above output:
  link line regex: [^( *|.*[/\])(ld|CMAKE_LINK_STARTFILE-NOTFOUND|([^/\]+-)?ld|collect2)[^/\]*( |$)]
  ignore line: [Change Dir: /root/reading-and-annotate-wiredtiger-3.0.0/wiredtiger-11.1.0/wiredtiger-11.1.0/build/CMakeFiles/CMakeTmp]
  ignore line: []
  ignore line: [Run Build Command(s):/usr/bin/gmake -f Makefile cmTC_6ff79/fast && /usr/bin/gmake  -f CMakeFiles/cmTC_6ff79.dir/build.make CMakeFiles/cmTC_6ff79.dir/build]
  ignore line: [gmake[1]: Entering directory `/root/reading-and-annotate-wiredtiger-3.0.0/wiredtiger-11.1.0/wiredtiger-11.1.0/build/CMakeFiles/CMakeTmp']
  ignore line: [Building CXX object CMakeFiles/cmTC_6ff79.dir/CMakeCXXCompilerABI.cpp.o]
  ignore line: [/usr/bin/c++   -v -o CMakeFiles/cmTC_6ff79.dir/CMakeCXXCompilerABI.cpp.o -c /usr/local/share/cmake-3.21/Modules/CMakeCXXCompilerABI.cpp]
  ignore line: [Using built-in specs.]
  ignore line: [COLLECT_GCC=/usr/bin/c++]
  ignore line: [Target: x86_64-pc-linux-gnu]
  ignore line: [Configured with: ./configure --disable-multilib --prefix=/usr/local/gcc-12.2.0 --with-gmp-include=/usr/local/gmp-6.2.1/include --with-gmp-lib=/usr/local/gmp-6.2.1/lib --with-mpfr-include=/usr/local/mpfr-4.1.0/include --with-mpfr-lib=/usr/local/mpfr-4.1.0/lib --with-mpc-include=/usr/local/mpc-1.2.1/include --with-mpc-lib=/usr/local/mpc-1.2.1/lib --enable-checking=release --enable-languages=c c++ --disable-multilib]
  ignore line: [Thread model: posix]
  ignore line: [Supported LTO compression algorithms: zlib]
  ignore line: [gcc version 12.2.0 (GCC) ]
  ignore line: [COLLECT_GCC_OPTIONS='-v' '-o' 'CMakeFiles/cmTC_6ff79.dir/CMakeCXXCompilerABI.cpp.o' '-c' '-shared-libgcc' '-mtune=generic' '-march=x86-64' '-dumpdir' 'CMakeFiles/cmTC_6ff79.dir/']
  ignore line: [ /usr/local/gcc-12.2.0/libexec/gcc/x86_64-pc-linux-gnu/12.2.0/cc1plus -quiet -v -D_GNU_SOURCE /usr/local/share/cmake-3.21/Modules/CMakeCXXCompilerABI.cpp -quiet -dumpdir CMakeFiles/cmTC_6ff79.dir/ -dumpbase CMakeCXXCompilerABI.cpp.cpp -dumpbase-ext .cpp -mtune=generic -march=x86-64 -version -o /tmp/ccF10BXN.s]
  ignore line: [GNU C++17 (GCC) version 12.2.0 (x86_64-pc-linux-gnu)]
  ignore line: [	compiled by GNU C version 12.2.0  GMP version 6.2.1  MPFR version 4.1.0  MPC version 1.2.1  isl version none]
  ignore line: [warning: GMP header version 6.2.1 differs from library version 6.0.0.]
  ignore line: [GGC heuristics: --param ggc-min-expand=100 --param ggc-min-heapsize=131072]
  ignore line: [ignoring nonexistent directory "/usr/local/gcc-12.2.0/lib/gcc/x86_64-pc-linux-gnu/12.2.0/../../../../x86_64-pc-linux-gnu/include"]
  ignore line: [#include "..." search starts here:]
  ignore line: [#include <...> search starts here:]
  ignore line: [ /usr/local/gcc-12.2.0/lib/gcc/x86_64-pc-linux-gnu/12.2.0/../../../../include/c++/12.2.0]
  ignore line: [ /usr/local/gcc-12.2.0/lib/gcc/x86_64-pc-linux-gnu/12.2.0/../../../../include/c++/12.2.0/x86_64-pc-linux-gnu]
  ignore line: [ /usr/local/gcc-12.2.0/lib/gcc/x86_64-pc-linux-gnu/12.2.0/../../../../include/c++/12.2.0/backward]
  ignore line: [ /usr/local/gcc-12.2.0/lib/gcc/x86_64-pc-linux-gnu/12.2.0/include]
  ignore line: [ /usr/local/include]
  ignore line: [ /usr/local/gcc-12.2.0/include]
  ignore line: [ /usr/local/gcc-12.2.0/lib/gcc/x86_64-pc-linux-gnu/12.2.0/include-fixed]
  ignore line: [ /usr/include]
  ignore line: [End of search list.]
  ignore line: [GNU C++17 (GCC) version 12.2.0 (x86_64-pc-linux-gnu)]
  ignore line: [	compiled by GNU C version 12.2.0  GMP version 6.2.1  MPFR version 4.1.0  MPC version 1.2.1  isl version none]
  ignore line: [warning: GMP header version 6.2.1 differs from library version 6.0.0.]
  ignore line: [GGC heuristics: --param ggc-min-expand=100 --param ggc-min-heapsize=131072]
  ignore line: [Compiler executable checksum: 7f0a0960f0ffd42189c0e6aa8878559d]
  ignore line: [COLLECT_GCC_OPTIONS='-v' '-o' 'CMakeFiles/cmTC_6ff79.dir/CMakeCXXCompilerABI.cpp.o' '-c' '-shared-libgcc' '-mtune=generic' '-march=x86-64' '-dumpdir' 'CMakeFiles/cmTC_6ff79.dir/']
  ignore line: [ as -v --64 -o CMakeFiles/cmTC_6ff79.dir/CMakeCXXCompilerABI.cpp.o /tmp/ccF10BXN.s]
  ignore line: [GNU assembler version 2.27 (x86_64-redhat-linux) using BFD version version 2.27-44.base.el7]
  ignore line: [COMPILER_PATH=/usr/local/gcc-12.2.0/libexec/gcc/x86_64-pc-linux-gnu/12.2.0/:/usr/local/gcc-12.2.0/libexec/gcc/x86_64-pc-linux-gnu/12.2.0/:/usr/local/gcc-12.2.0/libexec/gcc/x86_64-pc-linux-gnu/:/usr/local/gcc-12.2.0/lib/gcc/x86_64-pc-linux-gnu/12.2.0/:/usr/local/gcc-12.2.0/lib/gcc/x86_64-pc-linux-gnu/]
  ignore line: [LIBRARY_PATH=/usr/local/gcc-12.2.0/lib/gcc/x86_64-pc-linux-gnu/12.2.0/:/usr/local/gcc-12.2.0/lib/gcc/x86_64-pc-linux-gnu/12.2.0/../../../../lib64/:/lib/../lib64/:/usr/lib/../lib64/:/usr/local/gcc-12.2.0/lib/gcc/x86_64-pc-linux-gnu/12.2.0/../../../:/lib/:/usr/lib/]
  ignore line: [COLLECT_GCC_OPTIONS='-v' '-o' 'CMakeFiles/cmTC_6ff79.dir/CMakeCXXCompilerABI.cpp.o' '-c' '-shared-libgcc' '-mtune=generic' '-march=x86-64' '-dumpdir' 'CMakeFiles/cmTC_6ff79.dir/CMakeCXXCompilerABI.cpp.']
  ignore line: [Linking CXX executable cmTC_6ff79]
  ignore line: [/usr/local/bin/cmake -E cmake_link_script CMakeFiles/cmTC_6ff79.dir/link.txt --verbose=1]
  ignore line: [/usr/bin/c++  -v CMakeFiles/cmTC_6ff79.dir/CMakeCXXCompilerABI.cpp.o -o cmTC_6ff79 ]
  ignore line: [Using built-in specs.]
  ignore line: [COLLECT_GCC=/usr/bin/c++]
  ignore line: [COLLECT_LTO_WRAPPER=/usr/local/gcc-12.2.0/libexec/gcc/x86_64-pc-linux-gnu/12.2.0/lto-wrapper]
  ignore line: [Target: x86_64-pc-linux-gnu]
  ignore line: [Configured with: ./configure --disable-multilib --prefix=/usr/local/gcc-12.2.0 --with-gmp-include=/usr/local/gmp-6.2.1/include --with-gmp-lib=/usr/local/gmp-6.2.1/lib --with-mpfr-include=/usr/local/mpfr-4.1.0/include --with-mpfr-lib=/usr/local/mpfr-4.1.0/lib --with-mpc-include=/usr/local/mpc-1.2.1/include --with-mpc-lib=/usr/local/mpc-1.2.1/lib --enable-checking=release --enable-languages=c c++ --disable-multilib]
  ignore line: [Thread model: posix]
  ignore line: [Supported LTO compression algorithms: zlib]
  ignore line: [gcc version 12.2.0 (GCC) ]
  ignore line: [COMPILER_PATH=/usr/local/gcc-12.2.0/libexec/gcc/x86_64-pc-linux-gnu/12.2.0/:/usr/local/gcc-12.2.0/libexec/gcc/x86_64-pc-linux-gnu/12.2.0/:/usr/local/gcc-12.2.0/libexec/gcc/x86_64-pc-linux-gnu/:/usr/local/gcc-12.2.0/lib/gcc/x86_64-pc-linux-gnu/12.2.0/:/usr/local/gcc-12.2.0/lib/gcc/x86_64-pc-linux-gnu/]
  ignore line: [LIBRARY_PATH=/usr/local/gcc-12.2.0/lib/gcc/x86_64-pc-linux-gnu/12.2.0/:/usr/local/gcc-12.2.0/lib/gcc/x86_64-pc-linux-gnu/12.2.0/../../../../lib64/:/lib/../lib64/:/usr/lib/../lib64/:/usr/local/gcc-12.2.0/lib/gcc/x86_64-pc-linux-gnu/12.2.0/../../../:/lib/:/usr/lib/]
  ignore line: [COLLECT_GCC_OPTIONS='-v' '-o' 'cmTC_6ff79' '-shared-libgcc' '-mtune=generic' '-march=x86-64' '-dumpdir' 'cmTC_6ff79.']
  link line: [ /usr/local/gcc-12.2.0/libexec/gcc/x86_64-pc-linux-gnu/12.2.0/collect2 -plugin /usr/local/gcc-12.2.0/libexec/gcc/x86_64-pc-linux-gnu/12.2.0/liblto_plugin.so -plugin-opt=/usr/local/gcc-12.2.0/libexec/gcc/x86_64-pc-linux-gnu/12.2.0/lto-wrapper -plugin-opt=-fresolution=/tmp/ccZZcVUP.res -plugin-opt=-pass-through=-lgcc_s -plugin-opt=-pass-through=-lgcc -plugin-opt=-pass-through=-lc -plugin-opt=-pass-through=-lgcc_s -plugin-opt=-pass-through=-lgcc --eh-frame-hdr -m elf_x86_64 -dynamic-linker /lib64/ld-linux-x86-64.so.2 -o cmTC_6ff79 /lib/../lib64/crt1.o /lib/../lib64/crti.o /usr/local/gcc-12.2.0/lib/gcc/x86_64-pc-linux-gnu/12.2.0/crtbegin.o -L/usr/local/gcc-12.2.0/lib/gcc/x86_64-pc-linux-gnu/12.2.0 -L/usr/local/gcc-12.2.0/lib/gcc/x86_64-pc-linux-gnu/12.2.0/../../../../lib64 -L/lib/../lib64 -L/usr/lib/../lib64 -L/usr/local/gcc-12.2.0/lib/gcc/x86_64-pc-linux-gnu/12.2.0/../../.. CMakeFiles/cmTC_6ff79.dir/CMakeCXXCompilerABI.cpp.o -lstdc++ -lm -lgcc_s -lgcc -lc -lgcc_s -lgcc /usr/local/gcc-12.2.0/lib/gcc/x86_64-pc-linux-gnu/12.2.0/crtend.o /lib/../lib64/crtn.o]
    arg [/usr/local/gcc-12.2.0/libexec/gcc/x86_64-pc-linux-gnu/12.2.0/collect2] ==> ignore
    arg [-plugin] ==> ignore
    arg [/usr/local/gcc-12.2.0/libexec/gcc/x86_64-pc-linux-gnu/12.2.0/liblto_plugin.so] ==> ignore
    arg [-plugin-opt=/usr/local/gcc-12.2.0/libexec/gcc/x86_64-pc-linux-gnu/12.2.0/lto-wrapper] ==> ignore
    arg [-plugin-opt=-fresolution=/tmp/ccZZcVUP.res] ==> ignore
    arg [-plugin-opt=-pass-through=-lgcc_s] ==> ignore
    arg [-plugin-opt=-pass-through=-lgcc] ==> ignore
    arg [-plugin-opt=-pass-through=-lc] ==> ignore
    arg [-plugin-opt=-pass-through=-lgcc_s] ==> ignore
    arg [-plugin-opt=-pass-through=-lgcc] ==> ignore
    arg [--eh-frame-hdr] ==> ignore
    arg [-m] ==> ignore
    arg [elf_x86_64] ==> ignore
    arg [-dynamic-linker] ==> ignore
    arg [/lib64/ld-linux-x86-64.so.2] ==> ignore
    arg [-o] ==> ignore
    arg [cmTC_6ff79] ==> ignore
    arg [/lib/../lib64/crt1.o] ==> obj [/lib/../lib64/crt1.o]
    arg [/lib/../lib64/crti.o] ==> obj [/lib/../lib64/crti.o]
    arg [/usr/local/gcc-12.2.0/lib/gcc/x86_64-pc-linux-gnu/12.2.0/crtbegin.o] ==> obj [/usr/local/gcc-12.2.0/lib/gcc/x86_64-pc-linux-gnu/12.2.0/crtbegin.o]
    arg [-L/usr/local/gcc-12.2.0/lib/gcc/x86_64-pc-linux-gnu/12.2.0] ==> dir [/usr/local/gcc-12.2.0/lib/gcc/x86_64-pc-linux-gnu/12.2.0]
    arg [-L/usr/local/gcc-12.2.0/lib/gcc/x86_64-pc-linux-gnu/12.2.0/../../../../lib64] ==> dir [/usr/local/gcc-12.2.0/lib/gcc/x86_64-pc-linux-gnu/12.2.0/../../../../lib64]
    arg [-L/lib/../lib64] ==> dir [/lib/../lib64]
    arg [-L/usr/lib/../lib64] ==> dir [/usr/lib/../lib64]
    arg [-L/usr/local/gcc-12.2.0/lib/gcc/x86_64-pc-linux-gnu/12.2.0/../../..] ==> dir [/usr/local/gcc-12.2.0/lib/gcc/x86_64-pc-linux-gnu/12.2.0/../../..]
    arg [CMakeFiles/cmTC_6ff79.dir/CMakeCXXCompilerABI.cpp.o] ==> ignore
    arg [-lstdc++] ==> lib [stdc++]
    arg [-lm] ==> lib [m]
    arg [-lgcc_s] ==> lib [gcc_s]
    arg [-lgcc] ==> lib [gcc]
    arg [-lc] ==> lib [c]
    arg [-lgcc_s] ==> lib [gcc_s]
    arg [-lgcc] ==> lib [gcc]
    arg [/usr/local/gcc-12.2.0/lib/gcc/x86_64-pc-linux-gnu/12.2.0/crtend.o] ==> obj [/usr/local/gcc-12.2.0/lib/gcc/x86_64-pc-linux-gnu/12.2.0/crtend.o]
    arg [/lib/../lib64/crtn.o] ==> obj [/lib/../lib64/crtn.o]
  collapse obj [/lib/../lib64/crt1.o] ==> [/lib64/crt1.o]
  collapse obj [/lib/../lib64/crti.o] ==> [/lib64/crti.o]
  collapse obj [/lib/../lib64/crtn.o] ==> [/lib64/crtn.o]
  collapse library dir [/usr/local/gcc-12.2.0/lib/gcc/x86_64-pc-linux-gnu/12.2.0] ==> [/usr/local/gcc-12.2.0/lib/gcc/x86_64-pc-linux-gnu/12.2.0]
  collapse library dir [/usr/local/gcc-12.2.0/lib/gcc/x86_64-pc-linux-gnu/12.2.0/../../../../lib64] ==> [/usr/local/gcc-12.2.0/lib64]
  collapse library dir [/lib/../lib64] ==> [/lib64]
  collapse library dir [/usr/lib/../lib64] ==> [/usr/lib64]
  collapse library dir [/usr/local/gcc-12.2.0/lib/gcc/x86_64-pc-linux-gnu/12.2.0/../../..] ==> [/usr/local/gcc-12.2.0/lib]
  implicit libs: [stdc++;m;gcc_s;gcc;c;gcc_s;gcc]
  implicit objs: [/lib64/crt1.o;/lib64/crti.o;/usr/local/gcc-12.2.0/lib/gcc/x86_64-pc-linux-gnu/12.2.0/crtbegin.o;/usr/local/gcc-12.2.0/lib/gcc/x86_64-pc-linux-gnu/12.2.0/crtend.o;/lib64/crtn.o]
  implicit dirs: [/usr/local/gcc-12.2.0/lib/gcc/x86_64-pc-linux-gnu/12.2.0;/usr/local/gcc-12.2.0/lib64;/lib64;/usr/lib64;/usr/local/gcc-12.2.0/lib]
  implicit fwks: []


Performing C SOURCE FILE Test HAVE_BUILD_MODE_C_FLAGS succeeded with the following output:
Change Dir: /root/reading-and-annotate-wiredtiger-3.0.0/wiredtiger-11.1.0/wiredtiger-11.1.0/build/CMakeFiles/CMakeTmp

Run Build Command(s):/usr/bin/gmake -f Makefile cmTC_d38c3/fast && /usr/bin/gmake  -f CMakeFiles/cmTC_d38c3.dir/build.make CMakeFiles/cmTC_d38c3.dir/build
gmake[1]: Entering directory `/root/reading-and-annotate-wiredtiger-3.0.0/wiredtiger-11.1.0/wiredtiger-11.1.0/build/CMakeFiles/CMakeTmp'
Building C object CMakeFiles/cmTC_d38c3.dir/src.c.o
/usr/bin/cc -DHAVE_BUILD_MODE_C_FLAGS  -fsanitize=address   -fsanitize=address -fno-omit-frame-pointer -o CMakeFiles/cmTC_d38c3.dir/src.c.o -c /root/reading-and-annotate-wiredtiger-3.0.0/wiredtiger-11.1.0/wiredtiger-11.1.0/build/CMakeFiles/CMakeTmp/src.c
Linking C executable cmTC_d38c3
/usr/local/bin/cmake -E cmake_link_script CMakeFiles/cmTC_d38c3.dir/link.txt --verbose=1
/usr/bin/cc  -fsanitize=address CMakeFiles/cmTC_d38c3.dir/src.c.o -o cmTC_d38c3  -static-libasan 
gmake[1]: Leaving directory `/root/reading-and-annotate-wiredtiger-3.0.0/wiredtiger-11.1.0/wiredtiger-11.1.0/build/CMakeFiles/CMakeTmp'


Source file was:
int main(void) { return 0; }
Performing C++ SOURCE FILE Test HAVE_BUILD_MODE_CXX_FLAGS succeeded with the following output:
Change Dir: /root/reading-and-annotate-wiredtiger-3.0.0/wiredtiger-11.1.0/wiredtiger-11.1.0/build/CMakeFiles/CMakeTmp

Run Build Command(s):/usr/bin/gmake -f Makefile cmTC_8b957/fast && /usr/bin/gmake  -f CMakeFiles/cmTC_8b957.dir/build.make CMakeFiles/cmTC_8b957.dir/build
gmake[1]: Entering directory `/root/reading-and-annotate-wiredtiger-3.0.0/wiredtiger-11.1.0/wiredtiger-11.1.0/build/CMakeFiles/CMakeTmp'
Building CXX object CMakeFiles/cmTC_8b957.dir/src.cxx.o
/usr/bin/c++ -DHAVE_BUILD_MODE_CXX_FLAGS  -fsanitize=address   -fsanitize=address -fno-omit-frame-pointer -o CMakeFiles/cmTC_8b957.dir/src.cxx.o -c /root/reading-and-annotate-wiredtiger-3.0.0/wiredtiger-11.1.0/wiredtiger-11.1.0/build/CMakeFiles/CMakeTmp/src.cxx
Linking CXX executable cmTC_8b957
/usr/local/bin/cmake -E cmake_link_script CMakeFiles/cmTC_8b957.dir/link.txt --verbose=1
/usr/bin/c++  -fsanitize=address CMakeFiles/cmTC_8b957.dir/src.cxx.o -o cmTC_8b957  -static-libasan 
gmake[1]: Leaving directory `/root/reading-and-annotate-wiredtiger-3.0.0/wiredtiger-11.1.0/wiredtiger-11.1.0/build/CMakeFiles/CMakeTmp'


Source file was:
int main() { return 0; }
Performing C SOURCE FILE Test HAVE_BUILD_MODE_C_FLAGS succeeded with the following output:
Change Dir: /root/reading-and-annotate-wiredtiger-3.0.0/wiredtiger-11.1.0/wiredtiger-11.1.0/build/CMakeFiles/CMakeTmp

Run Build Command(s):/usr/bin/gmake -f Makefile cmTC_486a6/fast && /usr/bin/gmake  -f CMakeFiles/cmTC_486a6.dir/build.make CMakeFiles/cmTC_486a6.dir/build
gmake[1]: Entering directory `/root/reading-and-annotate-wiredtiger-3.0.0/wiredtiger-11.1.0/wiredtiger-11.1.0/build/CMakeFiles/CMakeTmp'
Building C object CMakeFiles/cmTC_486a6.dir/src.c.o
/usr/bin/cc -DHAVE_BUILD_MODE_C_FLAGS  -fsanitize=undefined   -fsanitize=undefined -fno-omit-frame-pointer -o CMakeFiles/cmTC_486a6.dir/src.c.o -c /root/reading-and-annotate-wiredtiger-3.0.0/wiredtiger-11.1.0/wiredtiger-11.1.0/build/CMakeFiles/CMakeTmp/src.c
Linking C executable cmTC_486a6
/usr/local/bin/cmake -E cmake_link_script CMakeFiles/cmTC_486a6.dir/link.txt --verbose=1
/usr/bin/cc  -fsanitize=undefined CMakeFiles/cmTC_486a6.dir/src.c.o -o cmTC_486a6 
gmake[1]: Leaving directory `/root/reading-and-annotate-wiredtiger-3.0.0/wiredtiger-11.1.0/wiredtiger-11.1.0/build/CMakeFiles/CMakeTmp'


Source file was:
int main(void) { return 0; }
Performing C++ SOURCE FILE Test HAVE_BUILD_MODE_CXX_FLAGS succeeded with the following output:
Change Dir: /root/reading-and-annotate-wiredtiger-3.0.0/wiredtiger-11.1.0/wiredtiger-11.1.0/build/CMakeFiles/CMakeTmp

Run Build Command(s):/usr/bin/gmake -f Makefile cmTC_43374/fast && /usr/bin/gmake  -f CMakeFiles/cmTC_43374.dir/build.make CMakeFiles/cmTC_43374.dir/build
gmake[1]: Entering directory `/root/reading-and-annotate-wiredtiger-3.0.0/wiredtiger-11.1.0/wiredtiger-11.1.0/build/CMakeFiles/CMakeTmp'
Building CXX object CMakeFiles/cmTC_43374.dir/src.cxx.o
/usr/bin/c++ -DHAVE_BUILD_MODE_CXX_FLAGS  -fsanitize=undefined   -fsanitize=undefined -fno-omit-frame-pointer -o CMakeFiles/cmTC_43374.dir/src.cxx.o -c /root/reading-and-annotate-wiredtiger-3.0.0/wiredtiger-11.1.0/wiredtiger-11.1.0/build/CMakeFiles/CMakeTmp/src.cxx
Linking CXX executable cmTC_43374
/usr/local/bin/cmake -E cmake_link_script CMakeFiles/cmTC_43374.dir/link.txt --verbose=1
/usr/bin/c++  -fsanitize=undefined CMakeFiles/cmTC_43374.dir/src.cxx.o -o cmTC_43374 
gmake[1]: Leaving directory `/root/reading-and-annotate-wiredtiger-3.0.0/wiredtiger-11.1.0/wiredtiger-11.1.0/build/CMakeFiles/CMakeTmp'


Source file was:
int main() { return 0; }
Performing C SOURCE FILE Test HAVE_BUILD_MODE_C_FLAGS succeeded with the following output:
Change Dir: /root/reading-and-annotate-wiredtiger-3.0.0/wiredtiger-11.1.0/wiredtiger-11.1.0/build/CMakeFiles/CMakeTmp

Run Build Command(s):/usr/bin/gmake -f Makefile cmTC_52b98/fast && /usr/bin/gmake  -f CMakeFiles/cmTC_52b98.dir/build.make CMakeFiles/cmTC_52b98.dir/build
gmake[1]: Entering directory `/root/reading-and-annotate-wiredtiger-3.0.0/wiredtiger-11.1.0/wiredtiger-11.1.0/build/CMakeFiles/CMakeTmp'
Building C object CMakeFiles/cmTC_52b98.dir/src.c.o
/usr/bin/cc -DHAVE_BUILD_MODE_C_FLAGS  -fsanitize=thread   -fsanitize=thread -fno-omit-frame-pointer -o CMakeFiles/cmTC_52b98.dir/src.c.o -c /root/reading-and-annotate-wiredtiger-3.0.0/wiredtiger-11.1.0/wiredtiger-11.1.0/build/CMakeFiles/CMakeTmp/src.c
Linking C executable cmTC_52b98
/usr/local/bin/cmake -E cmake_link_script CMakeFiles/cmTC_52b98.dir/link.txt --verbose=1
/usr/bin/cc  -fsanitize=thread CMakeFiles/cmTC_52b98.dir/src.c.o -o cmTC_52b98 
gmake[1]: Leaving directory `/root/reading-and-annotate-wiredtiger-3.0.0/wiredtiger-11.1.0/wiredtiger-11.1.0/build/CMakeFiles/CMakeTmp'


Source file was:
int main(void) { return 0; }
Performing C++ SOURCE FILE Test HAVE_BUILD_MODE_CXX_FLAGS succeeded with the following output:
Change Dir: /root/reading-and-annotate-wiredtiger-3.0.0/wiredtiger-11.1.0/wiredtiger-11.1.0/build/CMakeFiles/CMakeTmp

Run Build Command(s):/usr/bin/gmake -f Makefile cmTC_f479d/fast && /usr/bin/gmake  -f CMakeFiles/cmTC_f479d.dir/build.make CMakeFiles/cmTC_f479d.dir/build
gmake[1]: Entering directory `/root/reading-and-annotate-wiredtiger-3.0.0/wiredtiger-11.1.0/wiredtiger-11.1.0/build/CMakeFiles/CMakeTmp'
Building CXX object CMakeFiles/cmTC_f479d.dir/src.cxx.o
/usr/bin/c++ -DHAVE_BUILD_MODE_CXX_FLAGS  -fsanitize=thread   -fsanitize=thread -o CMakeFiles/cmTC_f479d.dir/src.cxx.o -c /root/reading-and-annotate-wiredtiger-3.0.0/wiredtiger-11.1.0/wiredtiger-11.1.0/build/CMakeFiles/CMakeTmp/src.cxx
Linking CXX executable cmTC_f479d
/usr/local/bin/cmake -E cmake_link_script CMakeFiles/cmTC_f479d.dir/link.txt --verbose=1
/usr/bin/c++  -fsanitize=thread CMakeFiles/cmTC_f479d.dir/src.cxx.o -o cmTC_f479d 
gmake[1]: Leaving directory `/root/reading-and-annotate-wiredtiger-3.0.0/wiredtiger-11.1.0/wiredtiger-11.1.0/build/CMakeFiles/CMakeTmp'


Source file was:
int main() { return 0; }
Performing C SOURCE FILE Test HAVE_BUILD_MODE_C_FLAGS succeeded with the following output:
Change Dir: /root/reading-and-annotate-wiredtiger-3.0.0/wiredtiger-11.1.0/wiredtiger-11.1.0/build/CMakeFiles/CMakeTmp

Run Build Command(s):/usr/bin/gmake -f Makefile cmTC_eefd0/fast && /usr/bin/gmake  -f CMakeFiles/cmTC_eefd0.dir/build.make CMakeFiles/cmTC_eefd0.dir/build
gmake[1]: Entering directory `/root/reading-and-annotate-wiredtiger-3.0.0/wiredtiger-11.1.0/wiredtiger-11.1.0/build/CMakeFiles/CMakeTmp'
Building C object CMakeFiles/cmTC_eefd0.dir/src.c.o
/usr/bin/cc -DHAVE_BUILD_MODE_C_FLAGS  --coverage   --coverage -o CMakeFiles/cmTC_eefd0.dir/src.c.o -c /root/reading-and-annotate-wiredtiger-3.0.0/wiredtiger-11.1.0/wiredtiger-11.1.0/build/CMakeFiles/CMakeTmp/src.c
Linking C executable cmTC_eefd0
/usr/local/bin/cmake -E cmake_link_script CMakeFiles/cmTC_eefd0.dir/link.txt --verbose=1
/usr/bin/cc  --coverage CMakeFiles/cmTC_eefd0.dir/src.c.o -o cmTC_eefd0 
gmake[1]: Leaving directory `/root/reading-and-annotate-wiredtiger-3.0.0/wiredtiger-11.1.0/wiredtiger-11.1.0/build/CMakeFiles/CMakeTmp'


Source file was:
int main(void) { return 0; }
Performing C++ SOURCE FILE Test HAVE_BUILD_MODE_CXX_FLAGS succeeded with the following output:
Change Dir: /root/reading-and-annotate-wiredtiger-3.0.0/wiredtiger-11.1.0/wiredtiger-11.1.0/build/CMakeFiles/CMakeTmp

Run Build Command(s):/usr/bin/gmake -f Makefile cmTC_f10e0/fast && /usr/bin/gmake  -f CMakeFiles/cmTC_f10e0.dir/build.make CMakeFiles/cmTC_f10e0.dir/build
gmake[1]: Entering directory `/root/reading-and-annotate-wiredtiger-3.0.0/wiredtiger-11.1.0/wiredtiger-11.1.0/build/CMakeFiles/CMakeTmp'
Building CXX object CMakeFiles/cmTC_f10e0.dir/src.cxx.o
/usr/bin/c++ -DHAVE_BUILD_MODE_CXX_FLAGS  --coverage   --coverage -o CMakeFiles/cmTC_f10e0.dir/src.cxx.o -c /root/reading-and-annotate-wiredtiger-3.0.0/wiredtiger-11.1.0/wiredtiger-11.1.0/build/CMakeFiles/CMakeTmp/src.cxx
Linking CXX executable cmTC_f10e0
/usr/local/bin/cmake -E cmake_link_script CMakeFiles/cmTC_f10e0.dir/link.txt --verbose=1
/usr/bin/c++  --coverage CMakeFiles/cmTC_f10e0.dir/src.cxx.o -o cmTC_f10e0 
gmake[1]: Leaving directory `/root/reading-and-annotate-wiredtiger-3.0.0/wiredtiger-11.1.0/wiredtiger-11.1.0/build/CMakeFiles/CMakeTmp'


Source file was:
int main() { return 0; }
Determining if the include file x86intrin.h exists passed with the following output:
Change Dir: /root/reading-and-annotate-wiredtiger-3.0.0/wiredtiger-11.1.0/wiredtiger-11.1.0/build/CMakeFiles/CMakeTmp

Run Build Command(s):/usr/bin/gmake -f Makefile cmTC_ce1c0/fast && /usr/bin/gmake  -f CMakeFiles/cmTC_ce1c0.dir/build.make CMakeFiles/cmTC_ce1c0.dir/build
gmake[1]: Entering directory `/root/reading-and-annotate-wiredtiger-3.0.0/wiredtiger-11.1.0/wiredtiger-11.1.0/build/CMakeFiles/CMakeTmp'
Building C object CMakeFiles/cmTC_ce1c0.dir/CheckIncludeFile.c.o
/usr/bin/cc   -D_GNU_SOURCE  -o CMakeFiles/cmTC_ce1c0.dir/CheckIncludeFile.c.o -c /root/reading-and-annotate-wiredtiger-3.0.0/wiredtiger-11.1.0/wiredtiger-11.1.0/build/CMakeFiles/CMakeTmp/CheckIncludeFile.c
Linking C executable cmTC_ce1c0
/usr/local/bin/cmake -E cmake_link_script CMakeFiles/cmTC_ce1c0.dir/link.txt --verbose=1
/usr/bin/cc  -D_GNU_SOURCE  CMakeFiles/cmTC_ce1c0.dir/CheckIncludeFile.c.o -o cmTC_ce1c0 
gmake[1]: Leaving directory `/root/reading-and-annotate-wiredtiger-3.0.0/wiredtiger-11.1.0/wiredtiger-11.1.0/build/CMakeFiles/CMakeTmp'



Determining if the include file sys/types.h exists passed with the following output:
Change Dir: /root/reading-and-annotate-wiredtiger-3.0.0/wiredtiger-11.1.0/wiredtiger-11.1.0/build/CMakeFiles/CMakeTmp

Run Build Command(s):/usr/bin/gmake -f Makefile cmTC_dc69a/fast && /usr/bin/gmake  -f CMakeFiles/cmTC_dc69a.dir/build.make CMakeFiles/cmTC_dc69a.dir/build
gmake[1]: Entering directory `/root/reading-and-annotate-wiredtiger-3.0.0/wiredtiger-11.1.0/wiredtiger-11.1.0/build/CMakeFiles/CMakeTmp'
Building C object CMakeFiles/cmTC_dc69a.dir/CheckIncludeFile.c.o
/usr/bin/cc   -D_GNU_SOURCE -DHAVE_X86INTRIN_H  -o CMakeFiles/cmTC_dc69a.dir/CheckIncludeFile.c.o -c /root/reading-and-annotate-wiredtiger-3.0.0/wiredtiger-11.1.0/wiredtiger-11.1.0/build/CMakeFiles/CMakeTmp/CheckIncludeFile.c
Linking C executable cmTC_dc69a
/usr/local/bin/cmake -E cmake_link_script CMakeFiles/cmTC_dc69a.dir/link.txt --verbose=1
/usr/bin/cc  -D_GNU_SOURCE -DHAVE_X86INTRIN_H  CMakeFiles/cmTC_dc69a.dir/CheckIncludeFile.c.o -o cmTC_dc69a 
gmake[1]: Leaving directory `/root/reading-and-annotate-wiredtiger-3.0.0/wiredtiger-11.1.0/wiredtiger-11.1.0/build/CMakeFiles/CMakeTmp'



Determining if the include file stdint.h exists passed with the following output:
Change Dir: /root/reading-and-annotate-wiredtiger-3.0.0/wiredtiger-11.1.0/wiredtiger-11.1.0/build/CMakeFiles/CMakeTmp

Run Build Command(s):/usr/bin/gmake -f Makefile cmTC_6d3dc/fast && /usr/bin/gmake  -f CMakeFiles/cmTC_6d3dc.dir/build.make CMakeFiles/cmTC_6d3dc.dir/build
gmake[1]: Entering directory `/root/reading-and-annotate-wiredtiger-3.0.0/wiredtiger-11.1.0/wiredtiger-11.1.0/build/CMakeFiles/CMakeTmp'
Building C object CMakeFiles/cmTC_6d3dc.dir/CheckIncludeFile.c.o
/usr/bin/cc   -D_GNU_SOURCE -DHAVE_X86INTRIN_H  -o CMakeFiles/cmTC_6d3dc.dir/CheckIncludeFile.c.o -c /root/reading-and-annotate-wiredtiger-3.0.0/wiredtiger-11.1.0/wiredtiger-11.1.0/build/CMakeFiles/CMakeTmp/CheckIncludeFile.c
Linking C executable cmTC_6d3dc
/usr/local/bin/cmake -E cmake_link_script CMakeFiles/cmTC_6d3dc.dir/link.txt --verbose=1
/usr/bin/cc  -D_GNU_SOURCE -DHAVE_X86INTRIN_H  CMakeFiles/cmTC_6d3dc.dir/CheckIncludeFile.c.o -o cmTC_6d3dc 
gmake[1]: Leaving directory `/root/reading-and-annotate-wiredtiger-3.0.0/wiredtiger-11.1.0/wiredtiger-11.1.0/build/CMakeFiles/CMakeTmp'



Determining if the include file stddef.h exists passed with the following output:
Change Dir: /root/reading-and-annotate-wiredtiger-3.0.0/wiredtiger-11.1.0/wiredtiger-11.1.0/build/CMakeFiles/CMakeTmp

Run Build Command(s):/usr/bin/gmake -f Makefile cmTC_12946/fast && /usr/bin/gmake  -f CMakeFiles/cmTC_12946.dir/build.make CMakeFiles/cmTC_12946.dir/build
gmake[1]: Entering directory `/root/reading-and-annotate-wiredtiger-3.0.0/wiredtiger-11.1.0/wiredtiger-11.1.0/build/CMakeFiles/CMakeTmp'
Building C object CMakeFiles/cmTC_12946.dir/CheckIncludeFile.c.o
/usr/bin/cc   -D_GNU_SOURCE -DHAVE_X86INTRIN_H  -o CMakeFiles/cmTC_12946.dir/CheckIncludeFile.c.o -c /root/reading-and-annotate-wiredtiger-3.0.0/wiredtiger-11.1.0/wiredtiger-11.1.0/build/CMakeFiles/CMakeTmp/CheckIncludeFile.c
Linking C executable cmTC_12946
/usr/local/bin/cmake -E cmake_link_script CMakeFiles/cmTC_12946.dir/link.txt --verbose=1
/usr/bin/cc  -D_GNU_SOURCE -DHAVE_X86INTRIN_H  CMakeFiles/cmTC_12946.dir/CheckIncludeFile.c.o -o cmTC_12946 
gmake[1]: Leaving directory `/root/reading-and-annotate-wiredtiger-3.0.0/wiredtiger-11.1.0/wiredtiger-11.1.0/build/CMakeFiles/CMakeTmp'



Determining size of size_t passed with the following output:
Change Dir: /root/reading-and-annotate-wiredtiger-3.0.0/wiredtiger-11.1.0/wiredtiger-11.1.0/build/CMakeFiles/CMakeTmp

Run Build Command(s):/usr/bin/gmake -f Makefile cmTC_6737a/fast && /usr/bin/gmake  -f CMakeFiles/cmTC_6737a.dir/build.make CMakeFiles/cmTC_6737a.dir/build
gmake[1]: Entering directory `/root/reading-and-annotate-wiredtiger-3.0.0/wiredtiger-11.1.0/wiredtiger-11.1.0/build/CMakeFiles/CMakeTmp'
Building C object CMakeFiles/cmTC_6737a.dir/TEST_TYPE.c.o
/usr/bin/cc   -D_GNU_SOURCE -DHAVE_X86INTRIN_H  -o CMakeFiles/cmTC_6737a.dir/TEST_TYPE.c.o -c /root/reading-and-annotate-wiredtiger-3.0.0/wiredtiger-11.1.0/wiredtiger-11.1.0/build/CMakeFiles/CheckTypeSize/TEST_TYPE.c
Linking C executable cmTC_6737a
/usr/local/bin/cmake -E cmake_link_script CMakeFiles/cmTC_6737a.dir/link.txt --verbose=1
/usr/bin/cc  -D_GNU_SOURCE -DHAVE_X86INTRIN_H  CMakeFiles/cmTC_6737a.dir/TEST_TYPE.c.o -o cmTC_6737a 
gmake[1]: Leaving directory `/root/reading-and-annotate-wiredtiger-3.0.0/wiredtiger-11.1.0/wiredtiger-11.1.0/build/CMakeFiles/CMakeTmp'



Determining if files sys/types.h exist passed with the following output:
Change Dir: /root/reading-and-annotate-wiredtiger-3.0.0/wiredtiger-11.1.0/wiredtiger-11.1.0/build/CMakeFiles/CMakeTmp

Run Build Command(s):/usr/bin/gmake -f Makefile cmTC_2aab6/fast && /usr/bin/gmake  -f CMakeFiles/cmTC_2aab6.dir/build.make CMakeFiles/cmTC_2aab6.dir/build
gmake[1]: Entering directory `/root/reading-and-annotate-wiredtiger-3.0.0/wiredtiger-11.1.0/wiredtiger-11.1.0/build/CMakeFiles/CMakeTmp'
Building C object CMakeFiles/cmTC_2aab6.dir/has_include_HAVE_SYS_TYPES_H.c.o
/usr/bin/cc   -D_GNU_SOURCE -DHAVE_X86INTRIN_H -DWT_ARCH=x86 -DWT_OS=linux -o CMakeFiles/cmTC_2aab6.dir/has_include_HAVE_SYS_TYPES_H.c.o -c /root/reading-and-annotate-wiredtiger-3.0.0/wiredtiger-11.1.0/wiredtiger-11.1.0/build/CMakeFiles/CheckIncludeFiles/has_include_HAVE_SYS_TYPES_H.c
Linking C executable cmTC_2aab6
/usr/local/bin/cmake -E cmake_link_script CMakeFiles/cmTC_2aab6.dir/link.txt --verbose=1
/usr/bin/cc  -D_GNU_SOURCE -DHAVE_X86INTRIN_H -DWT_ARCH=x86 -DWT_OS=linux CMakeFiles/cmTC_2aab6.dir/has_include_HAVE_SYS_TYPES_H.c.o -o cmTC_2aab6 
gmake[1]: Leaving directory `/root/reading-and-annotate-wiredtiger-3.0.0/wiredtiger-11.1.0/wiredtiger-11.1.0/build/CMakeFiles/CMakeTmp'



Determining if files inttypes.h exist passed with the following output:
Change Dir: /root/reading-and-annotate-wiredtiger-3.0.0/wiredtiger-11.1.0/wiredtiger-11.1.0/build/CMakeFiles/CMakeTmp

Run Build Command(s):/usr/bin/gmake -f Makefile cmTC_da77e/fast && /usr/bin/gmake  -f CMakeFiles/cmTC_da77e.dir/build.make CMakeFiles/cmTC_da77e.dir/build
gmake[1]: Entering directory `/root/reading-and-annotate-wiredtiger-3.0.0/wiredtiger-11.1.0/wiredtiger-11.1.0/build/CMakeFiles/CMakeTmp'
Building C object CMakeFiles/cmTC_da77e.dir/has_include_HAVE_INTTYPES_H.c.o
/usr/bin/cc   -D_GNU_SOURCE -DHAVE_X86INTRIN_H -DWT_ARCH=x86 -DWT_OS=linux -o CMakeFiles/cmTC_da77e.dir/has_include_HAVE_INTTYPES_H.c.o -c /root/reading-and-annotate-wiredtiger-3.0.0/wiredtiger-11.1.0/wiredtiger-11.1.0/build/CMakeFiles/CheckIncludeFiles/has_include_HAVE_INTTYPES_H.c
Linking C executable cmTC_da77e
/usr/local/bin/cmake -E cmake_link_script CMakeFiles/cmTC_da77e.dir/link.txt --verbose=1
/usr/bin/cc  -D_GNU_SOURCE -DHAVE_X86INTRIN_H -DWT_ARCH=x86 -DWT_OS=linux CMakeFiles/cmTC_da77e.dir/has_include_HAVE_INTTYPES_H.c.o -o cmTC_da77e 
gmake[1]: Leaving directory `/root/reading-and-annotate-wiredtiger-3.0.0/wiredtiger-11.1.0/wiredtiger-11.1.0/build/CMakeFiles/CMakeTmp'



Determining if files stdarg.h exist passed with the following output:
Change Dir: /root/reading-and-annotate-wiredtiger-3.0.0/wiredtiger-11.1.0/wiredtiger-11.1.0/build/CMakeFiles/CMakeTmp

Run Build Command(s):/usr/bin/gmake -f Makefile cmTC_1c0df/fast && /usr/bin/gmake  -f CMakeFiles/cmTC_1c0df.dir/build.make CMakeFiles/cmTC_1c0df.dir/build
gmake[1]: Entering directory `/root/reading-and-annotate-wiredtiger-3.0.0/wiredtiger-11.1.0/wiredtiger-11.1.0/build/CMakeFiles/CMakeTmp'
Building C object CMakeFiles/cmTC_1c0df.dir/has_include_HAVE_STDARG_H.c.o
/usr/bin/cc   -D_GNU_SOURCE -DHAVE_X86INTRIN_H -DWT_ARCH=x86 -DWT_OS=linux -o CMakeFiles/cmTC_1c0df.dir/has_include_HAVE_STDARG_H.c.o -c /root/reading-and-annotate-wiredtiger-3.0.0/wiredtiger-11.1.0/wiredtiger-11.1.0/build/CMakeFiles/CheckIncludeFiles/has_include_HAVE_STDARG_H.c
Linking C executable cmTC_1c0df
/usr/local/bin/cmake -E cmake_link_script CMakeFiles/cmTC_1c0df.dir/link.txt --verbose=1
/usr/bin/cc  -D_GNU_SOURCE -DHAVE_X86INTRIN_H -DWT_ARCH=x86 -DWT_OS=linux CMakeFiles/cmTC_1c0df.dir/has_include_HAVE_STDARG_H.c.o -o cmTC_1c0df 
gmake[1]: Leaving directory `/root/reading-and-annotate-wiredtiger-3.0.0/wiredtiger-11.1.0/wiredtiger-11.1.0/build/CMakeFiles/CMakeTmp'



Determining if files stdbool.h exist passed with the following output:
Change Dir: /root/reading-and-annotate-wiredtiger-3.0.0/wiredtiger-11.1.0/wiredtiger-11.1.0/build/CMakeFiles/CMakeTmp

Run Build Command(s):/usr/bin/gmake -f Makefile cmTC_182e6/fast && /usr/bin/gmake  -f CMakeFiles/cmTC_182e6.dir/build.make CMakeFiles/cmTC_182e6.dir/build
gmake[1]: Entering directory `/root/reading-and-annotate-wiredtiger-3.0.0/wiredtiger-11.1.0/wiredtiger-11.1.0/build/CMakeFiles/CMakeTmp'
Building C object CMakeFiles/cmTC_182e6.dir/has_include_HAVE_STDBOOL_H.c.o
/usr/bin/cc   -D_GNU_SOURCE -DHAVE_X86INTRIN_H -DWT_ARCH=x86 -DWT_OS=linux -o CMakeFiles/cmTC_182e6.dir/has_include_HAVE_STDBOOL_H.c.o -c /root/reading-and-annotate-wiredtiger-3.0.0/wiredtiger-11.1.0/wiredtiger-11.1.0/build/CMakeFiles/CheckIncludeFiles/has_include_HAVE_STDBOOL_H.c
Linking C executable cmTC_182e6
/usr/local/bin/cmake -E cmake_link_script CMakeFiles/cmTC_182e6.dir/link.txt --verbose=1
/usr/bin/cc  -D_GNU_SOURCE -DHAVE_X86INTRIN_H -DWT_ARCH=x86 -DWT_OS=linux CMakeFiles/cmTC_182e6.dir/has_include_HAVE_STDBOOL_H.c.o -o cmTC_182e6 
gmake[1]: Leaving directory `/root/reading-and-annotate-wiredtiger-3.0.0/wiredtiger-11.1.0/wiredtiger-11.1.0/build/CMakeFiles/CMakeTmp'



Determining if files stdint.h exist passed with the following output:
Change Dir: /root/reading-and-annotate-wiredtiger-3.0.0/wiredtiger-11.1.0/wiredtiger-11.1.0/build/CMakeFiles/CMakeTmp

Run Build Command(s):/usr/bin/gmake -f Makefile cmTC_7c60d/fast && /usr/bin/gmake  -f CMakeFiles/cmTC_7c60d.dir/build.make CMakeFiles/cmTC_7c60d.dir/build
gmake[1]: Entering directory `/root/reading-and-annotate-wiredtiger-3.0.0/wiredtiger-11.1.0/wiredtiger-11.1.0/build/CMakeFiles/CMakeTmp'
Building C object CMakeFiles/cmTC_7c60d.dir/has_include_HAVE_STDINT_H.c.o
/usr/bin/cc   -D_GNU_SOURCE -DHAVE_X86INTRIN_H -DWT_ARCH=x86 -DWT_OS=linux -o CMakeFiles/cmTC_7c60d.dir/has_include_HAVE_STDINT_H.c.o -c /root/reading-and-annotate-wiredtiger-3.0.0/wiredtiger-11.1.0/wiredtiger-11.1.0/build/CMakeFiles/CheckIncludeFiles/has_include_HAVE_STDINT_H.c
Linking C executable cmTC_7c60d
/usr/local/bin/cmake -E cmake_link_script CMakeFiles/cmTC_7c60d.dir/link.txt --verbose=1
/usr/bin/cc  -D_GNU_SOURCE -DHAVE_X86INTRIN_H -DWT_ARCH=x86 -DWT_OS=linux CMakeFiles/cmTC_7c60d.dir/has_include_HAVE_STDINT_H.c.o -o cmTC_7c60d 
gmake[1]: Leaving directory `/root/reading-and-annotate-wiredtiger-3.0.0/wiredtiger-11.1.0/wiredtiger-11.1.0/build/CMakeFiles/CMakeTmp'



Determining if files stdlib.h exist passed with the following output:
Change Dir: /root/reading-and-annotate-wiredtiger-3.0.0/wiredtiger-11.1.0/wiredtiger-11.1.0/build/CMakeFiles/CMakeTmp

Run Build Command(s):/usr/bin/gmake -f Makefile cmTC_679f2/fast && /usr/bin/gmake  -f CMakeFiles/cmTC_679f2.dir/build.make CMakeFiles/cmTC_679f2.dir/build
gmake[1]: Entering directory `/root/reading-and-annotate-wiredtiger-3.0.0/wiredtiger-11.1.0/wiredtiger-11.1.0/build/CMakeFiles/CMakeTmp'
Building C object CMakeFiles/cmTC_679f2.dir/has_include_HAVE_STDLIB_H.c.o
/usr/bin/cc   -D_GNU_SOURCE -DHAVE_X86INTRIN_H -DWT_ARCH=x86 -DWT_OS=linux -o CMakeFiles/cmTC_679f2.dir/has_include_HAVE_STDLIB_H.c.o -c /root/reading-and-annotate-wiredtiger-3.0.0/wiredtiger-11.1.0/wiredtiger-11.1.0/build/CMakeFiles/CheckIncludeFiles/has_include_HAVE_STDLIB_H.c
Linking C executable cmTC_679f2
/usr/local/bin/cmake -E cmake_link_script CMakeFiles/cmTC_679f2.dir/link.txt --verbose=1
/usr/bin/cc  -D_GNU_SOURCE -DHAVE_X86INTRIN_H -DWT_ARCH=x86 -DWT_OS=linux CMakeFiles/cmTC_679f2.dir/has_include_HAVE_STDLIB_H.c.o -o cmTC_679f2 
gmake[1]: Leaving directory `/root/reading-and-annotate-wiredtiger-3.0.0/wiredtiger-11.1.0/wiredtiger-11.1.0/build/CMakeFiles/CMakeTmp'



Determining if files stdio.h exist passed with the following output:
Change Dir: /root/reading-and-annotate-wiredtiger-3.0.0/wiredtiger-11.1.0/wiredtiger-11.1.0/build/CMakeFiles/CMakeTmp

Run Build Command(s):/usr/bin/gmake -f Makefile cmTC_72f05/fast && /usr/bin/gmake  -f CMakeFiles/cmTC_72f05.dir/build.make CMakeFiles/cmTC_72f05.dir/build
gmake[1]: Entering directory `/root/reading-and-annotate-wiredtiger-3.0.0/wiredtiger-11.1.0/wiredtiger-11.1.0/build/CMakeFiles/CMakeTmp'
Building C object CMakeFiles/cmTC_72f05.dir/has_include_HAVE_STDIO_H.c.o
/usr/bin/cc   -D_GNU_SOURCE -DHAVE_X86INTRIN_H -DWT_ARCH=x86 -DWT_OS=linux -o CMakeFiles/cmTC_72f05.dir/has_include_HAVE_STDIO_H.c.o -c /root/reading-and-annotate-wiredtiger-3.0.0/wiredtiger-11.1.0/wiredtiger-11.1.0/build/CMakeFiles/CheckIncludeFiles/has_include_HAVE_STDIO_H.c
Linking C executable cmTC_72f05
/usr/local/bin/cmake -E cmake_link_script CMakeFiles/cmTC_72f05.dir/link.txt --verbose=1
/usr/bin/cc  -D_GNU_SOURCE -DHAVE_X86INTRIN_H -DWT_ARCH=x86 -DWT_OS=linux CMakeFiles/cmTC_72f05.dir/has_include_HAVE_STDIO_H.c.o -o cmTC_72f05 
gmake[1]: Leaving directory `/root/reading-and-annotate-wiredtiger-3.0.0/wiredtiger-11.1.0/wiredtiger-11.1.0/build/CMakeFiles/CMakeTmp'



Determining if files strings.h exist passed with the following output:
Change Dir: /root/reading-and-annotate-wiredtiger-3.0.0/wiredtiger-11.1.0/wiredtiger-11.1.0/build/CMakeFiles/CMakeTmp

Run Build Command(s):/usr/bin/gmake -f Makefile cmTC_b6c11/fast && /usr/bin/gmake  -f CMakeFiles/cmTC_b6c11.dir/build.make CMakeFiles/cmTC_b6c11.dir/build
gmake[1]: Entering directory `/root/reading-and-annotate-wiredtiger-3.0.0/wiredtiger-11.1.0/wiredtiger-11.1.0/build/CMakeFiles/CMakeTmp'
Building C object CMakeFiles/cmTC_b6c11.dir/has_include_HAVE_STRINGS_H.c.o
/usr/bin/cc   -D_GNU_SOURCE -DHAVE_X86INTRIN_H -DWT_ARCH=x86 -DWT_OS=linux -o CMakeFiles/cmTC_b6c11.dir/has_include_HAVE_STRINGS_H.c.o -c /root/reading-and-annotate-wiredtiger-3.0.0/wiredtiger-11.1.0/wiredtiger-11.1.0/build/CMakeFiles/CheckIncludeFiles/has_include_HAVE_STRINGS_H.c
Linking C executable cmTC_b6c11
/usr/local/bin/cmake -E cmake_link_script CMakeFiles/cmTC_b6c11.dir/link.txt --verbose=1
/usr/bin/cc  -D_GNU_SOURCE -DHAVE_X86INTRIN_H -DWT_ARCH=x86 -DWT_OS=linux CMakeFiles/cmTC_b6c11.dir/has_include_HAVE_STRINGS_H.c.o -o cmTC_b6c11 
gmake[1]: Leaving directory `/root/reading-and-annotate-wiredtiger-3.0.0/wiredtiger-11.1.0/wiredtiger-11.1.0/build/CMakeFiles/CMakeTmp'



Determining if files string.h exist passed with the following output:
Change Dir: /root/reading-and-annotate-wiredtiger-3.0.0/wiredtiger-11.1.0/wiredtiger-11.1.0/build/CMakeFiles/CMakeTmp

Run Build Command(s):/usr/bin/gmake -f Makefile cmTC_91b6c/fast && /usr/bin/gmake  -f CMakeFiles/cmTC_91b6c.dir/build.make CMakeFiles/cmTC_91b6c.dir/build
gmake[1]: Entering directory `/root/reading-and-annotate-wiredtiger-3.0.0/wiredtiger-11.1.0/wiredtiger-11.1.0/build/CMakeFiles/CMakeTmp'
Building C object CMakeFiles/cmTC_91b6c.dir/has_include_HAVE_STRING_H.c.o
/usr/bin/cc   -D_GNU_SOURCE -DHAVE_X86INTRIN_H -DWT_ARCH=x86 -DWT_OS=linux -o CMakeFiles/cmTC_91b6c.dir/has_include_HAVE_STRING_H.c.o -c /root/reading-and-annotate-wiredtiger-3.0.0/wiredtiger-11.1.0/wiredtiger-11.1.0/build/CMakeFiles/CheckIncludeFiles/has_include_HAVE_STRING_H.c
Linking C executable cmTC_91b6c
/usr/local/bin/cmake -E cmake_link_script CMakeFiles/cmTC_91b6c.dir/link.txt --verbose=1
/usr/bin/cc  -D_GNU_SOURCE -DHAVE_X86INTRIN_H -DWT_ARCH=x86 -DWT_OS=linux CMakeFiles/cmTC_91b6c.dir/has_include_HAVE_STRING_H.c.o -o cmTC_91b6c 
gmake[1]: Leaving directory `/root/reading-and-annotate-wiredtiger-3.0.0/wiredtiger-11.1.0/wiredtiger-11.1.0/build/CMakeFiles/CMakeTmp'



Determining if files sys/stat.h exist passed with the following output:
Change Dir: /root/reading-and-annotate-wiredtiger-3.0.0/wiredtiger-11.1.0/wiredtiger-11.1.0/build/CMakeFiles/CMakeTmp

Run Build Command(s):/usr/bin/gmake -f Makefile cmTC_0f8da/fast && /usr/bin/gmake  -f CMakeFiles/cmTC_0f8da.dir/build.make CMakeFiles/cmTC_0f8da.dir/build
gmake[1]: Entering directory `/root/reading-and-annotate-wiredtiger-3.0.0/wiredtiger-11.1.0/wiredtiger-11.1.0/build/CMakeFiles/CMakeTmp'
Building C object CMakeFiles/cmTC_0f8da.dir/has_include_HAVE_SYS_STAT_H.c.o
/usr/bin/cc   -D_GNU_SOURCE -DHAVE_X86INTRIN_H -DWT_ARCH=x86 -DWT_OS=linux -o CMakeFiles/cmTC_0f8da.dir/has_include_HAVE_SYS_STAT_H.c.o -c /root/reading-and-annotate-wiredtiger-3.0.0/wiredtiger-11.1.0/wiredtiger-11.1.0/build/CMakeFiles/CheckIncludeFiles/has_include_HAVE_SYS_STAT_H.c
Linking C executable cmTC_0f8da
/usr/local/bin/cmake -E cmake_link_script CMakeFiles/cmTC_0f8da.dir/link.txt --verbose=1
/usr/bin/cc  -D_GNU_SOURCE -DHAVE_X86INTRIN_H -DWT_ARCH=x86 -DWT_OS=linux CMakeFiles/cmTC_0f8da.dir/has_include_HAVE_SYS_STAT_H.c.o -o cmTC_0f8da 
gmake[1]: Leaving directory `/root/reading-and-annotate-wiredtiger-3.0.0/wiredtiger-11.1.0/wiredtiger-11.1.0/build/CMakeFiles/CMakeTmp'



Determining if files unistd.h exist passed with the following output:
Change Dir: /root/reading-and-annotate-wiredtiger-3.0.0/wiredtiger-11.1.0/wiredtiger-11.1.0/build/CMakeFiles/CMakeTmp

Run Build Command(s):/usr/bin/gmake -f Makefile cmTC_c26b2/fast && /usr/bin/gmake  -f CMakeFiles/cmTC_c26b2.dir/build.make CMakeFiles/cmTC_c26b2.dir/build
gmake[1]: Entering directory `/root/reading-and-annotate-wiredtiger-3.0.0/wiredtiger-11.1.0/wiredtiger-11.1.0/build/CMakeFiles/CMakeTmp'
Building C object CMakeFiles/cmTC_c26b2.dir/has_include_HAVE_UNISTD_H.c.o
/usr/bin/cc   -D_GNU_SOURCE -DHAVE_X86INTRIN_H -DWT_ARCH=x86 -DWT_OS=linux -o CMakeFiles/cmTC_c26b2.dir/has_include_HAVE_UNISTD_H.c.o -c /root/reading-and-annotate-wiredtiger-3.0.0/wiredtiger-11.1.0/wiredtiger-11.1.0/build/CMakeFiles/CheckIncludeFiles/has_include_HAVE_UNISTD_H.c
Linking C executable cmTC_c26b2
/usr/local/bin/cmake -E cmake_link_script CMakeFiles/cmTC_c26b2.dir/link.txt --verbose=1
/usr/bin/cc  -D_GNU_SOURCE -DHAVE_X86INTRIN_H -DWT_ARCH=x86 -DWT_OS=linux CMakeFiles/cmTC_c26b2.dir/has_include_HAVE_UNISTD_H.c.o -o cmTC_c26b2 
gmake[1]: Leaving directory `/root/reading-and-annotate-wiredtiger-3.0.0/wiredtiger-11.1.0/wiredtiger-11.1.0/build/CMakeFiles/CMakeTmp'



Determining if files x86intrin.h exist passed with the following output:
Change Dir: /root/reading-and-annotate-wiredtiger-3.0.0/wiredtiger-11.1.0/wiredtiger-11.1.0/build/CMakeFiles/CMakeTmp

Run Build Command(s):/usr/bin/gmake -f Makefile cmTC_a1b7a/fast && /usr/bin/gmake  -f CMakeFiles/cmTC_a1b7a.dir/build.make CMakeFiles/cmTC_a1b7a.dir/build
gmake[1]: Entering directory `/root/reading-and-annotate-wiredtiger-3.0.0/wiredtiger-11.1.0/wiredtiger-11.1.0/build/CMakeFiles/CMakeTmp'
Building C object CMakeFiles/cmTC_a1b7a.dir/has_include_HAVE_X86INTRIN_H.c.o
/usr/bin/cc   -D_GNU_SOURCE -DHAVE_X86INTRIN_H -DWT_ARCH=x86 -DWT_OS=linux -o CMakeFiles/cmTC_a1b7a.dir/has_include_HAVE_X86INTRIN_H.c.o -c /root/reading-and-annotate-wiredtiger-3.0.0/wiredtiger-11.1.0/wiredtiger-11.1.0/build/CMakeFiles/CheckIncludeFiles/has_include_HAVE_X86INTRIN_H.c
Linking C executable cmTC_a1b7a
/usr/local/bin/cmake -E cmake_link_script CMakeFiles/cmTC_a1b7a.dir/link.txt --verbose=1
/usr/bin/cc  -D_GNU_SOURCE -DHAVE_X86INTRIN_H -DWT_ARCH=x86 -DWT_OS=linux CMakeFiles/cmTC_a1b7a.dir/has_include_HAVE_X86INTRIN_H.c.o -o cmTC_a1b7a 
gmake[1]: Leaving directory `/root/reading-and-annotate-wiredtiger-3.0.0/wiredtiger-11.1.0/wiredtiger-11.1.0/build/CMakeFiles/CMakeTmp'



Determining if files dlfcn.h exist passed with the following output:
Change Dir: /root/reading-and-annotate-wiredtiger-3.0.0/wiredtiger-11.1.0/wiredtiger-11.1.0/build/CMakeFiles/CMakeTmp

Run Build Command(s):/usr/bin/gmake -f Makefile cmTC_0a9ce/fast && /usr/bin/gmake  -f CMakeFiles/cmTC_0a9ce.dir/build.make CMakeFiles/cmTC_0a9ce.dir/build
gmake[1]: Entering directory `/root/reading-and-annotate-wiredtiger-3.0.0/wiredtiger-11.1.0/wiredtiger-11.1.0/build/CMakeFiles/CMakeTmp'
Building C object CMakeFiles/cmTC_0a9ce.dir/has_include_HAVE_DLFCN_H.c.o
/usr/bin/cc   -D_GNU_SOURCE -DHAVE_X86INTRIN_H -DWT_ARCH=x86 -DWT_OS=linux -o CMakeFiles/cmTC_0a9ce.dir/has_include_HAVE_DLFCN_H.c.o -c /root/reading-and-annotate-wiredtiger-3.0.0/wiredtiger-11.1.0/wiredtiger-11.1.0/build/CMakeFiles/CheckIncludeFiles/has_include_HAVE_DLFCN_H.c
Linking C executable cmTC_0a9ce
/usr/local/bin/cmake -E cmake_link_script CMakeFiles/cmTC_0a9ce.dir/link.txt --verbose=1
/usr/bin/cc  -D_GNU_SOURCE -DHAVE_X86INTRIN_H -DWT_ARCH=x86 -DWT_OS=linux CMakeFiles/cmTC_0a9ce.dir/has_include_HAVE_DLFCN_H.c.o -o cmTC_0a9ce 
gmake[1]: Leaving directory `/root/reading-and-annotate-wiredtiger-3.0.0/wiredtiger-11.1.0/wiredtiger-11.1.0/build/CMakeFiles/CMakeTmp'



Determining if files memory.h exist passed with the following output:
Change Dir: /root/reading-and-annotate-wiredtiger-3.0.0/wiredtiger-11.1.0/wiredtiger-11.1.0/build/CMakeFiles/CMakeTmp

Run Build Command(s):/usr/bin/gmake -f Makefile cmTC_84846/fast && /usr/bin/gmake  -f CMakeFiles/cmTC_84846.dir/build.make CMakeFiles/cmTC_84846.dir/build
gmake[1]: Entering directory `/root/reading-and-annotate-wiredtiger-3.0.0/wiredtiger-11.1.0/wiredtiger-11.1.0/build/CMakeFiles/CMakeTmp'
Building C object CMakeFiles/cmTC_84846.dir/has_include_HAVE_MEMORY_H.c.o
/usr/bin/cc   -D_GNU_SOURCE -DHAVE_X86INTRIN_H -DWT_ARCH=x86 -DWT_OS=linux -o CMakeFiles/cmTC_84846.dir/has_include_HAVE_MEMORY_H.c.o -c /root/reading-and-annotate-wiredtiger-3.0.0/wiredtiger-11.1.0/wiredtiger-11.1.0/build/CMakeFiles/CheckIncludeFiles/has_include_HAVE_MEMORY_H.c
Linking C executable cmTC_84846
/usr/local/bin/cmake -E cmake_link_script CMakeFiles/cmTC_84846.dir/link.txt --verbose=1
/usr/bin/cc  -D_GNU_SOURCE -DHAVE_X86INTRIN_H -DWT_ARCH=x86 -DWT_OS=linux CMakeFiles/cmTC_84846.dir/has_include_HAVE_MEMORY_H.c.o -o cmTC_84846 
gmake[1]: Leaving directory `/root/reading-and-annotate-wiredtiger-3.0.0/wiredtiger-11.1.0/wiredtiger-11.1.0/build/CMakeFiles/CMakeTmp'



Determining if the clock_gettime exist passed with the following output:
Change Dir: /root/reading-and-annotate-wiredtiger-3.0.0/wiredtiger-11.1.0/wiredtiger-11.1.0/build/CMakeFiles/CMakeTmp

Run Build Command(s):/usr/bin/gmake -f Makefile cmTC_4a2d8/fast && /usr/bin/gmake  -f CMakeFiles/cmTC_4a2d8.dir/build.make CMakeFiles/cmTC_4a2d8.dir/build
gmake[1]: Entering directory `/root/reading-and-annotate-wiredtiger-3.0.0/wiredtiger-11.1.0/wiredtiger-11.1.0/build/CMakeFiles/CMakeTmp'
Building C object CMakeFiles/cmTC_4a2d8.dir/CheckSymbolExists.c.o
/usr/bin/cc   -D_GNU_SOURCE -DHAVE_X86INTRIN_H -DWT_ARCH=x86 -DWT_OS=linux -o CMakeFiles/cmTC_4a2d8.dir/CheckSymbolExists.c.o -c /root/reading-and-annotate-wiredtiger-3.0.0/wiredtiger-11.1.0/wiredtiger-11.1.0/build/CMakeFiles/CMakeTmp/CheckSymbolExists.c
Linking C executable cmTC_4a2d8
/usr/local/bin/cmake -E cmake_link_script CMakeFiles/cmTC_4a2d8.dir/link.txt --verbose=1
/usr/bin/cc  -D_GNU_SOURCE -DHAVE_X86INTRIN_H -DWT_ARCH=x86 -DWT_OS=linux CMakeFiles/cmTC_4a2d8.dir/CheckSymbolExists.c.o -o cmTC_4a2d8 
gmake[1]: Leaving directory `/root/reading-and-annotate-wiredtiger-3.0.0/wiredtiger-11.1.0/wiredtiger-11.1.0/build/CMakeFiles/CMakeTmp'


File /root/reading-and-annotate-wiredtiger-3.0.0/wiredtiger-11.1.0/wiredtiger-11.1.0/build/CMakeFiles/CMakeTmp/CheckSymbolExists.c:
/* */
#include <time.h>

int main(int argc, char** argv)
{
  (void)argv;
#ifndef clock_gettime
  return ((int*)(&clock_gettime))[argc];
#else
  (void)argc;
  return 0;
#endif
}
Determining if the fallocate exist passed with the following output:
Change Dir: /root/reading-and-annotate-wiredtiger-3.0.0/wiredtiger-11.1.0/wiredtiger-11.1.0/build/CMakeFiles/CMakeTmp

Run Build Command(s):/usr/bin/gmake -f Makefile cmTC_a4893/fast && /usr/bin/gmake  -f CMakeFiles/cmTC_a4893.dir/build.make CMakeFiles/cmTC_a4893.dir/build
gmake[1]: Entering directory `/root/reading-and-annotate-wiredtiger-3.0.0/wiredtiger-11.1.0/wiredtiger-11.1.0/build/CMakeFiles/CMakeTmp'
Building C object CMakeFiles/cmTC_a4893.dir/CheckSymbolExists.c.o
/usr/bin/cc   -D_GNU_SOURCE -DHAVE_X86INTRIN_H -DWT_ARCH=x86 -DWT_OS=linux -o CMakeFiles/cmTC_a4893.dir/CheckSymbolExists.c.o -c /root/reading-and-annotate-wiredtiger-3.0.0/wiredtiger-11.1.0/wiredtiger-11.1.0/build/CMakeFiles/CMakeTmp/CheckSymbolExists.c
Linking C executable cmTC_a4893
/usr/local/bin/cmake -E cmake_link_script CMakeFiles/cmTC_a4893.dir/link.txt --verbose=1
/usr/bin/cc  -D_GNU_SOURCE -DHAVE_X86INTRIN_H -DWT_ARCH=x86 -DWT_OS=linux CMakeFiles/cmTC_a4893.dir/CheckSymbolExists.c.o -o cmTC_a4893 
gmake[1]: Leaving directory `/root/reading-and-annotate-wiredtiger-3.0.0/wiredtiger-11.1.0/wiredtiger-11.1.0/build/CMakeFiles/CMakeTmp'


File /root/reading-and-annotate-wiredtiger-3.0.0/wiredtiger-11.1.0/wiredtiger-11.1.0/build/CMakeFiles/CMakeTmp/CheckSymbolExists.c:
/* */
#include <fcntl.h>

int main(int argc, char** argv)
{
  (void)argv;
#ifndef fallocate
  return ((int*)(&fallocate))[argc];
#else
  (void)argc;
  return 0;
#endif
}
Determining if the fdatasync exist passed with the following output:
Change Dir: /root/reading-and-annotate-wiredtiger-3.0.0/wiredtiger-11.1.0/wiredtiger-11.1.0/build/CMakeFiles/CMakeTmp

Run Build Command(s):/usr/bin/gmake -f Makefile cmTC_2b2ec/fast && /usr/bin/gmake  -f CMakeFiles/cmTC_2b2ec.dir/build.make CMakeFiles/cmTC_2b2ec.dir/build
gmake[1]: Entering directory `/root/reading-and-annotate-wiredtiger-3.0.0/wiredtiger-11.1.0/wiredtiger-11.1.0/build/CMakeFiles/CMakeTmp'
Building C object CMakeFiles/cmTC_2b2ec.dir/CheckSymbolExists.c.o
/usr/bin/cc   -D_GNU_SOURCE -DHAVE_X86INTRIN_H -DWT_ARCH=x86 -DWT_OS=linux -o CMakeFiles/cmTC_2b2ec.dir/CheckSymbolExists.c.o -c /root/reading-and-annotate-wiredtiger-3.0.0/wiredtiger-11.1.0/wiredtiger-11.1.0/build/CMakeFiles/CMakeTmp/CheckSymbolExists.c
Linking C executable cmTC_2b2ec
/usr/local/bin/cmake -E cmake_link_script CMakeFiles/cmTC_2b2ec.dir/link.txt --verbose=1
/usr/bin/cc  -D_GNU_SOURCE -DHAVE_X86INTRIN_H -DWT_ARCH=x86 -DWT_OS=linux CMakeFiles/cmTC_2b2ec.dir/CheckSymbolExists.c.o -o cmTC_2b2ec 
gmake[1]: Leaving directory `/root/reading-and-annotate-wiredtiger-3.0.0/wiredtiger-11.1.0/wiredtiger-11.1.0/build/CMakeFiles/CMakeTmp'


File /root/reading-and-annotate-wiredtiger-3.0.0/wiredtiger-11.1.0/wiredtiger-11.1.0/build/CMakeFiles/CMakeTmp/CheckSymbolExists.c:
/* */
#include <unistd.h>

int main(int argc, char** argv)
{
  (void)argv;
#ifndef fdatasync
  return ((int*)(&fdatasync))[argc];
#else
  (void)argc;
  return 0;
#endif
}
Determining if the ftruncate exist passed with the following output:
Change Dir: /root/reading-and-annotate-wiredtiger-3.0.0/wiredtiger-11.1.0/wiredtiger-11.1.0/build/CMakeFiles/CMakeTmp

Run Build Command(s):/usr/bin/gmake -f Makefile cmTC_e65ba/fast && /usr/bin/gmake  -f CMakeFiles/cmTC_e65ba.dir/build.make CMakeFiles/cmTC_e65ba.dir/build
gmake[1]: Entering directory `/root/reading-and-annotate-wiredtiger-3.0.0/wiredtiger-11.1.0/wiredtiger-11.1.0/build/CMakeFiles/CMakeTmp'
Building C object CMakeFiles/cmTC_e65ba.dir/CheckSymbolExists.c.o
/usr/bin/cc   -D_GNU_SOURCE -DHAVE_X86INTRIN_H -DWT_ARCH=x86 -DWT_OS=linux -o CMakeFiles/cmTC_e65ba.dir/CheckSymbolExists.c.o -c /root/reading-and-annotate-wiredtiger-3.0.0/wiredtiger-11.1.0/wiredtiger-11.1.0/build/CMakeFiles/CMakeTmp/CheckSymbolExists.c
Linking C executable cmTC_e65ba
/usr/local/bin/cmake -E cmake_link_script CMakeFiles/cmTC_e65ba.dir/link.txt --verbose=1
/usr/bin/cc  -D_GNU_SOURCE -DHAVE_X86INTRIN_H -DWT_ARCH=x86 -DWT_OS=linux CMakeFiles/cmTC_e65ba.dir/CheckSymbolExists.c.o -o cmTC_e65ba 
gmake[1]: Leaving directory `/root/reading-and-annotate-wiredtiger-3.0.0/wiredtiger-11.1.0/wiredtiger-11.1.0/build/CMakeFiles/CMakeTmp'


File /root/reading-and-annotate-wiredtiger-3.0.0/wiredtiger-11.1.0/wiredtiger-11.1.0/build/CMakeFiles/CMakeTmp/CheckSymbolExists.c:
/* */
#include <unistd.h>
#include <sys/types.h>

int main(int argc, char** argv)
{
  (void)argv;
#ifndef ftruncate
  return ((int*)(&ftruncate))[argc];
#else
  (void)argc;
  return 0;
#endif
}
Determining if the gettimeofday exist passed with the following output:
Change Dir: /root/reading-and-annotate-wiredtiger-3.0.0/wiredtiger-11.1.0/wiredtiger-11.1.0/build/CMakeFiles/CMakeTmp

Run Build Command(s):/usr/bin/gmake -f Makefile cmTC_d45a3/fast && /usr/bin/gmake  -f CMakeFiles/cmTC_d45a3.dir/build.make CMakeFiles/cmTC_d45a3.dir/build
gmake[1]: Entering directory `/root/reading-and-annotate-wiredtiger-3.0.0/wiredtiger-11.1.0/wiredtiger-11.1.0/build/CMakeFiles/CMakeTmp'
Building C object CMakeFiles/cmTC_d45a3.dir/CheckSymbolExists.c.o
/usr/bin/cc   -D_GNU_SOURCE -DHAVE_X86INTRIN_H -DWT_ARCH=x86 -DWT_OS=linux -o CMakeFiles/cmTC_d45a3.dir/CheckSymbolExists.c.o -c /root/reading-and-annotate-wiredtiger-3.0.0/wiredtiger-11.1.0/wiredtiger-11.1.0/build/CMakeFiles/CMakeTmp/CheckSymbolExists.c
Linking C executable cmTC_d45a3
/usr/local/bin/cmake -E cmake_link_script CMakeFiles/cmTC_d45a3.dir/link.txt --verbose=1
/usr/bin/cc  -D_GNU_SOURCE -DHAVE_X86INTRIN_H -DWT_ARCH=x86 -DWT_OS=linux CMakeFiles/cmTC_d45a3.dir/CheckSymbolExists.c.o -o cmTC_d45a3 
gmake[1]: Leaving directory `/root/reading-and-annotate-wiredtiger-3.0.0/wiredtiger-11.1.0/wiredtiger-11.1.0/build/CMakeFiles/CMakeTmp'


File /root/reading-and-annotate-wiredtiger-3.0.0/wiredtiger-11.1.0/wiredtiger-11.1.0/build/CMakeFiles/CMakeTmp/CheckSymbolExists.c:
/* */
#include <sys/time.h>

int main(int argc, char** argv)
{
  (void)argv;
#ifndef gettimeofday
  return ((int*)(&gettimeofday))[argc];
#else
  (void)argc;
  return 0;
#endif
}
Determining if the posix_fadvise exist passed with the following output:
Change Dir: /root/reading-and-annotate-wiredtiger-3.0.0/wiredtiger-11.1.0/wiredtiger-11.1.0/build/CMakeFiles/CMakeTmp

Run Build Command(s):/usr/bin/gmake -f Makefile cmTC_57958/fast && /usr/bin/gmake  -f CMakeFiles/cmTC_57958.dir/build.make CMakeFiles/cmTC_57958.dir/build
gmake[1]: Entering directory `/root/reading-and-annotate-wiredtiger-3.0.0/wiredtiger-11.1.0/wiredtiger-11.1.0/build/CMakeFiles/CMakeTmp'
Building C object CMakeFiles/cmTC_57958.dir/CheckSymbolExists.c.o
/usr/bin/cc   -D_GNU_SOURCE -DHAVE_X86INTRIN_H -DWT_ARCH=x86 -DWT_OS=linux -o CMakeFiles/cmTC_57958.dir/CheckSymbolExists.c.o -c /root/reading-and-annotate-wiredtiger-3.0.0/wiredtiger-11.1.0/wiredtiger-11.1.0/build/CMakeFiles/CMakeTmp/CheckSymbolExists.c
Linking C executable cmTC_57958
/usr/local/bin/cmake -E cmake_link_script CMakeFiles/cmTC_57958.dir/link.txt --verbose=1
/usr/bin/cc  -D_GNU_SOURCE -DHAVE_X86INTRIN_H -DWT_ARCH=x86 -DWT_OS=linux CMakeFiles/cmTC_57958.dir/CheckSymbolExists.c.o -o cmTC_57958 
gmake[1]: Leaving directory `/root/reading-and-annotate-wiredtiger-3.0.0/wiredtiger-11.1.0/wiredtiger-11.1.0/build/CMakeFiles/CMakeTmp'


File /root/reading-and-annotate-wiredtiger-3.0.0/wiredtiger-11.1.0/wiredtiger-11.1.0/build/CMakeFiles/CMakeTmp/CheckSymbolExists.c:
/* */
#include <fcntl.h>

int main(int argc, char** argv)
{
  (void)argv;
#ifndef posix_fadvise
  return ((int*)(&posix_fadvise))[argc];
#else
  (void)argc;
  return 0;
#endif
}
Determining if the posix_fallocate exist passed with the following output:
Change Dir: /root/reading-and-annotate-wiredtiger-3.0.0/wiredtiger-11.1.0/wiredtiger-11.1.0/build/CMakeFiles/CMakeTmp

Run Build Command(s):/usr/bin/gmake -f Makefile cmTC_88824/fast && /usr/bin/gmake  -f CMakeFiles/cmTC_88824.dir/build.make CMakeFiles/cmTC_88824.dir/build
gmake[1]: Entering directory `/root/reading-and-annotate-wiredtiger-3.0.0/wiredtiger-11.1.0/wiredtiger-11.1.0/build/CMakeFiles/CMakeTmp'
Building C object CMakeFiles/cmTC_88824.dir/CheckSymbolExists.c.o
/usr/bin/cc   -D_GNU_SOURCE -DHAVE_X86INTRIN_H -DWT_ARCH=x86 -DWT_OS=linux -o CMakeFiles/cmTC_88824.dir/CheckSymbolExists.c.o -c /root/reading-and-annotate-wiredtiger-3.0.0/wiredtiger-11.1.0/wiredtiger-11.1.0/build/CMakeFiles/CMakeTmp/CheckSymbolExists.c
Linking C executable cmTC_88824
/usr/local/bin/cmake -E cmake_link_script CMakeFiles/cmTC_88824.dir/link.txt --verbose=1
/usr/bin/cc  -D_GNU_SOURCE -DHAVE_X86INTRIN_H -DWT_ARCH=x86 -DWT_OS=linux CMakeFiles/cmTC_88824.dir/CheckSymbolExists.c.o -o cmTC_88824 
gmake[1]: Leaving directory `/root/reading-and-annotate-wiredtiger-3.0.0/wiredtiger-11.1.0/wiredtiger-11.1.0/build/CMakeFiles/CMakeTmp'


File /root/reading-and-annotate-wiredtiger-3.0.0/wiredtiger-11.1.0/wiredtiger-11.1.0/build/CMakeFiles/CMakeTmp/CheckSymbolExists.c:
/* */
#include <fcntl.h>

int main(int argc, char** argv)
{
  (void)argv;
#ifndef posix_fallocate
  return ((int*)(&posix_fallocate))[argc];
#else
  (void)argc;
  return 0;
#endif
}
Determining if the posix_madvise exist passed with the following output:
Change Dir: /root/reading-and-annotate-wiredtiger-3.0.0/wiredtiger-11.1.0/wiredtiger-11.1.0/build/CMakeFiles/CMakeTmp

Run Build Command(s):/usr/bin/gmake -f Makefile cmTC_0d569/fast && /usr/bin/gmake  -f CMakeFiles/cmTC_0d569.dir/build.make CMakeFiles/cmTC_0d569.dir/build
gmake[1]: Entering directory `/root/reading-and-annotate-wiredtiger-3.0.0/wiredtiger-11.1.0/wiredtiger-11.1.0/build/CMakeFiles/CMakeTmp'
Building C object CMakeFiles/cmTC_0d569.dir/CheckSymbolExists.c.o
/usr/bin/cc   -D_GNU_SOURCE -DHAVE_X86INTRIN_H -DWT_ARCH=x86 -DWT_OS=linux -o CMakeFiles/cmTC_0d569.dir/CheckSymbolExists.c.o -c /root/reading-and-annotate-wiredtiger-3.0.0/wiredtiger-11.1.0/wiredtiger-11.1.0/build/CMakeFiles/CMakeTmp/CheckSymbolExists.c
Linking C executable cmTC_0d569
/usr/local/bin/cmake -E cmake_link_script CMakeFiles/cmTC_0d569.dir/link.txt --verbose=1
/usr/bin/cc  -D_GNU_SOURCE -DHAVE_X86INTRIN_H -DWT_ARCH=x86 -DWT_OS=linux CMakeFiles/cmTC_0d569.dir/CheckSymbolExists.c.o -o cmTC_0d569 
gmake[1]: Leaving directory `/root/reading-and-annotate-wiredtiger-3.0.0/wiredtiger-11.1.0/wiredtiger-11.1.0/build/CMakeFiles/CMakeTmp'


File /root/reading-and-annotate-wiredtiger-3.0.0/wiredtiger-11.1.0/wiredtiger-11.1.0/build/CMakeFiles/CMakeTmp/CheckSymbolExists.c:
/* */
#include <sys/mman.h>

int main(int argc, char** argv)
{
  (void)argv;
#ifndef posix_madvise
  return ((int*)(&posix_madvise))[argc];
#else
  (void)argc;
  return 0;
#endif
}
Determining if the posix_memalign exist passed with the following output:
Change Dir: /root/reading-and-annotate-wiredtiger-3.0.0/wiredtiger-11.1.0/wiredtiger-11.1.0/build/CMakeFiles/CMakeTmp

Run Build Command(s):/usr/bin/gmake -f Makefile cmTC_97868/fast && /usr/bin/gmake  -f CMakeFiles/cmTC_97868.dir/build.make CMakeFiles/cmTC_97868.dir/build
gmake[1]: Entering directory `/root/reading-and-annotate-wiredtiger-3.0.0/wiredtiger-11.1.0/wiredtiger-11.1.0/build/CMakeFiles/CMakeTmp'
Building C object CMakeFiles/cmTC_97868.dir/CheckSymbolExists.c.o
/usr/bin/cc   -D_GNU_SOURCE -DHAVE_X86INTRIN_H -DWT_ARCH=x86 -DWT_OS=linux -o CMakeFiles/cmTC_97868.dir/CheckSymbolExists.c.o -c /root/reading-and-annotate-wiredtiger-3.0.0/wiredtiger-11.1.0/wiredtiger-11.1.0/build/CMakeFiles/CMakeTmp/CheckSymbolExists.c
Linking C executable cmTC_97868
/usr/local/bin/cmake -E cmake_link_script CMakeFiles/cmTC_97868.dir/link.txt --verbose=1
/usr/bin/cc  -D_GNU_SOURCE -DHAVE_X86INTRIN_H -DWT_ARCH=x86 -DWT_OS=linux CMakeFiles/cmTC_97868.dir/CheckSymbolExists.c.o -o cmTC_97868 
gmake[1]: Leaving directory `/root/reading-and-annotate-wiredtiger-3.0.0/wiredtiger-11.1.0/wiredtiger-11.1.0/build/CMakeFiles/CMakeTmp'


File /root/reading-and-annotate-wiredtiger-3.0.0/wiredtiger-11.1.0/wiredtiger-11.1.0/build/CMakeFiles/CMakeTmp/CheckSymbolExists.c:
/* */
#include <stdlib.h>

int main(int argc, char** argv)
{
  (void)argv;
#ifndef posix_memalign
  return ((int*)(&posix_memalign))[argc];
#else
  (void)argc;
  return 0;
#endif
}
Determining if the setrlimit exist passed with the following output:
Change Dir: /root/reading-and-annotate-wiredtiger-3.0.0/wiredtiger-11.1.0/wiredtiger-11.1.0/build/CMakeFiles/CMakeTmp

Run Build Command(s):/usr/bin/gmake -f Makefile cmTC_ada1f/fast && /usr/bin/gmake  -f CMakeFiles/cmTC_ada1f.dir/build.make CMakeFiles/cmTC_ada1f.dir/build
gmake[1]: Entering directory `/root/reading-and-annotate-wiredtiger-3.0.0/wiredtiger-11.1.0/wiredtiger-11.1.0/build/CMakeFiles/CMakeTmp'
Building C object CMakeFiles/cmTC_ada1f.dir/CheckSymbolExists.c.o
/usr/bin/cc   -D_GNU_SOURCE -DHAVE_X86INTRIN_H -DWT_ARCH=x86 -DWT_OS=linux -o CMakeFiles/cmTC_ada1f.dir/CheckSymbolExists.c.o -c /root/reading-and-annotate-wiredtiger-3.0.0/wiredtiger-11.1.0/wiredtiger-11.1.0/build/CMakeFiles/CMakeTmp/CheckSymbolExists.c
Linking C executable cmTC_ada1f
/usr/local/bin/cmake -E cmake_link_script CMakeFiles/cmTC_ada1f.dir/link.txt --verbose=1
/usr/bin/cc  -D_GNU_SOURCE -DHAVE_X86INTRIN_H -DWT_ARCH=x86 -DWT_OS=linux CMakeFiles/cmTC_ada1f.dir/CheckSymbolExists.c.o -o cmTC_ada1f 
gmake[1]: Leaving directory `/root/reading-and-annotate-wiredtiger-3.0.0/wiredtiger-11.1.0/wiredtiger-11.1.0/build/CMakeFiles/CMakeTmp'


File /root/reading-and-annotate-wiredtiger-3.0.0/wiredtiger-11.1.0/wiredtiger-11.1.0/build/CMakeFiles/CMakeTmp/CheckSymbolExists.c:
/* */
#include <sys/time.h>
#include <sys/resource.h>

int main(int argc, char** argv)
{
  (void)argv;
#ifndef setrlimit
  return ((int*)(&setrlimit))[argc];
#else
  (void)argc;
  return 0;
#endif
}
Determining if the strtouq exist passed with the following output:
Change Dir: /root/reading-and-annotate-wiredtiger-3.0.0/wiredtiger-11.1.0/wiredtiger-11.1.0/build/CMakeFiles/CMakeTmp

Run Build Command(s):/usr/bin/gmake -f Makefile cmTC_cb66f/fast && /usr/bin/gmake  -f CMakeFiles/cmTC_cb66f.dir/build.make CMakeFiles/cmTC_cb66f.dir/build
gmake[1]: Entering directory `/root/reading-and-annotate-wiredtiger-3.0.0/wiredtiger-11.1.0/wiredtiger-11.1.0/build/CMakeFiles/CMakeTmp'
Building C object CMakeFiles/cmTC_cb66f.dir/CheckSymbolExists.c.o
/usr/bin/cc   -D_GNU_SOURCE -DHAVE_X86INTRIN_H -DWT_ARCH=x86 -DWT_OS=linux -o CMakeFiles/cmTC_cb66f.dir/CheckSymbolExists.c.o -c /root/reading-and-annotate-wiredtiger-3.0.0/wiredtiger-11.1.0/wiredtiger-11.1.0/build/CMakeFiles/CMakeTmp/CheckSymbolExists.c
Linking C executable cmTC_cb66f
/usr/local/bin/cmake -E cmake_link_script CMakeFiles/cmTC_cb66f.dir/link.txt --verbose=1
/usr/bin/cc  -D_GNU_SOURCE -DHAVE_X86INTRIN_H -DWT_ARCH=x86 -DWT_OS=linux CMakeFiles/cmTC_cb66f.dir/CheckSymbolExists.c.o -o cmTC_cb66f 
gmake[1]: Leaving directory `/root/reading-and-annotate-wiredtiger-3.0.0/wiredtiger-11.1.0/wiredtiger-11.1.0/build/CMakeFiles/CMakeTmp'


File /root/reading-and-annotate-wiredtiger-3.0.0/wiredtiger-11.1.0/wiredtiger-11.1.0/build/CMakeFiles/CMakeTmp/CheckSymbolExists.c:
/* */
#include <stdlib.h>

int main(int argc, char** argv)
{
  (void)argv;
#ifndef strtouq
  return ((int*)(&strtouq))[argc];
#else
  (void)argc;
  return 0;
#endif
}
Determining if the sync_file_range exist passed with the following output:
Change Dir: /root/reading-and-annotate-wiredtiger-3.0.0/wiredtiger-11.1.0/wiredtiger-11.1.0/build/CMakeFiles/CMakeTmp

Run Build Command(s):/usr/bin/gmake -f Makefile cmTC_aad08/fast && /usr/bin/gmake  -f CMakeFiles/cmTC_aad08.dir/build.make CMakeFiles/cmTC_aad08.dir/build
gmake[1]: Entering directory `/root/reading-and-annotate-wiredtiger-3.0.0/wiredtiger-11.1.0/wiredtiger-11.1.0/build/CMakeFiles/CMakeTmp'
Building C object CMakeFiles/cmTC_aad08.dir/CheckSymbolExists.c.o
/usr/bin/cc   -D_GNU_SOURCE -DHAVE_X86INTRIN_H -DWT_ARCH=x86 -DWT_OS=linux -o CMakeFiles/cmTC_aad08.dir/CheckSymbolExists.c.o -c /root/reading-and-annotate-wiredtiger-3.0.0/wiredtiger-11.1.0/wiredtiger-11.1.0/build/CMakeFiles/CMakeTmp/CheckSymbolExists.c
Linking C executable cmTC_aad08
/usr/local/bin/cmake -E cmake_link_script CMakeFiles/cmTC_aad08.dir/link.txt --verbose=1
/usr/bin/cc  -D_GNU_SOURCE -DHAVE_X86INTRIN_H -DWT_ARCH=x86 -DWT_OS=linux CMakeFiles/cmTC_aad08.dir/CheckSymbolExists.c.o -o cmTC_aad08 
gmake[1]: Leaving directory `/root/reading-and-annotate-wiredtiger-3.0.0/wiredtiger-11.1.0/wiredtiger-11.1.0/build/CMakeFiles/CMakeTmp'


File /root/reading-and-annotate-wiredtiger-3.0.0/wiredtiger-11.1.0/wiredtiger-11.1.0/build/CMakeFiles/CMakeTmp/CheckSymbolExists.c:
/* */
#include <fcntl.h>

int main(int argc, char** argv)
{
  (void)argv;
#ifndef sync_file_range
  return ((int*)(&sync_file_range))[argc];
#else
  (void)argc;
  return 0;
#endif
}
Determining if the timer_create exist passed with the following output:
Change Dir: /root/reading-and-annotate-wiredtiger-3.0.0/wiredtiger-11.1.0/wiredtiger-11.1.0/build/CMakeFiles/CMakeTmp

Run Build Command(s):/usr/bin/gmake -f Makefile cmTC_16bfe/fast && /usr/bin/gmake  -f CMakeFiles/cmTC_16bfe.dir/build.make CMakeFiles/cmTC_16bfe.dir/build
gmake[1]: Entering directory `/root/reading-and-annotate-wiredtiger-3.0.0/wiredtiger-11.1.0/wiredtiger-11.1.0/build/CMakeFiles/CMakeTmp'
Building C object CMakeFiles/cmTC_16bfe.dir/CheckSymbolExists.c.o
/usr/bin/cc   -D_GNU_SOURCE -DHAVE_X86INTRIN_H -DWT_ARCH=x86 -DWT_OS=linux -o CMakeFiles/cmTC_16bfe.dir/CheckSymbolExists.c.o -c /root/reading-and-annotate-wiredtiger-3.0.0/wiredtiger-11.1.0/wiredtiger-11.1.0/build/CMakeFiles/CMakeTmp/CheckSymbolExists.c
Linking C executable cmTC_16bfe
/usr/local/bin/cmake -E cmake_link_script CMakeFiles/cmTC_16bfe.dir/link.txt --verbose=1
/usr/bin/cc  -D_GNU_SOURCE -DHAVE_X86INTRIN_H -DWT_ARCH=x86 -DWT_OS=linux CMakeFiles/cmTC_16bfe.dir/CheckSymbolExists.c.o -o cmTC_16bfe  -lrt 
gmake[1]: Leaving directory `/root/reading-and-annotate-wiredtiger-3.0.0/wiredtiger-11.1.0/wiredtiger-11.1.0/build/CMakeFiles/CMakeTmp'


File /root/reading-and-annotate-wiredtiger-3.0.0/wiredtiger-11.1.0/wiredtiger-11.1.0/build/CMakeFiles/CMakeTmp/CheckSymbolExists.c:
/* */
#include <signal.h>
#include <time.h>

int main(int argc, char** argv)
{
  (void)argv;
#ifndef timer_create
  return ((int*)(&timer_create))[argc];
#else
  (void)argc;
  return 0;
#endif
}
