[
  { "lsn" : [1,128],
    "hdr_flags" : "",
    "rec_len" : 128,
    "mem_len" : 128,
    "type" : "system",
    "ops": [
      { "optype": "prev_lsn",
        "prev_lsn": [1, 0]
      }
    ]
  },
  { "lsn" : [1,256],
    "hdr_flags" : "",
    "rec_len" : 128,
    "mem_len" : 128,
    "type" : "file_sync",
    "fileid" : 0,
    "start" : 0
  },
  { "lsn" : [1,384],
    "hdr_flags" : "",
    "rec_len" : 128,
    "mem_len" : 128,
    "type" : "message",
    "message" : "OPEN/CREATE: posix_directory_sync WT_HOME_LOG_1/WiredTigerHS.wt"
  },
  { "lsn" : [1,512],
    "hdr_flags" : "",
    "rec_len" : 128,
    "mem_len" : 128,
    "type" : "message",
    "message" : "OPEN/CREATE: DONE posix_directory_sync WT_HOME_LOG_1/WiredTigerHS.wt"
  },
  { "lsn" : [1,640],
    "hdr_flags" : "",
    "rec_len" : 1152,
    "mem_len" : 1152,
    "type" : "commit",
    "txnid" : 1,
    "ops": [
      { "optype": "row_put",
        "fileid": 0,
        "fileid-hex": "0x0",
        "key": "file:WiredTigerHS.wt\u0000",
        "value": "access_pattern_hint=none,allocation_size=4KB,app_metadata=,assert=(commit_timestamp=none,durable_timestamp=none,read_timestamp=none,write_timestamp=off),block_allocation=best,block_compressor=none,cache_resident=false,checkpoint=,checkpoint_backup_info=,checkpoint_lsn=,checksum=on,collator=,columns=,dictionary=0,encryption=(keyid=,name=),format=btree,huffman_key=,huffman_value=,id=1,ignore_in_memory_cache_size=false,internal_item_max=0,internal_key_max=0,internal_key_truncate=true,internal_page_max=16KB,key_format=IuQQ,key_gap=10,leaf_item_max=0,leaf_key_max=0,leaf_page_max=32KB,leaf_value_max=64MB,log=(enabled=true),memory_page_image_max=0,memory_page_max=5MB,os_cache_dirty_max=0,os_cache_max=0,prefix_compression=false,prefix_compression_min=4,readonly=false,split_deepen_min_child=0,split_deepen_per_child=0,split_pct=90,tiered_object=false,tiered_storage=(auth_token=,bucket=,bucket_prefix=,cache_directory=,local_retention=300,name=,object_target_size=0),value_format=QQQu,verbose=[],version=(major=2,minor=1),write_timestamp_usage=none\u0000"
      }
    ]
  },
  { "lsn" : [1,1792],
    "hdr_flags" : "",
    "rec_len" : 128,
    "mem_len" : 128,
    "type" : "file_sync",
    "fileid" : 0,
    "start" : 0
  },
  { "lsn" : [1,1920],
    "hdr_flags" : "",
    "rec_len" : 256,
    "mem_len" : 256,
    "type" : "commit",
    "txnid" : 2,
    "ops": [
      { "optype": "row_put",
        "fileid": 0,
        "fileid-hex": "0x0",
        "key": "table:logtest\u0000",
        "value": "app_metadata=,assert=(commit_timestamp=none,durable_timestamp=none,read_timestamp=none,write_timestamp=off),colgroups=,collator=,columns=,key_format=S,value_format=S,verbose=[],write_timestamp_usage=none\u0000"
      }
    ]
  },
  { "lsn" : [1,2176],
    "hdr_flags" : "",
    "rec_len" : 128,
    "mem_len" : 128,
    "type" : "message",
    "message" : "OPEN/CREATE: posix_directory_sync WT_HOME_LOG_1/logtest.wt"
  },
  { "lsn" : [1,2304],
    "hdr_flags" : "",
    "rec_len" : 128,
    "mem_len" : 128,
    "type" : "message",
    "message" : "OPEN/CREATE: DONE posix_directory_sync WT_HOME_LOG_1/logtest.wt"
  },
  { "lsn" : [1,2432],
    "hdr_flags" : "",
    "rec_len" : 1152,
    "mem_len" : 1152,
    "type" : "commit",
    "txnid" : 3,
    "ops": [
      { "optype": "row_put",
        "fileid": 0,
        "fileid-hex": "0x0",
        "key": "file:logtest.wt\u0000",
        "value": "access_pattern_hint=none,allocation_size=4KB,app_metadata=,assert=(commit_timestamp=none,durable_timestamp=none,read_timestamp=none,write_timestamp=off),block_allocation=best,block_compressor=,cache_resident=false,checkpoint=,checkpoint_backup_info=,checkpoint_lsn=,checksum=on,collator=,columns=,dictionary=0,encryption=(keyid=,name=),format=btree,huffman_key=,huffman_value=,id=2,ignore_in_memory_cache_size=false,internal_item_max=0,internal_key_max=0,internal_key_truncate=true,internal_page_max=4KB,key_format=S,key_gap=10,leaf_item_max=0,leaf_key_max=0,leaf_page_max=32KB,leaf_value_max=0,log=(enabled=true),memory_page_image_max=0,memory_page_max=5MB,os_cache_dirty_max=0,os_cache_max=0,prefix_compression=false,prefix_compression_min=4,readonly=false,split_deepen_min_child=0,split_deepen_per_child=0,split_pct=90,tiered_object=false,tiered_storage=(auth_token=,bucket=,bucket_prefix=,cache_directory=,local_retention=300,name=,object_target_size=0),value_format=S,verbose=[],version=(major=2,minor=1),write_timestamp_usage=none\u0000"
      }
    ]
  },
  { "lsn" : [1,3584],
    "hdr_flags" : "",
    "rec_len" : 256,
    "mem_len" : 256,
    "type" : "commit",
    "txnid" : 4,
    "ops": [
      { "optype": "row_put",
        "fileid": 0,
        "fileid-hex": "0x0",
        "key": "colgroup:logtest\u0000",
        "value": "app_metadata=,assert=(commit_timestamp=none,durable_timestamp=none,read_timestamp=none,write_timestamp=off),collator=,columns=,source=\"file:logtest.wt\",type=file,verbose=[],write_timestamp_usage=none\u0000"
      }
    ]
  },
  { "lsn" : [1,3840],
    "hdr_flags" : "",
    "rec_len" : 128,
    "mem_len" : 128,
    "type" : "file_sync",
    "fileid" : 0,
    "start" : 0
  },
  { "lsn" : [1,3968],
    "hdr_flags" : "",
    "rec_len" : 128,
    "mem_len" : 128,
    "type" : "commit",
    "txnid" : 5,
    "ops": [
      { "optype": "row_put",
        "fileid": 2,
        "fileid-hex": "0x2",
        "key": "key0\u0000",
        "value": "value0\u0000"
      }
    ]
  },
  { "lsn" : [1,4096],
    "hdr_flags" : "",
    "rec_len" : 128,
    "mem_len" : 128,
    "type" : "commit",
    "txnid" : 6,
    "ops": [
      { "optype": "row_put",
        "fileid": 2,
        "fileid-hex": "0x2",
        "key": "key1\u0000",
        "value": "value1\u0000"
      }
    ]
  },
  { "lsn" : [1,4224],
    "hdr_flags" : "",
    "rec_len" : 128,
    "mem_len" : 128,
    "type" : "commit",
    "txnid" : 7,
    "ops": [
      { "optype": "row_put",
        "fileid": 2,
        "fileid-hex": "0x2",
        "key": "key2\u0000",
        "value": "value2\u0000"
      }
    ]
  },
  { "lsn" : [1,4352],
    "hdr_flags" : "",
    "rec_len" : 128,
    "mem_len" : 128,
    "type" : "commit",
    "txnid" : 8,
    "ops": [
      { "optype": "row_put",
        "fileid": 2,
        "fileid-hex": "0x2",
        "key": "key3\u0000",
        "value": "value3\u0000"
      }
    ]
  },
  { "lsn" : [1,4480],
    "hdr_flags" : "",
    "rec_len" : 128,
    "mem_len" : 128,
    "type" : "commit",
    "txnid" : 9,
    "ops": [
      { "optype": "row_put",
        "fileid": 2,
        "fileid-hex": "0x2",
        "key": "key4\u0000",
        "value": "value4\u0000"
      }
    ]
  },
  { "lsn" : [1,4608],
    "hdr_flags" : "",
    "rec_len" : 128,
    "mem_len" : 128,
    "type" : "commit",
    "txnid" : 10,
    "ops": [
      { "optype": "row_put",
        "fileid": 2,
        "fileid-hex": "0x2",
        "key": "key5\u0000",
        "value": "value5\u0000"
      }
    ]
  },
  { "lsn" : [1,4736],
    "hdr_flags" : "",
    "rec_len" : 128,
    "mem_len" : 128,
    "type" : "commit",
    "txnid" : 11,
    "ops": [
      { "optype": "row_put",
        "fileid": 2,
        "fileid-hex": "0x2",
        "key": "key6\u0000",
        "value": "value6\u0000"
      }
    ]
  },
  { "lsn" : [1,4864],
    "hdr_flags" : "",
    "rec_len" : 128,
    "mem_len" : 128,
    "type" : "commit",
    "txnid" : 12,
    "ops": [
      { "optype": "row_put",
        "fileid": 2,
        "fileid-hex": "0x2",
        "key": "key7\u0000",
        "value": "value7\u0000"
      }
    ]
  },
  { "lsn" : [1,4992],
    "hdr_flags" : "",
    "rec_len" : 128,
    "mem_len" : 128,
    "type" : "commit",
    "txnid" : 13,
    "ops": [
      { "optype": "row_put",
        "fileid": 2,
        "fileid-hex": "0x2",
        "key": "key8\u0000",
        "value": "value8\u0000"
      }
    ]
  },
  { "lsn" : [1,5120],
    "hdr_flags" : "",
    "rec_len" : 128,
    "mem_len" : 128,
    "type" : "commit",
    "txnid" : 14,
    "ops": [
      { "optype": "row_put",
        "fileid": 2,
        "fileid-hex": "0x2",
        "key": "key9\u0000",
        "value": "value9\u0000"
      }
    ]
  },
  { "lsn" : [1,5248],
    "hdr_flags" : "",
    "rec_len" : 128,
    "mem_len" : 128,
    "type" : "commit",
    "txnid" : 15,
    "ops": [
      { "optype": "row_put",
        "fileid": 2,
        "fileid-hex": "0x2",
        "key": "key10\u0000",
        "value": "value10\u0000"
      },
      { "optype": "row_put",
        "fileid": 2,
        "fileid-hex": "0x2",
        "key": "key11\u0000",
        "value": "value11\u0000"
      },
      { "optype": "row_put",
        "fileid": 2,
        "fileid-hex": "0x2",
        "key": "key12\u0000",
        "value": "value12\u0000"
      },
      { "optype": "row_put",
        "fileid": 2,
        "fileid-hex": "0x2",
        "key": "key13\u0000",
        "value": "value13\u0000"
      },
      { "optype": "row_put",
        "fileid": 2,
        "fileid-hex": "0x2",
        "key": "key14\u0000",
        "value": "value14\u0000"
      }
    ]
  },
  { "lsn" : [1,5376],
    "hdr_flags" : "",
    "rec_len" : 128,
    "mem_len" : 128,
    "type" : "message",
    "message" : "Wrote 15 records"
  },
  { "lsn" : [1,5504],
    "hdr_flags" : "",
    "rec_len" : 128,
    "mem_len" : 128,
    "type" : "system",
    "ops": [
      { "optype": "checkpoint_start"

      }
    ]
  },
  { "lsn" : [1,5632],
    "hdr_flags" : "",
    "rec_len" : 2944,
    "mem_len" : 2944,
    "type" : "commit",
    "txnid" : 16,
    "ops": [
      { "optype": "row_put",
        "fileid": 0,
        "fileid-hex": "0x0",
        "key": "file:logtest.wt\u0000",
        "value": "access_pattern_hint=none,allocation_size=4KB,app_metadata=,assert=(commit_timestamp=none,durable_timestamp=none,read_timestamp=none,write_timestamp=off),block_allocation=best,block_compressor=,cache_resident=false,checksum=on,collator=,columns=,dictionary=0,encryption=(keyid=,name=),format=btree,huffman_key=,huffman_value=,id=2,ignore_in_memory_cache_size=false,internal_item_max=0,internal_key_max=0,internal_key_truncate=true,internal_page_max=4KB,key_format=S,key_gap=10,leaf_item_max=0,leaf_key_max=0,leaf_page_max=32KB,leaf_value_max=0,log=(enabled=true),memory_page_image_max=0,memory_page_max=5MB,os_cache_dirty_max=0,os_cache_max=0,prefix_compression=false,prefix_compression_min=4,readonly=false,split_deepen_min_child=0,split_deepen_per_child=0,split_pct=90,tiered_object=false,tiered_storage=(auth_token=,bucket=,bucket_prefix=,cache_directory=,local_retention=300,name=,object_target_size=0),value_format=S,verbose=[],version=(major=2,minor=1),write_timestamp_usage=none,checkpoint=(WiredTigerCheckpoint.1=(addr=\"018181e4de65cedc8281e41546bd168381e488df9690808080e22fc0cfc0\",order=1,time=1717834954,size=8192,newest_start_durable_ts=0,oldest_start_ts=0,newest_txn=0,newest_stop_durable_ts=0,newest_stop_ts=-1,newest_stop_txn=-11,prepare=0,write_gen=3,run_write_gen=1)),checkpoint_backup_info=,checkpoint_lsn=(1,5504)\u0000"
      },
      { "optype": "row_put",
        "fileid": 0,
        "fileid-hex": "0x0",
        "key": "file:WiredTigerHS.wt\u0000",
        "value": "access_pattern_hint=none,allocation_size=4KB,app_metadata=,assert=(commit_timestamp=none,durable_timestamp=none,read_timestamp=none,write_timestamp=off),block_allocation=best,block_compressor=none,cache_resident=false,checksum=on,collator=,columns=,dictionary=0,encryption=(keyid=,name=),format=btree,huffman_key=,huffman_value=,id=1,ignore_in_memory_cache_size=false,internal_item_max=0,internal_key_max=0,internal_key_truncate=true,internal_page_max=16KB,key_format=IuQQ,key_gap=10,leaf_item_max=0,leaf_key_max=0,leaf_page_max=32KB,leaf_value_max=64MB,log=(enabled=true),memory_page_image_max=0,memory_page_max=5MB,os_cache_dirty_max=0,os_cache_max=0,prefix_compression=false,prefix_compression_min=4,readonly=false,split_deepen_min_child=0,split_deepen_per_child=0,split_pct=90,tiered_object=false,tiered_storage=(auth_token=,bucket=,bucket_prefix=,cache_directory=,local_retention=300,name=,object_target_size=0),value_format=QQQu,verbose=[],version=(major=2,minor=1),write_timestamp_usage=none,checkpoint=(WiredTigerCheckpoint.1=(addr=\"\",order=1,time=1717834954,size=0,newest_start_durable_ts=0,oldest_start_ts=0,newest_txn=0,newest_stop_durable_ts=0,newest_stop_ts=-1,newest_stop_txn=-11,prepare=0,write_gen=1,run_write_gen=1)),checkpoint_backup_info=,checkpoint_lsn=(1,0)\u0000"
      },
      { "optype": "row_put",
        "fileid": 0,
        "fileid-hex": "0x0",
        "key": "system:checkpoint_snapshot\u0000",
        "value": "snapshot_min=16,snapshot_max=16,snapshot_count=0,checkpoint_time=1717834954,write_gen=1\u0000"
      },
      { "optype": "row_put",
        "fileid": 0,
        "fileid-hex": "0x0",
        "key": "system:checkpoint_base_write_gen\u0000",
        "value": "base_write_gen=1\u0000"
      }
    ]
  },
  { "lsn" : [1,8576],
    "hdr_flags" : "",
    "rec_len" : 128,
    "mem_len" : 128,
    "type" : "message",
    "message" : "RENAME: posix_directory_sync WT_HOME_LOG_1/WiredTiger.turtle.set"
  },
  { "lsn" : [1,8704],
    "hdr_flags" : "",
    "rec_len" : 128,
    "mem_len" : 128,
    "type" : "message",
    "message" : "RENAME: DONE posix_directory_sync WT_HOME_LOG_1/WiredTiger.turtle.set"
  },
  { "lsn" : [1,8832],
    "hdr_flags" : "",
    "rec_len" : 128,
    "mem_len" : 128,
    "type" : "checkpoint",
    "ckpt_lsn" : [1,5504]
  },
  { "lsn" : [1,8960],
    "hdr_flags" : "",
    "rec_len" : 128,
    "mem_len" : 128,
    "type" : "file_sync",
    "fileid" : 0,
    "start" : 1
  },
  { "lsn" : [1,9088],
    "hdr_flags" : "",
    "rec_len" : 128,
    "mem_len" : 128,
    "type" : "message",
    "message" : "RENAME: posix_directory_sync WT_HOME_LOG_1/WiredTiger.turtle.set"
  },
  { "lsn" : [1,9216],
    "hdr_flags" : "",
    "rec_len" : 128,
    "mem_len" : 128,
    "type" : "message",
    "message" : "RENAME: DONE posix_directory_sync WT_HOME_LOG_1/WiredTiger.turtle.set"
  },
  { "lsn" : [1,9344],
    "hdr_flags" : "",
    "rec_len" : 128,
    "mem_len" : 128,
    "type" : "file_sync",
    "fileid" : 0,
    "start" : 0
  },
  { "lsn" : [1,9472],
    "hdr_flags" : "",
    "rec_len" : 128,
    "mem_len" : 128,
    "type" : "checkpoint",
    "ckpt_lsn" : [1,9344]
  },
  { "lsn" : [2,128],
    "hdr_flags" : "",
    "rec_len" : 128,
    "mem_len" : 128,
    "type" : "system",
    "ops": [
      { "optype": "prev_lsn",
        "prev_lsn": [1, 0]
      }
    ]
  },
  { "lsn" : [2,256],
    "hdr_flags" : "",
    "rec_len" : 128,
    "mem_len" : 128,
    "type" : "system",
    "ops": [
      { "optype": "checkpoint_start"

      }
    ]
  },
  { "lsn" : [2,384],
    "hdr_flags" : "",
    "rec_len" : 128,
    "mem_len" : 128,
    "type" : "message",
    "message" : "RENAME: posix_directory_sync WT_HOME_LOG_1/WiredTiger.turtle.set"
  },
  { "lsn" : [2,512],
    "hdr_flags" : "",
    "rec_len" : 128,
    "mem_len" : 128,
    "type" : "message",
    "message" : "RENAME: DONE posix_directory_sync WT_HOME_LOG_1/WiredTiger.turtle.set"
  },
  { "lsn" : [2,640],
    "hdr_flags" : "",
    "rec_len" : 128,
    "mem_len" : 128,
    "type" : "checkpoint",
    "ckpt_lsn" : [2,256]
  },
  { "lsn" : [2,768],
    "hdr_flags" : "",
    "rec_len" : 128,
    "mem_len" : 128,
    "type" : "file_sync",
    "fileid" : 0,
    "start" : 0
  },
  { "lsn" : [2,896],
    "hdr_flags" : "",
    "rec_len" : 128,
    "mem_len" : 128,
    "type" : "system",
    "ops": [
      { "optype": "checkpoint_start"

      }
    ]
  },
  { "lsn" : [2,1024],
    "hdr_flags" : "",
    "rec_len" : 256,
    "mem_len" : 256,
    "type" : "commit",
    "txnid" : 2,
    "ops": [
      { "optype": "row_put",
        "fileid": 0,
        "fileid-hex": "0x0",
        "key": "system:checkpoint_snapshot\u0000",
        "value": "snapshot_min=2,snapshot_max=2,snapshot_count=0,checkpoint_time=1717834957,write_gen=7\u0000"
      },
      { "optype": "row_put",
        "fileid": 0,
        "fileid-hex": "0x0",
        "key": "system:checkpoint_base_write_gen\u0000",
        "value": "base_write_gen=7\u0000"
      }
    ]
  },
  { "lsn" : [2,1280],
    "hdr_flags" : "",
    "rec_len" : 128,
    "mem_len" : 128,
    "type" : "message",
    "message" : "RENAME: posix_directory_sync WT_HOME_LOG_1/WiredTiger.turtle.set"
  },
  { "lsn" : [2,1408],
    "hdr_flags" : "",
    "rec_len" : 128,
    "mem_len" : 128,
    "type" : "message",
    "message" : "RENAME: DONE posix_directory_sync WT_HOME_LOG_1/WiredTiger.turtle.set"
  },
  { "lsn" : [2,1536],
    "hdr_flags" : "",
    "rec_len" : 128,
    "mem_len" : 128,
    "type" : "checkpoint",
    "ckpt_lsn" : [2,896]
  },
  { "lsn" : [2,1664],
    "hdr_flags" : "",
    "rec_len" : 128,
    "mem_len" : 128,
    "type" : "file_sync",
    "fileid" : 0,
    "start" : 1
  },
  { "lsn" : [2,1792],
    "hdr_flags" : "",
    "rec_len" : 128,
    "mem_len" : 128,
    "type" : "message",
    "message" : "RENAME: posix_directory_sync WT_HOME_LOG_1/WiredTiger.turtle.set"
  },
  { "lsn" : [2,1920],
    "hdr_flags" : "",
    "rec_len" : 128,
    "mem_len" : 128,
    "type" : "message",
    "message" : "RENAME: DONE posix_directory_sync WT_HOME_LOG_1/WiredTiger.turtle.set"
  },
  { "lsn" : [2,2048],
    "hdr_flags" : "",
    "rec_len" : 128,
    "mem_len" : 128,
    "type" : "file_sync",
    "fileid" : 0,
    "start" : 0
  },
  { "lsn" : [2,2176],
    "hdr_flags" : "",
    "rec_len" : 128,
    "mem_len" : 128,
    "type" : "checkpoint",
    "ckpt_lsn" : [2,2048]
  }
]
