多文档在一个事务中实现的脚本
db.setLogLevel(5, 'storage');
 db.adminCommand({setParameter:1, wiredTigerEngineRuntimeConfig:'verbose=[transaction:5,api,timestamp:5]'})
 
 
 
use hr 
db.dropDatabase()
db.employees .insert({ "_id" : ObjectId("5af0776263426f87dd69319a"), "employee" : 3, "name" : { "title" : "Mr.", "name" : "Iba Ochs" }, "status" : "Active", "department" : "ABC" })
db.employees .insert({ "_id" : ObjectId("5af0776263426f87dd693198"), "employee" : 1, "name" : { "title" : "Miss", "name" : "Ann Thrope" }, "status" : "Active", "department" : "ABC" })
db.employees .insert({ "_id" : ObjectId("5af0776263426f87dd693199"), "employee" : 2, "name" : { "title" : "Mrs.", "name" : "Eppie Delta" }, "status" : "Active", "department" : "XYZ" })

use reporting 
db.dropDatabase()
db.events.insert({ "_id" : ObjectId("5af07daa051d92f02462644a"), "employee" : 1, "status" : { "new" : "Active", "old" : null }, "department" : { "new" : "ABC", "old" : null } })
db.events.insert({ "_id" : ObjectId("5af07daa051d92f02462644b"), "employee" : 2, "status" : { "new" : "Active", "old" : null }, "department" : { "new" : "XYZ", "old" : null } })
db.events.insert({ "_id" : ObjectId("5af07daa051d92f02462644c"), "employee" : 3, "status" : { "new" : "Active", "old" : null }, "department" : { "new" : "ABC", "old" : null } })

use hr
db.employees.find()

use reporting
db.events.find()


session = db.getMongo().startSession( { readPreference: { mode: "primary" } } );
employeesCollection = session.getDatabase("hr").employees;
eventsCollection = session.getDatabase("reporting").events;
session.startTransaction( { readConcern: { level: "snapshot" }, writeConcern: { w: "majority" } } );
employeesCollection.updateOne( { employee: 3 }, { $set: { status: "Inactive" } } );
eventsCollection.insertOne( { employee: 3, status: { new: "Inactive", old: "Active" } } );
session.commitTransaction(); 

use hr
db.employees.find()

use reporting
db.events.find()


对应的日志如下:


1.
session = db.getMongo().startSession( { readPreference: { mode: "primary" } } );
employeesCollection = session.getDatabase("hr").employees;
eventsCollection = session.getDatabase("reporting").events;
session.startTransaction( { readConcern: { level: "snapshot" }, writeConcern: { w: "majority" } } );

[root@VM-242-181-centos /data/mongodb-data]#  tail  /data/mongodb-data/shard1/18100/logs/mongod.log -f| grep conn63
{"t":{"$date":"2024-06-13T22:11:22.646+08:00"},"s":"D1", "c":"WT",       "id":22430,   "ctx":"conn63","msg":"WiredTiger message","attr":{"message":{"ts_sec":1718287882,"ts_usec":646576,"thread":"16650:0x7f22802ee700","session_name":"WT_CONNECTION.query_timestamp","category":"WT_VERB_API","category_id":0,"verbose_level":"DEBUG_1","verbose_level_id":1,"msg":"CALL: WT_CONNECTION:query_timestamp"}}}
{"t":{"$date":"2024-06-13T22:11:22.646+08:00"},"s":"D2", "c":"WTTXN",    "id":22430,   "ctx":"conn63","msg":"WiredTiger message","attr":{"message":{"ts_sec":1718287882,"ts_usec":646622,"thread":"16650:0x7f22802ee700","session_name":"WT_CONNECTION.query_timestamp","category":"WT_VERB_TRANSACTION","category_id":39,"verbose_level":"DEBUG_2","verbose_level_id":2,"msg":"__conn_query_timestamp get=last_checkpoint 666afdf300000001"}}}
{"t":{"$date":"2024-06-13T22:11:22.647+08:00"},"s":"D1", "c":"WT",       "id":22430,   "ctx":"conn63","msg":"WiredTiger message","attr":{"message":{"ts_sec":1718287882,"ts_usec":647359,"thread":"16650:0x7f22802ee700","session_name":"WT_CONNECTION.query_timestamp","category":"WT_VERB_API","category_id":0,"verbose_level":"DEBUG_1","verbose_level_id":1,"msg":"CALL: WT_CONNECTION:query_timestamp"}}}
{"t":{"$date":"2024-06-13T22:11:22.647+08:00"},"s":"D2", "c":"WTTXN",    "id":22430,   "ctx":"conn63","msg":"WiredTiger message","attr":{"message":{"ts_sec":1718287882,"ts_usec":647395,"thread":"16650:0x7f22802ee700","session_name":"WT_CONNECTION.query_timestamp","category":"WT_VERB_TRANSACTION","category_id":39,"verbose_level":"DEBUG_2","verbose_level_id":2,"msg":"__conn_query_timestamp get=last_checkpoint 666afdf300000001"}}}
{"t":{"$date":"2024-06-13T22:11:22.648+08:00"},"s":"D1", "c":"WT",       "id":22430,   "ctx":"conn63","msg":"WiredTiger message","attr":{"message":{"ts_sec":1718287882,"ts_usec":648124,"thread":"16650:0x7f22802ee700","session_name":"WT_CONNECTION.query_timestamp","category":"WT_VERB_API","category_id":0,"verbose_level":"DEBUG_1","verbose_level_id":1,"msg":"CALL: WT_CONNECTION:query_timestamp"}}}
{"t":{"$date":"2024-06-13T22:11:22.648+08:00"},"s":"D2", "c":"WTTXN",    "id":22430,   "ctx":"conn63","msg":"WiredTiger message","attr":{"message":{"ts_sec":1718287882,"ts_usec":648167,"thread":"16650:0x7f22802ee700","session_name":"WT_CONNECTION.query_timestamp","category":"WT_VERB_TRANSACTION","category_id":39,"verbose_level":"DEBUG_2","verbose_level_id":2,"msg":"__conn_query_timestamp get=last_checkpoint 666afdf300000001"}}}
{"t":{"$date":"2024-06-13T22:11:23.328+08:00"},"s":"D1", "c":"WT",       "id":22430,   "ctx":"conn63","msg":"WiredTiger message","attr":{"message":{"ts_sec":1718287883,"ts_usec":328878,"thread":"16650:0x7f22802ee700","session_name":"WT_CONNECTION.query_timestamp","category":"WT_VERB_API","category_id":0,"verbose_level":"DEBUG_1","verbose_level_id":1,"msg":"CALL: WT_CONNECTION:query_timestamp"}}}
{"t":{"$date":"2024-06-13T22:11:23.328+08:00"},"s":"D2", "c":"WTTXN",    "id":22430,   "ctx":"conn63","msg":"WiredTiger message","attr":{"message":{"ts_sec":1718287883,"ts_usec":328921,"thread":"16650:0x7f22802ee700","session_name":"WT_CONNECTION.query_timestamp","category":"WT_VERB_TRANSACTION","category_id":39,"verbose_level":"DEBUG_2","verbose_level_id":2,"msg":"__conn_query_timestamp get=last_checkpoint 666afdf300000001"}}}


2. employeesCollection.updateOne( { employee: 3 }, { $set: { status: "Inactive" } } );
{"t":{"$date":"2024-06-13T22:11:34.631+08:00"},"s":"D3", "c":"STORAGE",  "id":22416,   "ctx":"conn63","msg":"setting timestamp read source","attr":{"readSource":"kNoTimestamp","provided":"none"}}
{"t":{"$date":"2024-06-13T22:11:34.631+08:00"},"s":"D2", "c":"WTTXN",    "id":22430,   "ctx":"conn63","msg":"WiredTiger message","attr":{"message":{"ts_sec":1718287894,"ts_usec":631538,"thread":"16650:0x7f22802ee700","category":"WT_VERB_TRANSACTION","category_id":39,"verbose_level":"DEBUG_2","verbose_level_id":2,"msg":"__session_begin_transaction "}}}
{"t":{"$date":"2024-06-13T22:11:34.631+08:00"},"s":"D1", "c":"WT",       "id":22430,   "ctx":"conn63","msg":"WiredTiger message","attr":{"message":{"ts_sec":1718287894,"ts_usec":631568,"thread":"16650:0x7f22802ee700","session_name":"WT_SESSION.begin_transaction","category":"WT_VERB_API","category_id":0,"verbose_level":"DEBUG_1","verbose_level_id":1,"msg":"CALL: WT_SESSION:begin_transaction"}}}
{"t":{"$date":"2024-06-13T22:11:34.631+08:00"},"s":"D3", "c":"STORAGE",  "id":22414,   "ctx":"conn63","msg":"WT begin_transaction","attr":{"snapshotId":32453,"readSource":"kNoTimestamp"}}
{"t":{"$date":"2024-06-13T22:11:34.631+08:00"},"s":"D1", "c":"WT",       "id":22430,   "ctx":"conn63","msg":"WiredTiger message","attr":{"message":{"ts_sec":1718287894,"ts_usec":631595,"thread":"16650:0x7f22802ee700","session_name":"WT_SESSION.open_cursor","category":"WT_VERB_API","category_id":0,"verbose_level":"DEBUG_1","verbose_level_id":1,"msg":"CALL: WT_SESSION:open_cursor"}}}
{"t":{"$date":"2024-06-13T22:11:34.631+08:00"},"s":"D1", "c":"WT",       "id":22430,   "ctx":"conn63","msg":"WiredTiger message","attr":{"message":{"ts_sec":1718287894,"ts_usec":631620,"thread":"16650:0x7f22802ee700","session_name":"WT_CURSOR.set_key","category":"WT_VERB_API","category_id":0,"verbose_level":"DEBUG_1","verbose_level_id":1,"msg":"CALL: WT_CURSOR:set_key"}}}
{"t":{"$date":"2024-06-13T22:11:34.631+08:00"},"s":"D1", "c":"WT",       "id":22430,   "ctx":"conn63","msg":"WiredTiger message","attr":{"message":{"ts_sec":1718287894,"ts_usec":631644,"thread":"16650:0x7f22802ee700","session_dhandle_name":"file:config/index/20-5911260422569287101.wt","session_name":"WT_CURSOR.search_near","category":"WT_VERB_API","category_id":0,"verbose_level":"DEBUG_1","verbose_level_id":1,"msg":"CALL: WT_CURSOR:search_near"}}}
{"t":{"$date":"2024-06-13T22:11:34.631+08:00"},"s":"D1", "c":"WT",       "id":22430,   "ctx":"conn63","msg":"WiredTiger message","attr":{"message":{"ts_sec":1718287894,"ts_usec":631667,"thread":"16650:0x7f22802ee700","session_name":"WT_CURSOR.get_key","category":"WT_VERB_API","category_id":0,"verbose_level":"DEBUG_1","verbose_level_id":1,"msg":"CALL: WT_CURSOR:get_key"}}}
{"t":{"$date":"2024-06-13T22:11:34.631+08:00"},"s":"D1", "c":"WT",       "id":22430,   "ctx":"conn63","msg":"WiredTiger message","attr":{"message":{"ts_sec":1718287894,"ts_usec":631685,"thread":"16650:0x7f22802ee700","session_dhandle_name":"file:config/index/20-5911260422569287101.wt","session_name":"WT_CURSOR.reset","category":"WT_VERB_API","category_id":0,"verbose_level":"DEBUG_1","verbose_level_id":1,"msg":"CALL: WT_CURSOR:reset"}}}
{"t":{"$date":"2024-06-13T22:11:34.631+08:00"},"s":"D2", "c":"WTTXN",    "id":22430,   "ctx":"conn63","msg":"WiredTiger message","attr":{"message":{"ts_sec":1718287894,"ts_usec":631713,"thread":"16650:0x7f22802ee700","category":"WT_VERB_TRANSACTION","category_id":39,"verbose_level":"DEBUG_2","verbose_level_id":2,"msg":"__session_rollback_transaction "}}}
{"t":{"$date":"2024-06-13T22:11:34.631+08:00"},"s":"D1", "c":"WT",       "id":22430,   "ctx":"conn63","msg":"WiredTiger message","attr":{"message":{"ts_sec":1718287894,"ts_usec":631729,"thread":"16650:0x7f22802ee700","session_name":"WT_SESSION.rollback_transaction","category":"WT_VERB_API","category_id":0,"verbose_level":"DEBUG_1","verbose_level_id":1,"msg":"CALL: WT_SESSION:rollback_transaction"}}}
{"t":{"$date":"2024-06-13T22:11:34.631+08:00"},"s":"D3", "c":"STORAGE",  "id":22413,   "ctx":"conn63","msg":"WT rollback_transaction","attr":{"snapshotId":32453}}
{"t":{"$date":"2024-06-13T22:11:34.631+08:00"},"s":"D3", "c":"STORAGE",  "id":22416,   "ctx":"conn63","msg":"setting timestamp read source","attr":{"readSource":"kNoTimestamp","provided":"none"}}
{"t":{"$date":"2024-06-13T22:11:34.631+08:00"},"s":"D3", "c":"STORAGE",  "id":22416,   "ctx":"conn63","msg":"setting timestamp read source","attr":{"readSource":"kNoTimestamp","provided":"none"}}
{"t":{"$date":"2024-06-13T22:11:34.631+08:00"},"s":"D2", "c":"WTTXN",    "id":22430,   "ctx":"conn63","msg":"WiredTiger message","attr":{"message":{"ts_sec":1718287894,"ts_usec":631933,"thread":"16650:0x7f22802ee700","category":"WT_VERB_TRANSACTION","category_id":39,"verbose_level":"DEBUG_2","verbose_level_id":2,"msg":"__session_begin_transaction "}}}
{"t":{"$date":"2024-06-13T22:11:34.631+08:00"},"s":"D1", "c":"WT",       "id":22430,   "ctx":"conn63","msg":"WiredTiger message","attr":{"message":{"ts_sec":1718287894,"ts_usec":631968,"thread":"16650:0x7f22802ee700","session_name":"WT_SESSION.begin_transaction","category":"WT_VERB_API","category_id":0,"verbose_level":"DEBUG_1","verbose_level_id":1,"msg":"CALL: WT_SESSION:begin_transaction"}}}
{"t":{"$date":"2024-06-13T22:11:34.631+08:00"},"s":"D3", "c":"STORAGE",  "id":22414,   "ctx":"conn63","msg":"WT begin_transaction","attr":{"snapshotId":32456,"readSource":"kNoTimestamp"}}
{"t":{"$date":"2024-06-13T22:11:34.632+08:00"},"s":"D1", "c":"WT",       "id":22430,   "ctx":"conn63","msg":"WiredTiger message","attr":{"message":{"ts_sec":1718287894,"ts_usec":632005,"thread":"16650:0x7f22802ee700","session_name":"WT_SESSION.open_cursor","category":"WT_VERB_API","category_id":0,"verbose_level":"DEBUG_1","verbose_level_id":1,"msg":"CALL: WT_SESSION:open_cursor"}}}
{"t":{"$date":"2024-06-13T22:11:34.632+08:00"},"s":"D1", "c":"WT",       "id":22430,   "ctx":"conn63","msg":"WiredTiger message","attr":{"message":{"ts_sec":1718287894,"ts_usec":632039,"thread":"16650:0x7f22802ee700","session_name":"WT_CURSOR.set_key","category":"WT_VERB_API","category_id":0,"verbose_level":"DEBUG_1","verbose_level_id":1,"msg":"CALL: WT_CURSOR:set_key"}}}
{"t":{"$date":"2024-06-13T22:11:34.632+08:00"},"s":"D1", "c":"WT",       "id":22430,   "ctx":"conn63","msg":"WiredTiger message","attr":{"message":{"ts_sec":1718287894,"ts_usec":632057,"thread":"16650:0x7f22802ee700","session_dhandle_name":"file:config/index/21-5911260422569287101.wt","session_name":"WT_CURSOR.search_near","category":"WT_VERB_API","category_id":0,"verbose_level":"DEBUG_1","verbose_level_id":1,"msg":"CALL: WT_CURSOR:search_near"}}}
{"t":{"$date":"2024-06-13T22:11:34.632+08:00"},"s":"D1", "c":"WT",       "id":22430,   "ctx":"conn63","msg":"WiredTiger message","attr":{"message":{"ts_sec":1718287894,"ts_usec":632080,"thread":"16650:0x7f22802ee700","session_dhandle_name":"file:config/index/21-5911260422569287101.wt","session_name":"WT_CURSOR.reset","category":"WT_VERB_API","category_id":0,"verbose_level":"DEBUG_1","verbose_level_id":1,"msg":"CALL: WT_CURSOR:reset"}}}
{"t":{"$date":"2024-06-13T22:11:34.632+08:00"},"s":"D2", "c":"WTTXN",    "id":22430,   "ctx":"conn63","msg":"WiredTiger message","attr":{"message":{"ts_sec":1718287894,"ts_usec":632113,"thread":"16650:0x7f22802ee700","category":"WT_VERB_TRANSACTION","category_id":39,"verbose_level":"DEBUG_2","verbose_level_id":2,"msg":"__session_rollback_transaction "}}}
{"t":{"$date":"2024-06-13T22:11:34.632+08:00"},"s":"D1", "c":"WT",       "id":22430,   "ctx":"conn63","msg":"WiredTiger message","attr":{"message":{"ts_sec":1718287894,"ts_usec":632131,"thread":"16650:0x7f22802ee700","session_name":"WT_SESSION.rollback_transaction","category":"WT_VERB_API","category_id":0,"verbose_level":"DEBUG_1","verbose_level_id":1,"msg":"CALL: WT_SESSION:rollback_transaction"}}}
{"t":{"$date":"2024-06-13T22:11:34.632+08:00"},"s":"D3", "c":"STORAGE",  "id":22413,   "ctx":"conn63","msg":"WT rollback_transaction","attr":{"snapshotId":32456}}
{"t":{"$date":"2024-06-13T22:11:34.632+08:00"},"s":"D3", "c":"STORAGE",  "id":22416,   "ctx":"conn63","msg":"setting timestamp read source","attr":{"readSource":"kNoTimestamp","provided":"none"}}
{"t":{"$date":"2024-06-13T22:11:34.632+08:00"},"s":"D3", "c":"STORAGE",  "id":22416,   "ctx":"conn63","msg":"setting timestamp read source","attr":{"readSource":"kAllDurableSnapshot","provided":"none"}}
{"t":{"$date":"2024-06-13T22:11:34.632+08:00"},"s":"D2", "c":"WTTXN",    "id":22430,   "ctx":"conn63","msg":"WiredTiger message","attr":{"message":{"ts_sec":1718287894,"ts_usec":632220,"thread":"16650:0x7f22802ee700","category":"WT_VERB_TRANSACTION","category_id":39,"verbose_level":"DEBUG_2","verbose_level_id":2,"msg":"__session_begin_transaction roundup_timestamps=(read=true),"}}}
{"t":{"$date":"2024-06-13T22:11:34.632+08:00"},"s":"D1", "c":"WT",       "id":22430,   "ctx":"conn63","msg":"WiredTiger message","attr":{"message":{"ts_sec":1718287894,"ts_usec":632236,"thread":"16650:0x7f22802ee700","session_name":"WT_SESSION.begin_transaction","category":"WT_VERB_API","category_id":0,"verbose_level":"DEBUG_1","verbose_level_id":1,"msg":"CALL: WT_SESSION:begin_transaction"}}}
{"t":{"$date":"2024-06-13T22:11:34.632+08:00"},"s":"D1", "c":"WT",       "id":22430,   "ctx":"conn63","msg":"WiredTiger message","attr":{"message":{"ts_sec":1718287894,"ts_usec":632254,"thread":"16650:0x7f22802ee700","session_name":"WT_CONNECTION.query_timestamp","category":"WT_VERB_API","category_id":0,"verbose_level":"DEBUG_1","verbose_level_id":1,"msg":"CALL: WT_CONNECTION:query_timestamp"}}}
{"t":{"$date":"2024-06-13T22:11:34.632+08:00"},"s":"D2", "c":"WTTXN",    "id":22430,   "ctx":"conn63","msg":"WiredTiger message","attr":{"message":{"ts_sec":1718287894,"ts_usec":632274,"thread":"16650:0x7f22802ee700","session_name":"WT_CONNECTION.query_timestamp","category":"WT_VERB_TRANSACTION","category_id":39,"verbose_level":"DEBUG_2","verbose_level_id":2,"msg":"__conn_query_timestamp get=all_durable 666afe1100000001"}}}
{"t":{"$date":"2024-06-13T22:11:34.632+08:00"},"s":"D1", "c":"WT",       "id":22430,   "ctx":"conn63","msg":"WiredTiger message","attr":{"message":{"ts_sec":1718287894,"ts_usec":632297,"thread":"16650:0x7f22802ee700","session_name":"WT_SESSION.timestamp_transaction_uint","category":"WT_VERB_API","category_id":0,"verbose_level":"DEBUG_1","verbose_level_id":1,"msg":"CALL: WT_SESSION:timestamp_transaction_uint"}}}
{"t":{"$date":"2024-06-13T22:11:34.632+08:00"},"s":"D2", "c":"WTTXN",    "id":22430,   "ctx":"conn63","msg":"WiredTiger message","attr":{"message":{"ts_sec":1718287894,"ts_usec":632311,"thread":"16650:0x7f22802ee700","session_name":"WT_SESSION.timestamp_transaction_uint","category":"WT_VERB_TRANSACTION","category_id":39,"verbose_level":"DEBUG_2","verbose_level_id":2,"msg":"__session_timestamp_transaction_uint ts 7379990288367878145 which 3"}}}
{"t":{"$date":"2024-06-13T22:11:34.632+08:00"},"s":"D1", "c":"WT",       "id":22430,   "ctx":"conn63","msg":"WiredTiger message","attr":{"message":{"ts_sec":1718287894,"ts_usec":632329,"thread":"16650:0x7f22802ee700","session_name":"WT_SESSION.query_timestamp","category":"WT_VERB_API","category_id":0,"verbose_level":"DEBUG_1","verbose_level_id":1,"msg":"CALL: WT_SESSION:query_timestamp"}}}
{"t":{"$date":"2024-06-13T22:11:34.632+08:00"},"s":"D3", "c":"STORAGE",  "id":22414,   "ctx":"conn63","msg":"WT begin_transaction","attr":{"snapshotId":32458,"readSource":"kAllDurableSnapshot"}}
{"t":{"$date":"2024-06-13T22:11:34.632+08:00"},"s":"D1", "c":"WT",       "id":22430,   "ctx":"conn63","msg":"WiredTiger message","attr":{"message":{"ts_sec":1718287894,"ts_usec":632421,"thread":"16650:0x7f22802ee700","session_name":"WT_SESSION.open_cursor","category":"WT_VERB_API","category_id":0,"verbose_level":"DEBUG_1","verbose_level_id":1,"msg":"CALL: WT_SESSION:open_cursor"}}}
{"t":{"$date":"2024-06-13T22:11:34.632+08:00"},"s":"D1", "c":"WT",       "id":22430,   "ctx":"conn63","msg":"WiredTiger message","attr":{"message":{"ts_sec":1718287894,"ts_usec":632451,"thread":"16650:0x7f22802ee700","session_dhandle_name":"file:hr/collection/8--2283696526919035113.wt","session_name":"WT_CURSOR.next","category":"WT_VERB_API","category_id":0,"verbose_level":"DEBUG_1","verbose_level_id":1,"msg":"CALL: WT_CURSOR:next"}}}
{"t":{"$date":"2024-06-13T22:11:34.632+08:00"},"s":"D1", "c":"WT",       "id":22430,   "ctx":"conn63","msg":"WiredTiger message","attr":{"message":{"ts_sec":1718287894,"ts_usec":632472,"thread":"16650:0x7f22802ee700","session_name":"WT_CURSOR.get_key","category":"WT_VERB_API","category_id":0,"verbose_level":"DEBUG_1","verbose_level_id":1,"msg":"CALL: WT_CURSOR:get_key"}}}
{"t":{"$date":"2024-06-13T22:11:34.632+08:00"},"s":"D1", "c":"WT",       "id":22430,   "ctx":"conn63","msg":"WiredTiger message","attr":{"message":{"ts_sec":1718287894,"ts_usec":632489,"thread":"16650:0x7f22802ee700","session_name":"WT_CURSOR.get_value","category":"WT_VERB_API","category_id":0,"verbose_level":"DEBUG_1","verbose_level_id":1,"msg":"CALL: WT_CURSOR:get_value"}}}
{"t":{"$date":"2024-06-13T22:11:34.632+08:00"},"s":"D1", "c":"WT",       "id":22430,   "ctx":"conn63","msg":"WiredTiger message","attr":{"message":{"ts_sec":1718287894,"ts_usec":632512,"thread":"16650:0x7f22802ee700","session_dhandle_name":"file:hr/collection/8--2283696526919035113.wt","session_name":"WT_CURSOR.reset","category":"WT_VERB_API","category_id":0,"verbose_level":"DEBUG_1","verbose_level_id":1,"msg":"CALL: WT_CURSOR:reset"}}}
{"t":{"$date":"2024-06-13T22:11:34.632+08:00"},"s":"D1", "c":"WT",       "id":22430,   "ctx":"conn63","msg":"WiredTiger message","attr":{"message":{"ts_sec":1718287894,"ts_usec":632551,"thread":"16650:0x7f22802ee700","session_name":"WT_SESSION.open_cursor","category":"WT_VERB_API","category_id":0,"verbose_level":"DEBUG_1","verbose_level_id":1,"msg":"CALL: WT_SESSION:open_cursor"}}}
{"t":{"$date":"2024-06-13T22:11:34.632+08:00"},"s":"D1", "c":"WT",       "id":22430,   "ctx":"conn63","msg":"WiredTiger message","attr":{"message":{"ts_sec":1718287894,"ts_usec":632574,"thread":"16650:0x7f22802ee700","session_name":"WT_CURSOR.set_key","category":"WT_VERB_API","category_id":0,"verbose_level":"DEBUG_1","verbose_level_id":1,"msg":"CALL: WT_CURSOR:set_key"}}}
{"t":{"$date":"2024-06-13T22:11:34.632+08:00"},"s":"D1", "c":"WT",       "id":22430,   "ctx":"conn63","msg":"WiredTiger message","attr":{"message":{"ts_sec":1718287894,"ts_usec":632595,"thread":"16650:0x7f22802ee700","session_dhandle_name":"file:hr/collection/8--2283696526919035113.wt","session_name":"WT_CURSOR.search","category":"WT_VERB_API","category_id":0,"verbose_level":"DEBUG_1","verbose_level_id":1,"msg":"CALL: WT_CURSOR:search"}}}
{"t":{"$date":"2024-06-13T22:11:34.632+08:00"},"s":"D1", "c":"WT",       "id":22430,   "ctx":"conn63","msg":"WiredTiger message","attr":{"message":{"ts_sec":1718287894,"ts_usec":632613,"thread":"16650:0x7f22802ee700","session_name":"WT_CURSOR.get_value","category":"WT_VERB_API","category_id":0,"verbose_level":"DEBUG_1","verbose_level_id":1,"msg":"CALL: WT_CURSOR:get_value"}}}
{"t":{"$date":"2024-06-13T22:11:34.632+08:00"},"s":"D1", "c":"WT",       "id":22430,   "ctx":"conn63","msg":"WiredTiger message","attr":{"message":{"ts_sec":1718287894,"ts_usec":632630,"thread":"16650:0x7f22802ee700","session_name":"WT_CURSOR.set_value","category":"WT_VERB_API","category_id":0,"verbose_level":"DEBUG_1","verbose_level_id":1,"msg":"CALL: WT_CURSOR:set_value"}}}
{"t":{"$date":"2024-06-13T22:11:34.632+08:00"},"s":"D1", "c":"WT",       "id":22430,   "ctx":"conn63","msg":"WiredTiger message","attr":{"message":{"ts_sec":1718287894,"ts_usec":632643,"thread":"16650:0x7f22802ee700","session_dhandle_name":"file:hr/collection/8--2283696526919035113.wt","session_name":"WT_CURSOR.insert","category":"WT_VERB_API","category_id":0,"verbose_level":"DEBUG_1","verbose_level_id":1,"msg":"CALL: WT_CURSOR:insert"}}}
{"t":{"$date":"2024-06-13T22:11:34.632+08:00"},"s":"D1", "c":"WT",       "id":22430,   "ctx":"conn63","msg":"WiredTiger message","attr":{"message":{"ts_sec":1718287894,"ts_usec":632663,"thread":"16650:0x7f22802ee700","session_dhandle_name":"file:hr/collection/8--2283696526919035113.wt","session_name":"WT_CURSOR.reset","category":"WT_VERB_API","category_id":0,"verbose_level":"DEBUG_1","verbose_level_id":1,"msg":"CALL: WT_CURSOR:reset"}}}
{"t":{"$date":"2024-06-13T22:11:34.632+08:00"},"s":"D1", "c":"WT",       "id":22430,   "ctx":"conn63","msg":"WiredTiger message","attr":{"message":{"ts_sec":1718287894,"ts_usec":632699,"thread":"16650:0x7f22802ee700","session_name":"WT_CURSOR.set_key","category":"WT_VERB_API","category_id":0,"verbose_level":"DEBUG_1","verbose_level_id":1,"msg":"CALL: WT_CURSOR:set_key"}}}
{"t":{"$date":"2024-06-13T22:11:34.632+08:00"},"s":"D1", "c":"WT",       "id":22430,   "ctx":"conn63","msg":"WiredTiger message","attr":{"message":{"ts_sec":1718287894,"ts_usec":632717,"thread":"16650:0x7f22802ee700","session_dhandle_name":"file:hr/collection/8--2283696526919035113.wt","session_name":"WT_CURSOR.search_near","category":"WT_VERB_API","category_id":0,"verbose_level":"DEBUG_1","verbose_level_id":1,"msg":"CALL: WT_CURSOR:search_near"}}}
{"t":{"$date":"2024-06-13T22:11:34.632+08:00"},"s":"D1", "c":"WT",       "id":22430,   "ctx":"conn63","msg":"WiredTiger message","attr":{"message":{"ts_sec":1718287894,"ts_usec":632738,"thread":"16650:0x7f22802ee700","session_dhandle_name":"file:hr/collection/8--2283696526919035113.wt","session_name":"WT_CURSOR.reset","category":"WT_VERB_API","category_id":0,"verbose_level":"DEBUG_1","verbose_level_id":1,"msg":"CALL: WT_CURSOR:reset"}}}
{"t":{"$date":"2024-06-13T22:11:34.632+08:00"},"s":"D1", "c":"WT",       "id":22430,   "ctx":"conn63","msg":"WiredTiger message","attr":{"message":{"ts_sec":1718287894,"ts_usec":632769,"thread":"16650:0x7f22802ee700","session_name":"WT_SESSION.open_cursor","category":"WT_VERB_API","category_id":0,"verbose_level":"DEBUG_1","verbose_level_id":1,"msg":"CALL: WT_SESSION:open_cursor"}}}
{"t":{"$date":"2024-06-13T22:11:34.632+08:00"},"s":"D1", "c":"WT",       "id":22430,   "ctx":"conn63","msg":"WiredTiger message","attr":{"message":{"ts_sec":1718287894,"ts_usec":632794,"thread":"16650:0x7f22802ee700","session_name":"WT_CURSOR.next","category":"WT_VERB_API","category_id":0,"verbose_level":"DEBUG_1","verbose_level_id":1,"msg":"CALL: WT_CURSOR:next"}}}
{"t":{"$date":"2024-06-13T22:11:34.632+08:00"},"s":"D1", "c":"WT",       "id":22430,   "ctx":"conn63","msg":"WiredTiger message","attr":{"message":{"ts_sec":1718287894,"ts_usec":632816,"thread":"16650:0x7f22802ee700","session_name":"WT_CURSOR.get_key","category":"WT_VERB_API","category_id":0,"verbose_level":"DEBUG_1","verbose_level_id":1,"msg":"CALL: WT_CURSOR:get_key"}}}
{"t":{"$date":"2024-06-13T22:11:34.632+08:00"},"s":"D1", "c":"WT",       "id":22430,   "ctx":"conn63","msg":"WiredTiger message","attr":{"message":{"ts_sec":1718287894,"ts_usec":632830,"thread":"16650:0x7f22802ee700","session_name":"WT_CURSOR.get_value","category":"WT_VERB_API","category_id":0,"verbose_level":"DEBUG_1","verbose_level_id":1,"msg":"CALL: WT_CURSOR:get_value"}}}
{"t":{"$date":"2024-06-13T22:11:34.632+08:00"},"s":"D1", "c":"WT",       "id":22430,   "ctx":"conn63","msg":"WiredTiger message","attr":{"message":{"ts_sec":1718287894,"ts_usec":632846,"thread":"16650:0x7f22802ee700","session_name":"WT_CURSOR.next","category":"WT_VERB_API","category_id":0,"verbose_level":"DEBUG_1","verbose_level_id":1,"msg":"CALL: WT_CURSOR:next"}}}
{"t":{"$date":"2024-06-13T22:11:34.632+08:00"},"s":"D1", "c":"WT",       "id":22430,   "ctx":"conn63","msg":"WiredTiger message","attr":{"message":{"ts_sec":1718287894,"ts_usec":632862,"thread":"16650:0x7f22802ee700","session_name":"WT_CURSOR.get_key","category":"WT_VERB_API","category_id":0,"verbose_level":"DEBUG_1","verbose_level_id":1,"msg":"CALL: WT_CURSOR:get_key"}}}
{"t":{"$date":"2024-06-13T22:11:34.632+08:00"},"s":"D1", "c":"WT",       "id":22430,   "ctx":"conn63","msg":"WiredTiger message","attr":{"message":{"ts_sec":1718287894,"ts_usec":632874,"thread":"16650:0x7f22802ee700","session_name":"WT_CURSOR.get_value","category":"WT_VERB_API","category_id":0,"verbose_level":"DEBUG_1","verbose_level_id":1,"msg":"CALL: WT_CURSOR:get_value"}}}
{"t":{"$date":"2024-06-13T22:11:34.632+08:00"},"s":"D1", "c":"WT",       "id":22430,   "ctx":"conn63","msg":"WiredTiger message","attr":{"message":{"ts_sec":1718287894,"ts_usec":632889,"thread":"16650:0x7f22802ee700","session_name":"WT_CURSOR.next","category":"WT_VERB_API","category_id":0,"verbose_level":"DEBUG_1","verbose_level_id":1,"msg":"CALL: WT_CURSOR:next"}}}
{"t":{"$date":"2024-06-13T22:11:34.632+08:00"},"s":"D1", "c":"WT",       "id":22430,   "ctx":"conn63","msg":"WiredTiger message","attr":{"message":{"ts_sec":1718287894,"ts_usec":632905,"thread":"16650:0x7f22802ee700","session_name":"WT_CURSOR.get_key","category":"WT_VERB_API","category_id":0,"verbose_level":"DEBUG_1","verbose_level_id":1,"msg":"CALL: WT_CURSOR:get_key"}}}
{"t":{"$date":"2024-06-13T22:11:34.632+08:00"},"s":"D1", "c":"WT",       "id":22430,   "ctx":"conn63","msg":"WiredTiger message","attr":{"message":{"ts_sec":1718287894,"ts_usec":632917,"thread":"16650:0x7f22802ee700","session_name":"WT_CURSOR.get_value","category":"WT_VERB_API","category_id":0,"verbose_level":"DEBUG_1","verbose_level_id":1,"msg":"CALL: WT_CURSOR:get_value"}}}
{"t":{"$date":"2024-06-13T22:11:34.632+08:00"},"s":"D1", "c":"WT",       "id":22430,   "ctx":"conn63","msg":"WiredTiger message","attr":{"message":{"ts_sec":1718287894,"ts_usec":632933,"thread":"16650:0x7f22802ee700","session_name":"WT_CURSOR.next","category":"WT_VERB_API","category_id":0,"verbose_level":"DEBUG_1","verbose_level_id":1,"msg":"CALL: WT_CURSOR:next"}}}
{"t":{"$date":"2024-06-13T22:11:34.632+08:00"},"s":"D1", "c":"WT",       "id":22430,   "ctx":"conn63","msg":"WiredTiger message","attr":{"message":{"ts_sec":1718287894,"ts_usec":632950,"thread":"16650:0x7f22802ee700","session_name":"WT_CURSOR.get_key","category":"WT_VERB_API","category_id":0,"verbose_level":"DEBUG_1","verbose_level_id":1,"msg":"CALL: WT_CURSOR:get_key"}}}
{"t":{"$date":"2024-06-13T22:11:34.632+08:00"},"s":"D1", "c":"WT",       "id":22430,   "ctx":"conn63","msg":"WiredTiger message","attr":{"message":{"ts_sec":1718287894,"ts_usec":632963,"thread":"16650:0x7f22802ee700","session_name":"WT_CURSOR.get_value","category":"WT_VERB_API","category_id":0,"verbose_level":"DEBUG_1","verbose_level_id":1,"msg":"CALL: WT_CURSOR:get_value"}}}
{"t":{"$date":"2024-06-13T22:11:34.632+08:00"},"s":"D1", "c":"WT",       "id":22430,   "ctx":"conn63","msg":"WiredTiger message","attr":{"message":{"ts_sec":1718287894,"ts_usec":632981,"thread":"16650:0x7f22802ee700","session_name":"WT_CURSOR.next","category":"WT_VERB_API","category_id":0,"verbose_level":"DEBUG_1","verbose_level_id":1,"msg":"CALL: WT_CURSOR:next"}}}
{"t":{"$date":"2024-06-13T22:11:34.633+08:00"},"s":"D1", "c":"WT",       "id":22430,   "ctx":"conn63","msg":"WiredTiger message","attr":{"message":{"ts_sec":1718287894,"ts_usec":632997,"thread":"16650:0x7f22802ee700","session_name":"WT_CURSOR.get_key","category":"WT_VERB_API","category_id":0,"verbose_level":"DEBUG_1","verbose_level_id":1,"msg":"CALL: WT_CURSOR:get_key"}}}
{"t":{"$date":"2024-06-13T22:11:34.633+08:00"},"s":"D1", "c":"WT",       "id":22430,   "ctx":"conn63","msg":"WiredTiger message","attr":{"message":{"ts_sec":1718287894,"ts_usec":633010,"thread":"16650:0x7f22802ee700","session_name":"WT_CURSOR.get_value","category":"WT_VERB_API","category_id":0,"verbose_level":"DEBUG_1","verbose_level_id":1,"msg":"CALL: WT_CURSOR:get_value"}}}
{"t":{"$date":"2024-06-13T22:11:34.633+08:00"},"s":"D1", "c":"WT",       "id":22430,   "ctx":"conn63","msg":"WiredTiger message","attr":{"message":{"ts_sec":1718287894,"ts_usec":633024,"thread":"16650:0x7f22802ee700","session_name":"WT_CURSOR.next","category":"WT_VERB_API","category_id":0,"verbose_level":"DEBUG_1","verbose_level_id":1,"msg":"CALL: WT_CURSOR:next"}}}
{"t":{"$date":"2024-06-13T22:11:34.633+08:00"},"s":"D1", "c":"WT",       "id":22430,   "ctx":"conn63","msg":"WiredTiger message","attr":{"message":{"ts_sec":1718287894,"ts_usec":633036,"thread":"16650:0x7f22802ee700","session_name":"WT_CURSOR.get_key","category":"WT_VERB_API","category_id":0,"verbose_level":"DEBUG_1","verbose_level_id":1,"msg":"CALL: WT_CURSOR:get_key"}}}
{"t":{"$date":"2024-06-13T22:11:34.633+08:00"},"s":"D1", "c":"WT",       "id":22430,   "ctx":"conn63","msg":"WiredTiger message","attr":{"message":{"ts_sec":1718287894,"ts_usec":633051,"thread":"16650:0x7f22802ee700","session_name":"WT_CURSOR.get_value","category":"WT_VERB_API","category_id":0,"verbose_level":"DEBUG_1","verbose_level_id":1,"msg":"CALL: WT_CURSOR:get_value"}}}
{"t":{"$date":"2024-06-13T22:11:34.633+08:00"},"s":"D1", "c":"WT",       "id":22430,   "ctx":"conn63","msg":"WiredTiger message","attr":{"message":{"ts_sec":1718287894,"ts_usec":633070,"thread":"16650:0x7f22802ee700","session_name":"WT_CURSOR.next","category":"WT_VERB_API","category_id":0,"verbose_level":"DEBUG_1","verbose_level_id":1,"msg":"CALL: WT_CURSOR:next"}}}
{"t":{"$date":"2024-06-13T22:11:34.633+08:00"},"s":"D1", "c":"WT",       "id":22430,   "ctx":"conn63","msg":"WiredTiger message","attr":{"message":{"ts_sec":1718287894,"ts_usec":633093,"thread":"16650:0x7f22802ee700","session_name":"WT_CURSOR.get_key","category":"WT_VERB_API","category_id":0,"verbose_level":"DEBUG_1","verbose_level_id":1,"msg":"CALL: WT_CURSOR:get_key"}}}
{"t":{"$date":"2024-06-13T22:11:34.633+08:00"},"s":"D1", "c":"WT",       "id":22430,   "ctx":"conn63","msg":"WiredTiger message","attr":{"message":{"ts_sec":1718287894,"ts_usec":633117,"thread":"16650:0x7f22802ee700","session_name":"WT_CURSOR.get_value","category":"WT_VERB_API","category_id":0,"verbose_level":"DEBUG_1","verbose_level_id":1,"msg":"CALL: WT_CURSOR:get_value"}}}
{"t":{"$date":"2024-06-13T22:11:34.633+08:00"},"s":"D1", "c":"WT",       "id":22430,   "ctx":"conn63","msg":"WiredTiger message","attr":{"message":{"ts_sec":1718287894,"ts_usec":633139,"thread":"16650:0x7f22802ee700","session_name":"WT_CURSOR.next","category":"WT_VERB_API","category_id":0,"verbose_level":"DEBUG_1","verbose_level_id":1,"msg":"CALL: WT_CURSOR:next"}}}
{"t":{"$date":"2024-06-13T22:11:34.633+08:00"},"s":"D1", "c":"WT",       "id":22430,   "ctx":"conn63","msg":"WiredTiger message","attr":{"message":{"ts_sec":1718287894,"ts_usec":633154,"thread":"16650:0x7f22802ee700","session_name":"WT_CURSOR.get_key","category":"WT_VERB_API","category_id":0,"verbose_level":"DEBUG_1","verbose_level_id":1,"msg":"CALL: WT_CURSOR:get_key"}}}
{"t":{"$date":"2024-06-13T22:11:34.633+08:00"},"s":"D1", "c":"WT",       "id":22430,   "ctx":"conn63","msg":"WiredTiger message","attr":{"message":{"ts_sec":1718287894,"ts_usec":633171,"thread":"16650:0x7f22802ee700","session_name":"WT_CURSOR.get_value","category":"WT_VERB_API","category_id":0,"verbose_level":"DEBUG_1","verbose_level_id":1,"msg":"CALL: WT_CURSOR:get_value"}}}
{"t":{"$date":"2024-06-13T22:11:34.633+08:00"},"s":"D1", "c":"WT",       "id":22430,   "ctx":"conn63","msg":"WiredTiger message","attr":{"message":{"ts_sec":1718287894,"ts_usec":633186,"thread":"16650:0x7f22802ee700","session_name":"WT_CURSOR.next","category":"WT_VERB_API","category_id":0,"verbose_level":"DEBUG_1","verbose_level_id":1,"msg":"CALL: WT_CURSOR:next"}}}
{"t":{"$date":"2024-06-13T22:11:34.633+08:00"},"s":"D1", "c":"WT",       "id":22430,   "ctx":"conn63","msg":"WiredTiger message","attr":{"message":{"ts_sec":1718287894,"ts_usec":633198,"thread":"16650:0x7f22802ee700","session_name":"WT_CURSOR.close","category":"WT_VERB_API","category_id":0,"verbose_level":"DEBUG_1","verbose_level_id":1,"msg":"CALL: WT_CURSOR:close"}}}
{"t":{"$date":"2024-06-13T22:11:34.633+08:00"},"s":"D1", "c":"WT",       "id":22430,   "ctx":"conn63","msg":"WiredTiger message","attr":{"message":{"ts_sec":1718287894,"ts_usec":633793,"thread":"16650:0x7f22802ee700","session_name":"WT_CONNECTION.query_timestamp","category":"WT_VERB_API","category_id":0,"verbose_level":"DEBUG_1","verbose_level_id":1,"msg":"CALL: WT_CONNECTION:query_timestamp"}}}
{"t":{"$date":"2024-06-13T22:11:34.633+08:00"},"s":"D2", "c":"WTTXN",    "id":22430,   "ctx":"conn63","msg":"WiredTiger message","attr":{"message":{"ts_sec":1718287894,"ts_usec":633827,"thread":"16650:0x7f22802ee700","session_name":"WT_CONNECTION.query_timestamp","category":"WT_VERB_TRANSACTION","category_id":39,"verbose_level":"DEBUG_2","verbose_level_id":2,"msg":"__conn_query_timestamp get=last_checkpoint 666afdf300000001"}}}


3. eventsCollection.insertOne( { employee: 3, status: { new: "Inactive", old: "Active" } } );
{"t":{"$date":"2024-06-13T22:11:43.168+08:00"},"s":"D1", "c":"WT",       "id":22430,   "ctx":"conn63","msg":"WiredTiger message","attr":{"message":{"ts_sec":1718287903,"ts_usec":168913,"thread":"16650:0x7f22802ee700","session_name":"WT_SESSION.open_cursor","category":"WT_VERB_API","category_id":0,"verbose_level":"DEBUG_1","verbose_level_id":1,"msg":"CALL: WT_SESSION:open_cursor"}}}
{"t":{"$date":"2024-06-13T22:11:43.169+08:00"},"s":"D1", "c":"WT",       "id":22430,   "ctx":"conn63","msg":"WiredTiger message","attr":{"message":{"ts_sec":1718287903,"ts_usec":168998,"thread":"16650:0x7f22802ee700","session_name":"WT_CURSOR.set_key","category":"WT_VERB_API","category_id":0,"verbose_level":"DEBUG_1","verbose_level_id":1,"msg":"CALL: WT_CURSOR:set_key"}}}
{"t":{"$date":"2024-06-13T22:11:43.169+08:00"},"s":"D1", "c":"WT",       "id":22430,   "ctx":"conn63","msg":"WiredTiger message","attr":{"message":{"ts_sec":1718287903,"ts_usec":169019,"thread":"16650:0x7f22802ee700","session_name":"WT_CURSOR.set_value","category":"WT_VERB_API","category_id":0,"verbose_level":"DEBUG_1","verbose_level_id":1,"msg":"CALL: WT_CURSOR:set_value"}}}
{"t":{"$date":"2024-06-13T22:11:43.169+08:00"},"s":"D1", "c":"WT",       "id":22430,   "ctx":"conn63","msg":"WiredTiger message","attr":{"message":{"ts_sec":1718287903,"ts_usec":169037,"thread":"16650:0x7f22802ee700","session_dhandle_name":"file:reporting/collection/10--2283696526919035113.wt","session_name":"WT_CURSOR.insert","category":"WT_VERB_API","category_id":0,"verbose_level":"DEBUG_1","verbose_level_id":1,"msg":"CALL: WT_CURSOR:insert"}}}
{"t":{"$date":"2024-06-13T22:11:43.169+08:00"},"s":"D1", "c":"WT",       "id":22430,   "ctx":"conn63","msg":"WiredTiger message","attr":{"message":{"ts_sec":1718287903,"ts_usec":169060,"thread":"16650:0x7f22802ee700","session_dhandle_name":"file:reporting/collection/10--2283696526919035113.wt","session_name":"WT_CURSOR.reset","category":"WT_VERB_API","category_id":0,"verbose_level":"DEBUG_1","verbose_level_id":1,"msg":"CALL: WT_CURSOR:reset"}}}
{"t":{"$date":"2024-06-13T22:11:43.169+08:00"},"s":"D1", "c":"WT",       "id":22430,   "ctx":"conn63","msg":"WiredTiger message","attr":{"message":{"ts_sec":1718287903,"ts_usec":169089,"thread":"16650:0x7f22802ee700","session_name":"WT_SESSION.open_cursor","category":"WT_VERB_API","category_id":0,"verbose_level":"DEBUG_1","verbose_level_id":1,"msg":"CALL: WT_SESSION:open_cursor"}}}
{"t":{"$date":"2024-06-13T22:11:43.169+08:00"},"s":"D1", "c":"WT",       "id":22430,   "ctx":"conn63","msg":"WiredTiger message","attr":{"message":{"ts_sec":1718287903,"ts_usec":169114,"thread":"16650:0x7f22802ee700","session_name":"WT_CURSOR.set_key","category":"WT_VERB_API","category_id":0,"verbose_level":"DEBUG_1","verbose_level_id":1,"msg":"CALL: WT_CURSOR:set_key"}}}
{"t":{"$date":"2024-06-13T22:11:43.169+08:00"},"s":"D1", "c":"WT",       "id":22430,   "ctx":"conn63","msg":"WiredTiger message","attr":{"message":{"ts_sec":1718287903,"ts_usec":169127,"thread":"16650:0x7f22802ee700","session_name":"WT_CURSOR.set_value","category":"WT_VERB_API","category_id":0,"verbose_level":"DEBUG_1","verbose_level_id":1,"msg":"CALL: WT_CURSOR:set_value"}}}
{"t":{"$date":"2024-06-13T22:11:43.169+08:00"},"s":"D1", "c":"WT",       "id":22430,   "ctx":"conn63","msg":"WiredTiger message","attr":{"message":{"ts_sec":1718287903,"ts_usec":169143,"thread":"16650:0x7f22802ee700","session_dhandle_name":"file:reporting/index/11--2283696526919035113.wt","session_name":"WT_CURSOR.insert","category":"WT_VERB_API","category_id":0,"verbose_level":"DEBUG_1","verbose_level_id":1,"msg":"CALL: WT_CURSOR:insert"}}}
{"t":{"$date":"2024-06-13T22:11:43.169+08:00"},"s":"D1", "c":"WT",       "id":22430,   "ctx":"conn63","msg":"WiredTiger message","attr":{"message":{"ts_sec":1718287903,"ts_usec":169175,"thread":"16650:0x7f22802ee700","session_dhandle_name":"file:reporting/index/11--2283696526919035113.wt","session_name":"WT_CURSOR.reset","category":"WT_VERB_API","category_id":0,"verbose_level":"DEBUG_1","verbose_level_id":1,"msg":"CALL: WT_CURSOR:reset"}}}
{"t":{"$date":"2024-06-13T22:11:43.169+08:00"},"s":"D1", "c":"WT",       "id":22430,   "ctx":"conn63","msg":"WiredTiger message","attr":{"message":{"ts_sec":1718287903,"ts_usec":169233,"thread":"16650:0x7f22802ee700","session_name":"WT_SESSION.open_cursor","category":"WT_VERB_API","category_id":0,"verbose_level":"DEBUG_1","verbose_level_id":1,"msg":"CALL: WT_SESSION:open_cursor"}}}
{"t":{"$date":"2024-06-13T22:11:43.169+08:00"},"s":"D1", "c":"WT",       "id":22430,   "ctx":"conn63","msg":"WiredTiger message","attr":{"message":{"ts_sec":1718287903,"ts_usec":169262,"thread":"16650:0x7f22802ee700","session_name":"WT_CURSOR.next","category":"WT_VERB_API","category_id":0,"verbose_level":"DEBUG_1","verbose_level_id":1,"msg":"CALL: WT_CURSOR:next"}}}
{"t":{"$date":"2024-06-13T22:11:43.169+08:00"},"s":"D1", "c":"WT",       "id":22430,   "ctx":"conn63","msg":"WiredTiger message","attr":{"message":{"ts_sec":1718287903,"ts_usec":169281,"thread":"16650:0x7f22802ee700","session_name":"WT_CURSOR.get_key","category":"WT_VERB_API","category_id":0,"verbose_level":"DEBUG_1","verbose_level_id":1,"msg":"CALL: WT_CURSOR:get_key"}}}
{"t":{"$date":"2024-06-13T22:11:43.169+08:00"},"s":"D1", "c":"WT",       "id":22430,   "ctx":"conn63","msg":"WiredTiger message","attr":{"message":{"ts_sec":1718287903,"ts_usec":169297,"thread":"16650:0x7f22802ee700","session_name":"WT_CURSOR.get_value","category":"WT_VERB_API","category_id":0,"verbose_level":"DEBUG_1","verbose_level_id":1,"msg":"CALL: WT_CURSOR:get_value"}}}
{"t":{"$date":"2024-06-13T22:11:43.169+08:00"},"s":"D1", "c":"WT",       "id":22430,   "ctx":"conn63","msg":"WiredTiger message","attr":{"message":{"ts_sec":1718287903,"ts_usec":169311,"thread":"16650:0x7f22802ee700","session_name":"WT_CURSOR.next","category":"WT_VERB_API","category_id":0,"verbose_level":"DEBUG_1","verbose_level_id":1,"msg":"CALL: WT_CURSOR:next"}}}
{"t":{"$date":"2024-06-13T22:11:43.169+08:00"},"s":"D1", "c":"WT",       "id":22430,   "ctx":"conn63","msg":"WiredTiger message","attr":{"message":{"ts_sec":1718287903,"ts_usec":169326,"thread":"16650:0x7f22802ee700","session_name":"WT_CURSOR.get_key","category":"WT_VERB_API","category_id":0,"verbose_level":"DEBUG_1","verbose_level_id":1,"msg":"CALL: WT_CURSOR:get_key"}}}
{"t":{"$date":"2024-06-13T22:11:43.169+08:00"},"s":"D1", "c":"WT",       "id":22430,   "ctx":"conn63","msg":"WiredTiger message","attr":{"message":{"ts_sec":1718287903,"ts_usec":169339,"thread":"16650:0x7f22802ee700","session_name":"WT_CURSOR.get_value","category":"WT_VERB_API","category_id":0,"verbose_level":"DEBUG_1","verbose_level_id":1,"msg":"CALL: WT_CURSOR:get_value"}}}
{"t":{"$date":"2024-06-13T22:11:43.169+08:00"},"s":"D1", "c":"WT",       "id":22430,   "ctx":"conn63","msg":"WiredTiger message","attr":{"message":{"ts_sec":1718287903,"ts_usec":169356,"thread":"16650:0x7f22802ee700","session_name":"WT_CURSOR.next","category":"WT_VERB_API","category_id":0,"verbose_level":"DEBUG_1","verbose_level_id":1,"msg":"CALL: WT_CURSOR:next"}}}
{"t":{"$date":"2024-06-13T22:11:43.169+08:00"},"s":"D1", "c":"WT",       "id":22430,   "ctx":"conn63","msg":"WiredTiger message","attr":{"message":{"ts_sec":1718287903,"ts_usec":169368,"thread":"16650:0x7f22802ee700","session_name":"WT_CURSOR.get_key","category":"WT_VERB_API","category_id":0,"verbose_level":"DEBUG_1","verbose_level_id":1,"msg":"CALL: WT_CURSOR:get_key"}}}
{"t":{"$date":"2024-06-13T22:11:43.169+08:00"},"s":"D1", "c":"WT",       "id":22430,   "ctx":"conn63","msg":"WiredTiger message","attr":{"message":{"ts_sec":1718287903,"ts_usec":169384,"thread":"16650:0x7f22802ee700","session_name":"WT_CURSOR.get_value","category":"WT_VERB_API","category_id":0,"verbose_level":"DEBUG_1","verbose_level_id":1,"msg":"CALL: WT_CURSOR:get_value"}}}
{"t":{"$date":"2024-06-13T22:11:43.169+08:00"},"s":"D1", "c":"WT",       "id":22430,   "ctx":"conn63","msg":"WiredTiger message","attr":{"message":{"ts_sec":1718287903,"ts_usec":169404,"thread":"16650:0x7f22802ee700","session_name":"WT_CURSOR.next","category":"WT_VERB_API","category_id":0,"verbose_level":"DEBUG_1","verbose_level_id":1,"msg":"CALL: WT_CURSOR:next"}}}
{"t":{"$date":"2024-06-13T22:11:43.169+08:00"},"s":"D1", "c":"WT",       "id":22430,   "ctx":"conn63","msg":"WiredTiger message","attr":{"message":{"ts_sec":1718287903,"ts_usec":169421,"thread":"16650:0x7f22802ee700","session_name":"WT_CURSOR.get_key","category":"WT_VERB_API","category_id":0,"verbose_level":"DEBUG_1","verbose_level_id":1,"msg":"CALL: WT_CURSOR:get_key"}}}
{"t":{"$date":"2024-06-13T22:11:43.169+08:00"},"s":"D1", "c":"WT",       "id":22430,   "ctx":"conn63","msg":"WiredTiger message","attr":{"message":{"ts_sec":1718287903,"ts_usec":169438,"thread":"16650:0x7f22802ee700","session_name":"WT_CURSOR.get_value","category":"WT_VERB_API","category_id":0,"verbose_level":"DEBUG_1","verbose_level_id":1,"msg":"CALL: WT_CURSOR:get_value"}}}
{"t":{"$date":"2024-06-13T22:11:43.169+08:00"},"s":"D1", "c":"WT",       "id":22430,   "ctx":"conn63","msg":"WiredTiger message","attr":{"message":{"ts_sec":1718287903,"ts_usec":169452,"thread":"16650:0x7f22802ee700","session_name":"WT_CURSOR.next","category":"WT_VERB_API","category_id":0,"verbose_level":"DEBUG_1","verbose_level_id":1,"msg":"CALL: WT_CURSOR:next"}}}
{"t":{"$date":"2024-06-13T22:11:43.169+08:00"},"s":"D1", "c":"WT",       "id":22430,   "ctx":"conn63","msg":"WiredTiger message","attr":{"message":{"ts_sec":1718287903,"ts_usec":169467,"thread":"16650:0x7f22802ee700","session_name":"WT_CURSOR.get_key","category":"WT_VERB_API","category_id":0,"verbose_level":"DEBUG_1","verbose_level_id":1,"msg":"CALL: WT_CURSOR:get_key"}}}
{"t":{"$date":"2024-06-13T22:11:43.169+08:00"},"s":"D1", "c":"WT",       "id":22430,   "ctx":"conn63","msg":"WiredTiger message","attr":{"message":{"ts_sec":1718287903,"ts_usec":169479,"thread":"16650:0x7f22802ee700","session_name":"WT_CURSOR.get_value","category":"WT_VERB_API","category_id":0,"verbose_level":"DEBUG_1","verbose_level_id":1,"msg":"CALL: WT_CURSOR:get_value"}}}
{"t":{"$date":"2024-06-13T22:11:43.169+08:00"},"s":"D1", "c":"WT",       "id":22430,   "ctx":"conn63","msg":"WiredTiger message","attr":{"message":{"ts_sec":1718287903,"ts_usec":169494,"thread":"16650:0x7f22802ee700","session_name":"WT_CURSOR.next","category":"WT_VERB_API","category_id":0,"verbose_level":"DEBUG_1","verbose_level_id":1,"msg":"CALL: WT_CURSOR:next"}}}
{"t":{"$date":"2024-06-13T22:11:43.169+08:00"},"s":"D1", "c":"WT",       "id":22430,   "ctx":"conn63","msg":"WiredTiger message","attr":{"message":{"ts_sec":1718287903,"ts_usec":169509,"thread":"16650:0x7f22802ee700","session_name":"WT_CURSOR.get_key","category":"WT_VERB_API","category_id":0,"verbose_level":"DEBUG_1","verbose_level_id":1,"msg":"CALL: WT_CURSOR:get_key"}}}
{"t":{"$date":"2024-06-13T22:11:43.169+08:00"},"s":"D1", "c":"WT",       "id":22430,   "ctx":"conn63","msg":"WiredTiger message","attr":{"message":{"ts_sec":1718287903,"ts_usec":169522,"thread":"16650:0x7f22802ee700","session_name":"WT_CURSOR.get_value","category":"WT_VERB_API","category_id":0,"verbose_level":"DEBUG_1","verbose_level_id":1,"msg":"CALL: WT_CURSOR:get_value"}}}
{"t":{"$date":"2024-06-13T22:11:43.169+08:00"},"s":"D1", "c":"WT",       "id":22430,   "ctx":"conn63","msg":"WiredTiger message","attr":{"message":{"ts_sec":1718287903,"ts_usec":169536,"thread":"16650:0x7f22802ee700","session_name":"WT_CURSOR.next","category":"WT_VERB_API","category_id":0,"verbose_level":"DEBUG_1","verbose_level_id":1,"msg":"CALL: WT_CURSOR:next"}}}
{"t":{"$date":"2024-06-13T22:11:43.169+08:00"},"s":"D1", "c":"WT",       "id":22430,   "ctx":"conn63","msg":"WiredTiger message","attr":{"message":{"ts_sec":1718287903,"ts_usec":169549,"thread":"16650:0x7f22802ee700","session_name":"WT_CURSOR.get_key","category":"WT_VERB_API","category_id":0,"verbose_level":"DEBUG_1","verbose_level_id":1,"msg":"CALL: WT_CURSOR:get_key"}}}
{"t":{"$date":"2024-06-13T22:11:43.169+08:00"},"s":"D1", "c":"WT",       "id":22430,   "ctx":"conn63","msg":"WiredTiger message","attr":{"message":{"ts_sec":1718287903,"ts_usec":169568,"thread":"16650:0x7f22802ee700","session_name":"WT_CURSOR.get_value","category":"WT_VERB_API","category_id":0,"verbose_level":"DEBUG_1","verbose_level_id":1,"msg":"CALL: WT_CURSOR:get_value"}}}
{"t":{"$date":"2024-06-13T22:11:43.169+08:00"},"s":"D1", "c":"WT",       "id":22430,   "ctx":"conn63","msg":"WiredTiger message","attr":{"message":{"ts_sec":1718287903,"ts_usec":169581,"thread":"16650:0x7f22802ee700","session_name":"WT_CURSOR.next","category":"WT_VERB_API","category_id":0,"verbose_level":"DEBUG_1","verbose_level_id":1,"msg":"CALL: WT_CURSOR:next"}}}
{"t":{"$date":"2024-06-13T22:11:43.169+08:00"},"s":"D1", "c":"WT",       "id":22430,   "ctx":"conn63","msg":"WiredTiger message","attr":{"message":{"ts_sec":1718287903,"ts_usec":169595,"thread":"16650:0x7f22802ee700","session_name":"WT_CURSOR.get_key","category":"WT_VERB_API","category_id":0,"verbose_level":"DEBUG_1","verbose_level_id":1,"msg":"CALL: WT_CURSOR:get_key"}}}
{"t":{"$date":"2024-06-13T22:11:43.169+08:00"},"s":"D1", "c":"WT",       "id":22430,   "ctx":"conn63","msg":"WiredTiger message","attr":{"message":{"ts_sec":1718287903,"ts_usec":169610,"thread":"16650:0x7f22802ee700","session_name":"WT_CURSOR.get_value","category":"WT_VERB_API","category_id":0,"verbose_level":"DEBUG_1","verbose_level_id":1,"msg":"CALL: WT_CURSOR:get_value"}}}
{"t":{"$date":"2024-06-13T22:11:43.169+08:00"},"s":"D1", "c":"WT",       "id":22430,   "ctx":"conn63","msg":"WiredTiger message","attr":{"message":{"ts_sec":1718287903,"ts_usec":169626,"thread":"16650:0x7f22802ee700","session_name":"WT_CURSOR.next","category":"WT_VERB_API","category_id":0,"verbose_level":"DEBUG_1","verbose_level_id":1,"msg":"CALL: WT_CURSOR:next"}}}
{"t":{"$date":"2024-06-13T22:11:43.169+08:00"},"s":"D1", "c":"WT",       "id":22430,   "ctx":"conn63","msg":"WiredTiger message","attr":{"message":{"ts_sec":1718287903,"ts_usec":169639,"thread":"16650:0x7f22802ee700","session_name":"WT_CURSOR.close","category":"WT_VERB_API","category_id":0,"verbose_level":"DEBUG_1","verbose_level_id":1,"msg":"CALL: WT_CURSOR:close"}}}
{"t":{"$date":"2024-06-13T22:11:43.170+08:00"},"s":"D1", "c":"WT",       "id":22430,   "ctx":"conn63","msg":"WiredTiger message","attr":{"message":{"ts_sec":1718287903,"ts_usec":170459,"thread":"16650:0x7f22802ee700","session_name":"WT_CONNECTION.query_timestamp","category":"WT_VERB_API","category_id":0,"verbose_level":"DEBUG_1","verbose_level_id":1,"msg":"CALL: WT_CONNECTION:query_timestamp"}}}
{"t":{"$date":"2024-06-13T22:11:43.170+08:00"},"s":"D2", "c":"WTTXN",    "id":22430,   "ctx":"conn63","msg":"WiredTiger message","attr":{"message":{"ts_sec":1718287903,"ts_usec":170499,"thread":"16650:0x7f22802ee700","session_name":"WT_CONNECTION.query_timestamp","category":"WT_VERB_TRANSACTION","category_id":39,"verbose_level":"DEBUG_2","verbose_level_id":2,"msg":"__conn_query_timestamp get=last_checkpoint 666afdf300000001"}}}




4. session.commitTransaction(); 

{"t":{"$date":"2024-06-13T22:11:50.384+08:00"},"s":"D3", "c":"STORAGE",  "id":22415,   "ctx":"conn63","msg":"WT set timestamp of future write operations to {timestamp}","attr":{"timestamp":{"$timestamp":{"t":1718287910,"i":1}}}}
{"t":{"$date":"2024-06-13T22:11:50.384+08:00"},"s":"D1", "c":"WT",       "id":22430,   "ctx":"conn63","msg":"WiredTiger message","attr":{"message":{"ts_sec":1718287910,"ts_usec":384694,"thread":"16650:0x7f22802ee700","session_name":"WT_SESSION.timestamp_transaction_uint","category":"WT_VERB_API","category_id":0,"verbose_level":"DEBUG_1","verbose_level_id":1,"msg":"CALL: WT_SESSION:timestamp_transaction_uint"}}}
{"t":{"$date":"2024-06-13T22:11:50.384+08:00"},"s":"D2", "c":"WTTXN",    "id":22430,   "ctx":"conn63","msg":"WiredTiger message","attr":{"message":{"ts_sec":1718287910,"ts_usec":384724,"thread":"16650:0x7f22802ee700","session_name":"WT_SESSION.timestamp_transaction_uint","category":"WT_VERB_TRANSACTION","category_id":39,"verbose_level":"DEBUG_2","verbose_level_id":2,"msg":"__session_timestamp_transaction_uint ts 7379990378562191361 which 0"}}}
{"t":{"$date":"2024-06-13T22:11:50.384+08:00"},"s":"D1", "c":"WT",       "id":22430,   "ctx":"conn63","msg":"WiredTiger message","attr":{"message":{"ts_sec":1718287910,"ts_usec":384759,"thread":"16650:0x7f22802ee700","session_name":"WT_SESSION.open_cursor","category":"WT_VERB_API","category_id":0,"verbose_level":"DEBUG_1","verbose_level_id":1,"msg":"CALL: WT_SESSION:open_cursor"}}}
{"t":{"$date":"2024-06-13T22:11:50.384+08:00"},"s":"D4", "c":"STORAGE",  "id":22403,   "ctx":"conn63","msg":"inserting record with timestamp {ts}","attr":{"ts":{"$timestamp":{"t":1718287910,"i":1}}}}
{"t":{"$date":"2024-06-13T22:11:50.384+08:00"},"s":"D3", "c":"STORAGE",  "id":22415,   "ctx":"conn63","msg":"WT set timestamp of future write operations to {timestamp}","attr":{"timestamp":{"$timestamp":{"t":1718287910,"i":1}}}}
{"t":{"$date":"2024-06-13T22:11:50.384+08:00"},"s":"D1", "c":"WT",       "id":22430,   "ctx":"conn63","msg":"WiredTiger message","attr":{"message":{"ts_sec":1718287910,"ts_usec":384804,"thread":"16650:0x7f22802ee700","session_name":"WT_SESSION.timestamp_transaction_uint","category":"WT_VERB_API","category_id":0,"verbose_level":"DEBUG_1","verbose_level_id":1,"msg":"CALL: WT_SESSION:timestamp_transaction_uint"}}}
{"t":{"$date":"2024-06-13T22:11:50.384+08:00"},"s":"D2", "c":"WTTXN",    "id":22430,   "ctx":"conn63","msg":"WiredTiger message","attr":{"message":{"ts_sec":1718287910,"ts_usec":384823,"thread":"16650:0x7f22802ee700","session_name":"WT_SESSION.timestamp_transaction_uint","category":"WT_VERB_TRANSACTION","category_id":39,"verbose_level":"DEBUG_2","verbose_level_id":2,"msg":"__session_timestamp_transaction_uint ts 7379990378562191361 which 0"}}}
{"t":{"$date":"2024-06-13T22:11:50.384+08:00"},"s":"D1", "c":"WT",       "id":22430,   "ctx":"conn63","msg":"WiredTiger message","attr":{"message":{"ts_sec":1718287910,"ts_usec":384841,"thread":"16650:0x7f22802ee700","session_name":"WT_CURSOR.set_key","category":"WT_VERB_API","category_id":0,"verbose_level":"DEBUG_1","verbose_level_id":1,"msg":"CALL: WT_CURSOR:set_key"}}}
{"t":{"$date":"2024-06-13T22:11:50.384+08:00"},"s":"D1", "c":"WT",       "id":22430,   "ctx":"conn63","msg":"WiredTiger message","attr":{"message":{"ts_sec":1718287910,"ts_usec":384858,"thread":"16650:0x7f22802ee700","session_name":"WT_CURSOR.set_value","category":"WT_VERB_API","category_id":0,"verbose_level":"DEBUG_1","verbose_level_id":1,"msg":"CALL: WT_CURSOR:set_value"}}}
{"t":{"$date":"2024-06-13T22:11:50.384+08:00"},"s":"D1", "c":"WT",       "id":22430,   "ctx":"conn63","msg":"WiredTiger message","attr":{"message":{"ts_sec":1718287910,"ts_usec":384875,"thread":"16650:0x7f22802ee700","session_dhandle_name":"file:local/collection/14-5911260422569287101.wt","session_name":"WT_CURSOR.insert","category":"WT_VERB_API","category_id":0,"verbose_level":"DEBUG_1","verbose_level_id":1,"msg":"CALL: WT_CURSOR:insert"}}}
{"t":{"$date":"2024-06-13T22:11:50.384+08:00"},"s":"D1", "c":"WT",       "id":22430,   "ctx":"conn63","msg":"WiredTiger message","attr":{"message":{"ts_sec":1718287910,"ts_usec":384902,"thread":"16650:0x7f22802ee700","session_dhandle_name":"file:local/collection/14-5911260422569287101.wt","session_name":"WT_CURSOR.reset","category":"WT_VERB_API","category_id":0,"verbose_level":"DEBUG_1","verbose_level_id":1,"msg":"CALL: WT_CURSOR:reset"}}}
{"t":{"$date":"2024-06-13T22:11:50.384+08:00"},"s":"D1", "c":"WT",       "id":22430,   "ctx":"conn63","msg":"WiredTiger message","attr":{"message":{"ts_sec":1718287910,"ts_usec":384946,"thread":"16650:0x7f22802ee700","session_name":"WT_CURSOR.set_key","category":"WT_VERB_API","category_id":0,"verbose_level":"DEBUG_1","verbose_level_id":1,"msg":"CALL: WT_CURSOR:set_key"}}}
{"t":{"$date":"2024-06-13T22:11:50.384+08:00"},"s":"D1", "c":"WT",       "id":22430,   "ctx":"conn63","msg":"WiredTiger message","attr":{"message":{"ts_sec":1718287910,"ts_usec":384967,"thread":"16650:0x7f22802ee700","session_dhandle_name":"file:config/index/20-5911260422569287101.wt","session_name":"WT_CURSOR.search_near","category":"WT_VERB_API","category_id":0,"verbose_level":"DEBUG_1","verbose_level_id":1,"msg":"CALL: WT_CURSOR:search_near"}}}
{"t":{"$date":"2024-06-13T22:11:50.384+08:00"},"s":"D1", "c":"WT",       "id":22430,   "ctx":"conn63","msg":"WiredTiger message","attr":{"message":{"ts_sec":1718287910,"ts_usec":384992,"thread":"16650:0x7f22802ee700","session_name":"WT_CURSOR.get_key","category":"WT_VERB_API","category_id":0,"verbose_level":"DEBUG_1","verbose_level_id":1,"msg":"CALL: WT_CURSOR:get_key"}}}
{"t":{"$date":"2024-06-13T22:11:50.385+08:00"},"s":"D1", "c":"WT",       "id":22430,   "ctx":"conn63","msg":"WiredTiger message","attr":{"message":{"ts_sec":1718287910,"ts_usec":385008,"thread":"16650:0x7f22802ee700","session_name":"WT_CURSOR.get_value","category":"WT_VERB_API","category_id":0,"verbose_level":"DEBUG_1","verbose_level_id":1,"msg":"CALL: WT_CURSOR:get_value"}}}
{"t":{"$date":"2024-06-13T22:11:50.385+08:00"},"s":"D1", "c":"WT",       "id":22430,   "ctx":"conn63","msg":"WiredTiger message","attr":{"message":{"ts_sec":1718287910,"ts_usec":385031,"thread":"16650:0x7f22802ee700","session_dhandle_name":"file:config/index/20-5911260422569287101.wt","session_name":"WT_CURSOR.reset","category":"WT_VERB_API","category_id":0,"verbose_level":"DEBUG_1","verbose_level_id":1,"msg":"CALL: WT_CURSOR:reset"}}}
{"t":{"$date":"2024-06-13T22:11:50.385+08:00"},"s":"D1", "c":"WT",       "id":22430,   "ctx":"conn63","msg":"WiredTiger message","attr":{"message":{"ts_sec":1718287910,"ts_usec":385056,"thread":"16650:0x7f22802ee700","session_name":"WT_SESSION.open_cursor","category":"WT_VERB_API","category_id":0,"verbose_level":"DEBUG_1","verbose_level_id":1,"msg":"CALL: WT_SESSION:open_cursor"}}}
{"t":{"$date":"2024-06-13T22:11:50.385+08:00"},"s":"D1", "c":"WT",       "id":22430,   "ctx":"conn63","msg":"WiredTiger message","attr":{"message":{"ts_sec":1718287910,"ts_usec":385076,"thread":"16650:0x7f22802ee700","session_name":"WT_CURSOR.set_key","category":"WT_VERB_API","category_id":0,"verbose_level":"DEBUG_1","verbose_level_id":1,"msg":"CALL: WT_CURSOR:set_key"}}}
{"t":{"$date":"2024-06-13T22:11:50.385+08:00"},"s":"D1", "c":"WT",       "id":22430,   "ctx":"conn63","msg":"WiredTiger message","attr":{"message":{"ts_sec":1718287910,"ts_usec":385095,"thread":"16650:0x7f22802ee700","session_name":"WT_CURSOR.set_value","category":"WT_VERB_API","category_id":0,"verbose_level":"DEBUG_1","verbose_level_id":1,"msg":"CALL: WT_CURSOR:set_value"}}}
{"t":{"$date":"2024-06-13T22:11:50.385+08:00"},"s":"D1", "c":"WT",       "id":22430,   "ctx":"conn63","msg":"WiredTiger message","attr":{"message":{"ts_sec":1718287910,"ts_usec":385107,"thread":"16650:0x7f22802ee700","session_dhandle_name":"file:config/collection/19-5911260422569287101.wt","session_name":"WT_CURSOR.insert","category":"WT_VERB_API","category_id":0,"verbose_level":"DEBUG_1","verbose_level_id":1,"msg":"CALL: WT_CURSOR:insert"}}}
{"t":{"$date":"2024-06-13T22:11:50.385+08:00"},"s":"D2", "c":"STORAGE",  "id":22423,   "ctx":"conn63","msg":"WiredTigerSizeStorer::store","attr":{"uri":"table:config/collection/19-5911260422569287101","numRecords":3,"dataSize":561,"entryUseCount":3}}
{"t":{"$date":"2024-06-13T22:11:50.385+08:00"},"s":"D1", "c":"WT",       "id":22430,   "ctx":"conn63","msg":"WiredTiger message","attr":{"message":{"ts_sec":1718287910,"ts_usec":385131,"thread":"16650:0x7f22802ee700","session_dhandle_name":"file:config/collection/19-5911260422569287101.wt","session_name":"WT_CURSOR.reset","category":"WT_VERB_API","category_id":0,"verbose_level":"DEBUG_1","verbose_level_id":1,"msg":"CALL: WT_CURSOR:reset"}}}
{"t":{"$date":"2024-06-13T22:11:50.385+08:00"},"s":"D1", "c":"WT",       "id":22430,   "ctx":"conn63","msg":"WiredTiger message","attr":{"message":{"ts_sec":1718287910,"ts_usec":385157,"thread":"16650:0x7f22802ee700","session_name":"WT_CURSOR.set_key","category":"WT_VERB_API","category_id":0,"verbose_level":"DEBUG_1","verbose_level_id":1,"msg":"CALL: WT_CURSOR:set_key"}}}
{"t":{"$date":"2024-06-13T22:11:50.385+08:00"},"s":"D1", "c":"WT",       "id":22430,   "ctx":"conn63","msg":"WiredTiger message","attr":{"message":{"ts_sec":1718287910,"ts_usec":385197,"thread":"16650:0x7f22802ee700","session_name":"WT_CURSOR.set_value","category":"WT_VERB_API","category_id":0,"verbose_level":"DEBUG_1","verbose_level_id":1,"msg":"CALL: WT_CURSOR:set_value"}}}
{"t":{"$date":"2024-06-13T22:11:50.385+08:00"},"s":"D1", "c":"WT",       "id":22430,   "ctx":"conn63","msg":"WiredTiger message","attr":{"message":{"ts_sec":1718287910,"ts_usec":385216,"thread":"16650:0x7f22802ee700","session_dhandle_name":"file:config/index/20-5911260422569287101.wt","session_name":"WT_CURSOR.insert","category":"WT_VERB_API","category_id":0,"verbose_level":"DEBUG_1","verbose_level_id":1,"msg":"CALL: WT_CURSOR:insert"}}}
{"t":{"$date":"2024-06-13T22:11:50.385+08:00"},"s":"D1", "c":"WT",       "id":22430,   "ctx":"conn63","msg":"WiredTiger message","attr":{"message":{"ts_sec":1718287910,"ts_usec":385232,"thread":"16650:0x7f22802ee700","session_dhandle_name":"file:config/index/20-5911260422569287101.wt","session_name":"WT_CURSOR.reset","category":"WT_VERB_API","category_id":0,"verbose_level":"DEBUG_1","verbose_level_id":1,"msg":"CALL: WT_CURSOR:reset"}}}
{"t":{"$date":"2024-06-13T22:11:50.385+08:00"},"s":"D1", "c":"STORAGE",  "id":22411,   "ctx":"conn63","msg":"Slow WT transaction. Lifetime of SnapshotId {snapshotId} was {transactionTime}ms","attr":{"snapshotId":32458,"transactionTime":15753}}
{"t":{"$date":"2024-06-13T22:11:50.385+08:00"},"s":"D1", "c":"WT",       "id":22430,   "ctx":"conn63","msg":"WiredTiger message","attr":{"message":{"ts_sec":1718287910,"ts_usec":385281,"thread":"16650:0x7f22802ee700","session_name":"WT_SESSION.commit_transaction","category":"WT_VERB_API","category_id":0,"verbose_level":"DEBUG_1","verbose_level_id":1,"msg":"CALL: WT_SESSION:commit_transaction"}}}
{"t":{"$date":"2024-06-13T22:11:50.385+08:00"},"s":"D3", "c":"STORAGE",  "id":22412,   "ctx":"conn63","msg":"WT commit_transaction","attr":{"snapshotId":32458}}
{"t":{"$date":"2024-06-13T22:11:50.385+08:00"},"s":"D3", "c":"STORAGE",  "id":22244,   "ctx":"conn63","msg":"Custom commit","attr":{"changeName":"mongo::RecoveryUnit::onRollback<mongo::WiredTigerRecordStore::_changeNumRecordsAndDataSize(mongo::OperationContext*, long, long)::{lambda(mongo::OperationContext*)#2}>(mongo::WiredTigerRecordStore::_changeNumRecordsAndDataSize(mongo::OperationContext*, long, long)::{lambda(mongo::OperationContext*)#2})::OnRollbackChange"}}
{"t":{"$date":"2024-06-13T22:11:50.385+08:00"},"s":"D3", "c":"STORAGE",  "id":22244,   "ctx":"conn63","msg":"Custom commit","attr":{"changeName":"mongo::RecoveryUnit::onRollback<mongo::WiredTigerRecordStore::_changeNumRecordsAndDataSize(mongo::OperationContext*, long, long)::{lambda(mongo::OperationContext*)#2}>(mongo::WiredTigerRecordStore::_changeNumRecordsAndDataSize(mongo::OperationContext*, long, long)::{lambda(mongo::OperationContext*)#2})::OnRollbackChange"}}
{"t":{"$date":"2024-06-13T22:11:50.385+08:00"},"s":"D3", "c":"STORAGE",  "id":22244,   "ctx":"conn63","msg":"Custom commit","attr":{"changeName":"mongo::RecoveryUnit::onCommit<mongo::collection_internal::insertDocuments(mongo::OperationContext*, mongo::CollectionPtr const&, __gnu_cxx::__normal_iterator<mongo::InsertStatement const*, std::vector<mongo::InsertStatement, std::allocator<mongo::InsertStatement> > >, __gnu_cxx::__normal_iterator<mongo::InsertStatement const*, std::vector<mongo::InsertStatement, std::allocator<mongo::InsertStatement> > >, mongo::OpDebug*, bool)::{lambda(mongo::OperationContext*, boost::optional<mongo::Timestamp>)#1}>(mongo::collection_internal::insertDocuments(mongo::OperationContext*, mongo::CollectionPtr const&, __gnu_cxx::__normal_iterator<mongo::InsertStatement const*, std::vector<mongo::InsertStatement, std::allocator<mongo::InsertStatement> > >, __gnu_cxx::__normal_iterator<mongo::InsertStatement const*, std::vector<mongo::InsertStatement, std::allocator<mongo::InsertStatement> > >, mongo::OpDebug*, bool)::{lambda(mongo::OperationContext*, boost::optional<mongo::Timestamp>)#1})::OnCommitChange"}}
{"t":{"$date":"2024-06-13T22:11:50.385+08:00"},"s":"D3", "c":"STORAGE",  "id":22244,   "ctx":"conn63","msg":"Custom commit","attr":{"changeName":"mongo::RecoveryUnit::onRollback<mongo::LocalOplogInfo::getNextOpTimes(mongo::OperationContext*, unsigned long)::{lambda(mongo::OperationContext*)#2}>(mongo::LocalOplogInfo::getNextOpTimes(mongo::OperationContext*, unsigned long)::{lambda(mongo::OperationContext*)#2})::OnRollbackChange"}}
{"t":{"$date":"2024-06-13T22:11:50.385+08:00"},"s":"D3", "c":"STORAGE",  "id":22244,   "ctx":"conn63","msg":"Custom commit","attr":{"changeName":"mongo::RecoveryUnit::onCommit<mongo::LocalOplogInfo::getNextOpTimes(mongo::OperationContext*, unsigned long)::{lambda(mongo::OperationContext*, boost::optional<mongo::Timestamp>)#3}>(mongo::LocalOplogInfo::getNextOpTimes(mongo::OperationContext*, unsigned long)::{lambda(mongo::OperationContext*, boost::optional<mongo::Timestamp>)#3})::OnCommitChange"}}
{"t":{"$date":"2024-06-13T22:11:50.385+08:00"},"s":"D3", "c":"STORAGE",  "id":22244,   "ctx":"conn63","msg":"Custom commit","attr":{"changeName":"mongo::RecoveryUnit::onRollback<mongo::WiredTigerRecordStore::_changeNumRecordsAndDataSize(mongo::OperationContext*, long, long)::{lambda(mongo::OperationContext*)#2}>(mongo::WiredTigerRecordStore::_changeNumRecordsAndDataSize(mongo::OperationContext*, long, long)::{lambda(mongo::OperationContext*)#2})::OnRollbackChange"}}
{"t":{"$date":"2024-06-13T22:11:50.385+08:00"},"s":"D3", "c":"STORAGE",  "id":22244,   "ctx":"conn63","msg":"Custom commit","attr":{"changeName":"mongo::RecoveryUnit::onCommit<mongo::CollectionTruncateMarkers::updateCurrentMarkerAfterInsertOnCommit(mongo::OperationContext*, long, mongo::RecordId const&, mongo::Date_t, long)::{lambda(mongo::OperationContext*, auto:1)#1}>(mongo::CollectionTruncateMarkers::updateCurrentMarkerAfterInsertOnCommit(mongo::OperationContext*, long, mongo::RecordId const&, mongo::Date_t, long)::{lambda(mongo::OperationContext*, auto:1)#1})::OnCommitChange"}}
{"t":{"$date":"2024-06-13T22:11:50.385+08:00"},"s":"D3", "c":"STORAGE",  "id":22244,   "ctx":"conn63","msg":"Custom commit","attr":{"changeName":"mongo::RecoveryUnit::onCommit<mongo::repl::_logOpsInner(mongo::OperationContext*, mongo::NamespaceString const&, std::vector<mongo::Record, std::allocator<mongo::Record> >*, std::vector<mongo::Timestamp, std::allocator<mongo::Timestamp> > const&, mongo::CollectionPtr const&, mongo::repl::OpTime, mongo::Date_t, bool)::{lambda(mongo::OperationContext*, boost::optional<mongo::Timestamp>)#3}>(mongo::repl::_logOpsInner(mongo::OperationContext*, mongo::NamespaceString const&, std::vector<mongo::Record, std::allocator<mongo::Record> >*, std::vector<mongo::Timestamp, std::allocator<mongo::Timestamp> > const&, mongo::CollectionPtr const&, mongo::repl::OpTime, mongo::Date_t, bool)::{lambda(mongo::OperationContext*, boost::optional<mongo::Timestamp>)#3})::OnCommitChange"}}
{"t":{"$date":"2024-06-13T22:11:50.385+08:00"},"s":"D3", "c":"STORAGE",  "id":22244,   "ctx":"conn63","msg":"Custom commit","attr":{"changeName":"mongo::RecoveryUnit::onRollback<mongo::WiredTigerRecordStore::_changeNumRecordsAndDataSize(mongo::OperationContext*, long, long)::{lambda(mongo::OperationContext*)#2}>(mongo::WiredTigerRecordStore::_changeNumRecordsAndDataSize(mongo::OperationContext*, long, long)::{lambda(mongo::OperationContext*)#2})::OnRollbackChange"}}
{"t":{"$date":"2024-06-13T22:11:50.385+08:00"},"s":"D3", "c":"STORAGE",  "id":22244,   "ctx":"conn63","msg":"Custom commit","attr":{"changeName":"mongo::RecoveryUnit::onCommit<mongo::collection_internal::insertDocuments(mongo::OperationContext*, mongo::CollectionPtr const&, __gnu_cxx::__normal_iterator<mongo::InsertStatement const*, std::vector<mongo::InsertStatement, std::allocator<mongo::InsertStatement> > >, __gnu_cxx::__normal_iterator<mongo::InsertStatement const*, std::vector<mongo::InsertStatement, std::allocator<mongo::InsertStatement> > >, mongo::OpDebug*, bool)::{lambda(mongo::OperationContext*, boost::optional<mongo::Timestamp>)#1}>(mongo::collection_internal::insertDocuments(mongo::OperationContext*, mongo::CollectionPtr const&, __gnu_cxx::__normal_iterator<mongo::InsertStatement const*, std::vector<mongo::InsertStatement, std::allocator<mongo::InsertStatement> > >, __gnu_cxx::__normal_iterator<mongo::InsertStatement const*, std::vector<mongo::InsertStatement, std::allocator<mongo::InsertStatement> > >, mongo::OpDebug*, bool)::{lambda(mongo::OperationContext*, boost::optional<mongo::Timestamp>)#1})::OnCommitChange"}}
{"t":{"$date":"2024-06-13T22:11:50.385+08:00"},"s":"D3", "c":"STORAGE",  "id":22244,   "ctx":"conn63","msg":"Custom commit","attr":{"changeName":"mongo::RecoveryUnit::onCommit<mongo::TransactionParticipant::Participant::_registerUpdateCacheOnCommit(mongo::OperationContext*, std::vector<int, std::allocator<int> >, mongo::repl::OpTime const&)::{lambda(mongo::OperationContext*, boost::optional<mongo::Timestamp>)#1}>(mongo::TransactionParticipant::Participant::_registerUpdateCacheOnCommit(mongo::OperationContext*, std::vector<int, std::allocator<int> >, mongo::repl::OpTime const&)::{lambda(mongo::OperationContext*, boost::optional<mongo::Timestamp>)#1})::OnCommitChange"}}
{"t":{"$date":"2024-06-13T22:11:50.385+08:00"},"s":"D3", "c":"STORAGE",  "id":22244,   "ctx":"conn63","msg":"Custom commit","attr":{"changeName":"mongo::LogTransactionOperationsForShardingHandler"}}
{"t":{"$date":"2024-06-13T22:11:50.385+08:00"},"s":"D1", "c":"WT",       "id":22430,   "ctx":"conn63","msg":"WiredTiger message","attr":{"message":{"ts_sec":1718287910,"ts_usec":385751,"thread":"16650:0x7f22802ee700","session_name":"WT_SESSION.transaction_pinned_range","category":"WT_VERB_API","category_id":0,"verbose_level":"DEBUG_1","verbose_level_id":1,"msg":"CALL: WT_SESSION:transaction_pinned_range"}}}
{"t":{"$date":"2024-06-13T22:11:50.385+08:00"},"s":"D2", "c":"WTTXN",    "id":22430,   "ctx":"conn63","msg":"WiredTiger message","attr":{"message":{"ts_sec":1718287910,"ts_usec":385788,"thread":"16650:0x7f22802ee700","session_name":"WT_SESSION.transaction_pinned_range","category":"WT_VERB_TRANSACTION","category_id":39,"verbose_level":"DEBUG_2","verbose_level_id":2,"msg":"__session_transaction_pinned_range 0"}}}
{"t":{"$date":"2024-06-13T22:11:50.385+08:00"},"s":"D1", "c":"WT",       "id":22430,   "ctx":"conn63","msg":"WiredTiger message","attr":{"message":{"ts_sec":1718287910,"ts_usec":385824,"thread":"16650:0x7f22802ee700","session_dhandle_name":"file:config/index/20-5911260422569287101.wt","session_name":"WT_CURSOR.close","category":"WT_VERB_API","category_id":0,"verbose_level":"DEBUG_1","verbose_level_id":1,"msg":"CALL: WT_CURSOR:close"}}}
{"t":{"$date":"2024-06-13T22:11:50.385+08:00"},"s":"D1", "c":"WT",       "id":22430,   "ctx":"conn63","msg":"WiredTiger message","attr":{"message":{"ts_sec":1718287910,"ts_usec":385853,"thread":"16650:0x7f22802ee700","session_dhandle_name":"file:config/index/20-5911260422569287101.wt","session_name":"WT_CURSOR.reset","category":"WT_VERB_API","category_id":0,"verbose_level":"DEBUG_1","verbose_level_id":1,"msg":"CALL: WT_CURSOR:reset"}}}
{"t":{"$date":"2024-06-13T22:11:50.385+08:00"},"s":"D1", "c":"WT",       "id":22430,   "ctx":"conn63","msg":"WiredTiger message","attr":{"message":{"ts_sec":1718287910,"ts_usec":385911,"thread":"16650:0x7f22802ee700","session_dhandle_name":"file:config/collection/19-5911260422569287101.wt","session_name":"WT_CURSOR.close","category":"WT_VERB_API","category_id":0,"verbose_level":"DEBUG_1","verbose_level_id":1,"msg":"CALL: WT_CURSOR:close"}}}
{"t":{"$date":"2024-06-13T22:11:50.385+08:00"},"s":"D1", "c":"WT",       "id":22430,   "ctx":"conn63","msg":"WiredTiger message","attr":{"message":{"ts_sec":1718287910,"ts_usec":385940,"thread":"16650:0x7f22802ee700","session_dhandle_name":"file:config/collection/19-5911260422569287101.wt","session_name":"WT_CURSOR.reset","category":"WT_VERB_API","category_id":0,"verbose_level":"DEBUG_1","verbose_level_id":1,"msg":"CALL: WT_CURSOR:reset"}}}
{"t":{"$date":"2024-06-13T22:11:50.385+08:00"},"s":"D1", "c":"WT",       "id":22430,   "ctx":"conn63","msg":"WiredTiger message","attr":{"message":{"ts_sec":1718287910,"ts_usec":385979,"thread":"16650:0x7f22802ee700","session_dhandle_name":"file:local/collection/14-5911260422569287101.wt","session_name":"WT_CURSOR.close","category":"WT_VERB_API","category_id":0,"verbose_level":"DEBUG_1","verbose_level_id":1,"msg":"CALL: WT_CURSOR:close"}}}
{"t":{"$date":"2024-06-13T22:11:50.386+08:00"},"s":"D1", "c":"WT",       "id":22430,   "ctx":"conn63","msg":"WiredTiger message","attr":{"message":{"ts_sec":1718287910,"ts_usec":386006,"thread":"16650:0x7f22802ee700","session_dhandle_name":"file:local/collection/14-5911260422569287101.wt","session_name":"WT_CURSOR.reset","category":"WT_VERB_API","category_id":0,"verbose_level":"DEBUG_1","verbose_level_id":1,"msg":"CALL: WT_CURSOR:reset"}}}
{"t":{"$date":"2024-06-13T22:11:50.386+08:00"},"s":"D1", "c":"WT",       "id":22430,   "ctx":"conn63","msg":"WiredTiger message","attr":{"message":{"ts_sec":1718287910,"ts_usec":386040,"thread":"16650:0x7f22802ee700","session_dhandle_name":"file:reporting/index/11--2283696526919035113.wt","session_name":"WT_CURSOR.close","category":"WT_VERB_API","category_id":0,"verbose_level":"DEBUG_1","verbose_level_id":1,"msg":"CALL: WT_CURSOR:close"}}}
{"t":{"$date":"2024-06-13T22:11:50.386+08:00"},"s":"D1", "c":"WT",       "id":22430,   "ctx":"conn63","msg":"WiredTiger message","attr":{"message":{"ts_sec":1718287910,"ts_usec":386063,"thread":"16650:0x7f22802ee700","session_dhandle_name":"file:reporting/index/11--2283696526919035113.wt","session_name":"WT_CURSOR.reset","category":"WT_VERB_API","category_id":0,"verbose_level":"DEBUG_1","verbose_level_id":1,"msg":"CALL: WT_CURSOR:reset"}}}
{"t":{"$date":"2024-06-13T22:11:50.386+08:00"},"s":"D1", "c":"WT",       "id":22430,   "ctx":"conn63","msg":"WiredTiger message","attr":{"message":{"ts_sec":1718287910,"ts_usec":386087,"thread":"16650:0x7f22802ee700","session_dhandle_name":"file:reporting/collection/10--2283696526919035113.wt","session_name":"WT_CURSOR.close","category":"WT_VERB_API","category_id":0,"verbose_level":"DEBUG_1","verbose_level_id":1,"msg":"CALL: WT_CURSOR:close"}}}
{"t":{"$date":"2024-06-13T22:11:50.386+08:00"},"s":"D1", "c":"WT",       "id":22430,   "ctx":"conn63","msg":"WiredTiger message","attr":{"message":{"ts_sec":1718287910,"ts_usec":386140,"thread":"16650:0x7f22802ee700","session_dhandle_name":"file:reporting/collection/10--2283696526919035113.wt","session_name":"WT_CURSOR.reset","category":"WT_VERB_API","category_id":0,"verbose_level":"DEBUG_1","verbose_level_id":1,"msg":"CALL: WT_CURSOR:reset"}}}
{"t":{"$date":"2024-06-13T22:11:50.386+08:00"},"s":"D1", "c":"WT",       "id":22430,   "ctx":"conn63","msg":"WiredTiger message","attr":{"message":{"ts_sec":1718287910,"ts_usec":386165,"thread":"16650:0x7f22802ee700","session_dhandle_name":"file:hr/collection/8--2283696526919035113.wt","session_name":"WT_CURSOR.close","category":"WT_VERB_API","category_id":0,"verbose_level":"DEBUG_1","verbose_level_id":1,"msg":"CALL: WT_CURSOR:close"}}}
{"t":{"$date":"2024-06-13T22:11:50.386+08:00"},"s":"D1", "c":"WT",       "id":22430,   "ctx":"conn63","msg":"WiredTiger message","attr":{"message":{"ts_sec":1718287910,"ts_usec":386196,"thread":"16650:0x7f22802ee700","session_dhandle_name":"file:hr/collection/8--2283696526919035113.wt","session_name":"WT_CURSOR.reset","category":"WT_VERB_API","category_id":0,"verbose_level":"DEBUG_1","verbose_level_id":1,"msg":"CALL: WT_CURSOR:reset"}}}
{"t":{"$date":"2024-06-13T22:11:50.386+08:00"},"s":"D1", "c":"WT",       "id":22430,   "ctx":"conn63","msg":"WiredTiger message","attr":{"message":{"ts_sec":1718287910,"ts_usec":386225,"thread":"16650:0x7f22802ee700","session_dhandle_name":"file:hr/collection/8--2283696526919035113.wt","session_name":"WT_CURSOR.close","category":"WT_VERB_API","category_id":0,"verbose_level":"DEBUG_1","verbose_level_id":1,"msg":"CALL: WT_CURSOR:close"}}}
{"t":{"$date":"2024-06-13T22:11:50.386+08:00"},"s":"D1", "c":"WT",       "id":22430,   "ctx":"conn63","msg":"WiredTiger message","attr":{"message":{"ts_sec":1718287910,"ts_usec":386241,"thread":"16650:0x7f22802ee700","session_dhandle_name":"file:hr/collection/8--2283696526919035113.wt","session_name":"WT_CURSOR.reset","category":"WT_VERB_API","category_id":0,"verbose_level":"DEBUG_1","verbose_level_id":1,"msg":"CALL: WT_CURSOR:reset"}}}
{"t":{"$date":"2024-06-13T22:11:50.386+08:00"},"s":"D1", "c":"WT",       "id":22430,   "ctx":"conn63","msg":"WiredTiger message","attr":{"message":{"ts_sec":1718287910,"ts_usec":386263,"thread":"16650:0x7f22802ee700","session_dhandle_name":"file:config/index/21-5911260422569287101.wt","session_name":"WT_CURSOR.close","category":"WT_VERB_API","category_id":0,"verbose_level":"DEBUG_1","verbose_level_id":1,"msg":"CALL: WT_CURSOR:close"}}}
{"t":{"$date":"2024-06-13T22:11:50.386+08:00"},"s":"D1", "c":"WT",       "id":22430,   "ctx":"conn63","msg":"WiredTiger message","attr":{"message":{"ts_sec":1718287910,"ts_usec":386291,"thread":"16650:0x7f22802ee700","session_dhandle_name":"file:config/index/21-5911260422569287101.wt","session_name":"WT_CURSOR.reset","category":"WT_VERB_API","category_id":0,"verbose_level":"DEBUG_1","verbose_level_id":1,"msg":"CALL: WT_CURSOR:reset"}}}
{"t":{"$date":"2024-06-13T22:11:50.386+08:00"},"s":"D1", "c":"WT",       "id":22430,   "ctx":"conn63","msg":"WiredTiger message","attr":{"message":{"ts_sec":1718287910,"ts_usec":386324,"thread":"16650:0x7f22802ee700","session_name":"WT_SESSION.reset","category":"WT_VERB_API","category_id":0,"verbose_level":"DEBUG_1","verbose_level_id":1,"msg":"CALL: WT_SESSION:reset"}}}
{"t":{"$date":"2024-06-13T22:11:50.386+08:00"},"s":"I",  "c":"TXN",      "id":51802,   "ctx":"conn63","msg":"transaction","attr":{"parameters":{"lsid":{"id":{"$uuid":"2589503b-2e81-4395-a7a0-a7e740e56844"},"uid":{"$binary":{"base64":"47DEQpj8HBSa+/TImW+5JCeuQeRkm5NMpJWZG3hSuFU=","subType":"0"}}},"txnNumber":0,"txnRetryCounter":0,"autocommit":false,"readConcern":{"level":"snapshot","provenance":"clientSupplied"}},"readTimestamp":"Timestamp(1718287889, 1)","ninserted":1,"keysInserted":1,"terminationCause":"committed","timeActiveMicros":2476,"timeInactiveMicros":15751679,"numYields":0,"locks":{"FeatureCompatibilityVersion":{"acquireCount":{"r":3,"w":4}},"ReplicationStateTransition":{"acquireCount":{"w":9}},"Global":{"acquireCount":{"r":3,"w":4}},"Database":{"acquireCount":{"r":3,"w":5}},"Collection":{"acquireCount":{"r":1,"w":5}},"Mutex":{"acquireCount":{"r":20}}},"storage":{},"wasPrepared":false,"durationMillis":15754}}
{"t":{"$date":"2024-06-13T22:11:50.389+08:00"},"s":"D1", "c":"WT",       "id":22430,   "ctx":"conn63","msg":"WiredTiger message","attr":{"message":{"ts_sec":1718287910,"ts_usec":389090,"thread":"16650:0x7f22802ee700","session_name":"WT_CONNECTION.query_timestamp","category":"WT_VERB_API","category_id":0,"verbose_level":"DEBUG_1","verbose_level_id":1,"msg":"CALL: WT_CONNECTION:query_timestamp"}}}
{"t":{"$date":"2024-06-13T22:11:50.389+08:00"},"s":"D2", "c":"WTTXN",    "id":22430,   "ctx":"conn63","msg":"WiredTiger message","attr":{"message":{"ts_sec":1718287910,"ts_usec":389138,"thread":"16650:0x7f22802ee700","session_name":"WT_CONNECTION.query_timestamp","category":"WT_VERB_TRANSACTION","category_id":39,"verbose_level":"DEBUG_2","verbose_level_id":2,"msg":"__conn_query_timestamp get=last_checkpoint 666afdf300000001"}}}

